<?xml version="1.0" encoding="UTF-8"?>
<!-- Generated by org.testng.reporters.JUnitXMLReporter -->
<testsuite hostname="DESKTOP-GQ3A50B" ignored="0" name="Default test" tests="1" failures="1" timestamp="2020-01-07T16:14:41 IST" time="22.628" errors="0">
  <testcase name="testvalidloginlogout" time="1.213" classname="com.actitime.tests.validloginlogout">
    <failure type="java.lang.StackOverflowError">
      <![CDATA[java.lang.StackOverflowError
at com.actitime.Pages.Loginpage.verifyTitle(Loginpage.java:49)
at com.actitime.Pages.Loginpage.verifyTitle(Loginpage.java:49)
at com.actitime.Pages.Loginpage.verifyTitle(Loginpage.java:49)
at com.actitime.Pages.Loginpage.verifyTitle(Loginpage.java:49)
at com.actitime.Pages.Loginpage.verifyTitle(Loginpage.java:49)
at com.actitime.Pages.Loginpage.verifyTitle(Loginpage.java:49)
at com.actitime.Pages.Loginpage.verifyTitle(Loginpage.java:49)
at com.actitime.Pages.Loginpage.verifyTitle(Loginpage.java:49)
at com.actitime.Pages.Loginpage.verifyTitle(Loginpage.java:49)
at com.actitime.Pages.Loginpage.verifyTitle(Loginpage.java:49)
at com.actitime.Pages.Loginpage.verifyTitle(Loginpage.java:49)
at com.actitime.Pages.Loginpage.verifyTitle(Loginpage.java:49)
at com.actitime.Pages.Loginpage.verifyTitle(Loginpage.java:49)
at com.actitime.Pages.Loginpage.verifyTitle(Loginpage.java:49)
at com.actitime.Pages.Loginpage.verifyTitle(Loginpage.java:49)
at com.actitime.Pages.Loginpage.verifyTitle(Loginpage.java:49)
at com.actitime.Pages.Loginpage.verifyTitle(Loginpage.java:49)
at com.actitime.Pages.Loginpage.verifyTitle(Loginpage.java:49)
at com.actitime.Pages.Loginpage.verifyTitle(Loginpage.java:49)
at com.actitime.Pages.Loginpage.verifyTitle(Loginpage.java:49)
at com.actitime.Pages.Loginpage.verifyTitle(Loginpage.java:49)
at com.actitime.Pages.Loginpage.verifyTitle(Loginpage.java:49)
at com.actitime.Pages.Loginpage.verifyTitle(Loginpage.java:49)
at com.actitime.Pages.Loginpage.verifyTitle(Loginpage.java:49)
at com.actitime.Pages.Loginpage.verifyTitle(Loginpage.java:49)
at com.actitime.Pages.Loginpage.verifyTitle(Loginpage.java:49)
at com.actitime.Pages.Loginpage.verifyTitle(Loginpage.java:49)
at com.actitime.Pages.Loginpage.verifyTitle(Loginpage.java:49)
at com.actitime.Pages.Loginpage.verifyTitle(Loginpage.java:49)
at com.actitime.Pages.Loginpage.verifyTitle(Loginpage.java:49)
at com.actitime.Pages.Loginpage.verifyTitle(Loginpage.java:49)
at com.actitime.Pages.Loginpage.verifyTitle(Loginpage.java:49)
at com.actitime.Pages.Loginpage.verifyTitle(Loginpage.java:49)
at com.actitime.Pages.Loginpage.verifyTitle(Loginpage.java:49)
at com.actitime.Pages.Loginpage.verifyTitle(Loginpage.java:49)
at com.actitime.Pages.Loginpage.verifyTitle(Loginpage.java:49)
at com.actitime.Pages.Loginpage.verifyTitle(Loginpage.java:49)
at com.actitime.Pages.Loginpage.verifyTitle(Loginpage.java:49)
at com.actitime.Pages.Loginpage.verifyTitle(Loginpage.java:49)
at com.actitime.Pages.Loginpage.verifyTitle(Loginpage.java:49)
at com.actitime.Pages.Loginpage.verifyTitle(Loginpage.java:49)
at com.actitime.Pages.Loginpage.verifyTitle(Loginpage.java:49)
at com.actitime.Pages.Loginpage.verifyTitle(Loginpage.java:49)
at com.actitime.Pages.Loginpage.verifyTitle(Loginpage.java:49)
at com.actitime.Pages.Loginpage.verifyTitle(Loginpage.java:49)
at com.actitime.Pages.Loginpage.verifyTitle(Loginpage.java:49)
at com.actitime.Pages.Loginpage.verifyTitle(Loginpage.java:49)
at com.actitime.Pages.Loginpage.verifyTitle(Loginpage.java:49)
at com.actitime.Pages.Loginpage.verifyTitle(Loginpage.java:49)
at com.actitime.Pages.Loginpage.verifyTitle(Loginpage.java:49)
at com.actitime.Pages.Loginpage.verifyTitle(Loginpage.java:49)
at com.actitime.Pages.Loginpage.verifyTitle(Loginpage.java:49)
at com.actitime.Pages.Loginpage.verifyTitle(Loginpage.java:49)
at com.actitime.Pages.Loginpage.verifyTitle(Loginpage.java:49)
at com.actitime.Pages.Loginpage.verifyTitle(Loginpage.java:49)
at com.actitime.Pages.Loginpage.verifyTitle(Loginpage.java:49)
at com.actitime.Pages.Loginpage.verifyTitle(Loginpage.java:49)
at com.actitime.Pages.Loginpage.verifyTitle(Loginpage.java:49)
at com.actitime.Pages.Loginpage.verifyTitle(Loginpage.java:49)
at com.actitime.Pages.Loginpage.verifyTitle(Loginpage.java:49)
at com.actitime.Pages.Loginpage.verifyTitle(Loginpage.java:49)
at com.actitime.Pages.Loginpage.verifyTitle(Loginpage.java:49)
at com.actitime.Pages.Loginpage.verifyTitle(Loginpage.java:49)
at com.actitime.Pages.Loginpage.verifyTitle(Loginpage.java:49)
at com.actitime.Pages.Loginpage.verifyTitle(Loginpage.java:49)
at com.actitime.Pages.Loginpage.verifyTitle(Loginpage.java:49)
at com.actitime.Pages.Loginpage.verifyTitle(Loginpage.java:49)
at com.actitime.Pages.Loginpage.verifyTitle(Loginpage.java:49)
at com.actitime.Pages.Loginpage.verifyTitle(Loginpage.java:49)
at com.actitime.Pages.Loginpage.verifyTitle(Loginpage.java:49)
at com.actitime.Pages.Loginpage.verifyTitle(Loginpage.java:49)
at com.actitime.Pages.Loginpage.verifyTitle(Loginpage.java:49)
at com.actitime.Pages.Loginpage.verifyTitle(Loginpage.java:49)
at com.actitime.Pages.Loginpage.verifyTitle(Loginpage.java:49)
at com.actitime.Pages.Loginpage.verifyTitle(Loginpage.java:49)
at com.actitime.Pages.Loginpage.verifyTitle(Loginpage.java:49)
at com.actitime.Pages.Loginpage.verifyTitle(Loginpage.java:49)
at com.actitime.Pages.Loginpage.verifyTitle(Loginpage.java:49)
at com.actitime.Pages.Loginpage.verifyTitle(Loginpage.java:49)
at com.actitime.Pages.Loginpage.verifyTitle(Loginpage.java:49)
at com.actitime.Pages.Loginpage.verifyTitle(Loginpage.java:49)
at com.actitime.Pages.Loginpage.verifyTitle(Loginpage.java:49)
at com.actitime.Pages.Loginpage.verifyTitle(Loginpage.java:49)
at com.actitime.Pages.Loginpage.verifyTitle(Loginpage.java:49)
at com.actitime.Pages.Loginpage.verifyTitle(Loginpage.java:49)
at com.actitime.Pages.Loginpage.verifyTitle(Loginpage.java:49)
at com.actitime.Pages.Loginpage.verifyTitle(Loginpage.java:49)
at com.actitime.Pages.Loginpage.verifyTitle(Loginpage.java:49)
at com.actitime.Pages.Loginpage.verifyTitle(Loginpage.java:49)
at com.actitime.Pages.Loginpage.verifyTitle(Loginpage.java:49)
at com.actitime.Pages.Loginpage.verifyTitle(Loginpage.java:49)
at com.actitime.Pages.Loginpage.verifyTitle(Loginpage.java:49)
at com.actitime.Pages.Loginpage.verifyTitle(Loginpage.java:49)
at com.actitime.Pages.Loginpage.verifyTitle(Loginpage.java:49)
at com.actitime.Pages.Loginpage.verifyTitle(Loginpage.java:49)
at com.actitime.Pages.Loginpage.verifyTitle(Loginpage.java:49)
at com.actitime.Pages.Loginpage.verifyTitle(Loginpage.java:49)
at com.actitime.Pages.Loginpage.verifyTitle(Loginpage.java:49)
at com.actitime.Pages.Loginpage.verifyTitle(Loginpage.java:49)
at com.actitime.Pages.Loginpage.verifyTitle(Loginpage.java:49)
at com.actitime.Pages.Loginpage.verifyTitle(Loginpage.java:49)
at com.actitime.Pages.Loginpage.verifyTitle(Loginpage.java:49)
at com.actitime.Pages.Loginpage.verifyTitle(Loginpage.java:49)
at com.actitime.Pages.Loginpage.verifyTitle(Loginpage.java:49)
at com.actitime.Pages.Loginpage.verifyTitle(Loginpage.java:49)
at com.actitime.Pages.Loginpage.verifyTitle(Loginpage.java:49)
at com.actitime.Pages.Loginpage.verifyTitle(Loginpage.java:49)
at com.actitime.Pages.Loginpage.verifyTitle(Loginpage.java:49)
at com.actitime.Pages.Loginpage.verifyTitle(Loginpage.java:49)
at com.actitime.Pages.Loginpage.verifyTitle(Loginpage.java:49)
at com.actitime.Pages.Loginpage.verifyTitle(Loginpage.java:49)
at com.actitime.Pages.Loginpage.verifyTitle(Loginpage.java:49)
at com.actitime.Pages.Loginpage.verifyTitle(Loginpage.java:49)
at com.actitime.Pages.Loginpage.verifyTitle(Loginpage.java:49)
at com.actitime.Pages.Loginpage.verifyTitle(Loginpage.java:49)
at com.actitime.Pages.Loginpage.verifyTitle(Loginpage.java:49)
at com.actitime.Pages.Loginpage.verifyTitle(Loginpage.java:49)
at com.actitime.Pages.Loginpage.verifyTitle(Loginpage.java:49)
at com.actitime.Pages.Loginpage.verifyTitle(Loginpage.java:49)
at com.actitime.Pages.Loginpage.verifyTitle(Loginpage.java:49)
at com.actitime.Pages.Loginpage.verifyTitle(Loginpage.java:49)
at com.actitime.Pages.Loginpage.verifyTitle(Loginpage.java:49)
at com.actitime.Pages.Loginpage.verifyTitle(Loginpage.java:49)
at com.actitime.Pages.Loginpage.verifyTitle(Loginpage.java:49)
at com.actitime.Pages.Loginpage.verifyTitle(Loginpage.java:49)
at com.actitime.Pages.Loginpage.verifyTitle(Loginpage.java:49)
at com.actitime.Pages.Loginpage.verifyTitle(Loginpage.java:49)
at com.actitime.Pages.Loginpage.verifyTitle(Loginpage.java:49)
at com.actitime.Pages.Loginpage.verifyTitle(Loginpage.java:49)
at com.actitime.Pages.Loginpage.verifyTitle(Loginpage.java:49)
at com.actitime.Pages.Loginpage.verifyTitle(Loginpage.java:49)
at com.actitime.Pages.Loginpage.verifyTitle(Loginpage.java:49)
at com.actitime.Pages.Loginpage.verifyTitle(Loginpage.java:49)
at com.actitime.Pages.Loginpage.verifyTitle(Loginpage.java:49)
at com.actitime.Pages.Loginpage.verifyTitle(Loginpage.java:49)
at com.actitime.Pages.Loginpage.verifyTitle(Loginpage.java:49)
at com.actitime.Pages.Loginpage.verifyTitle(Loginpage.java:49)
at com.actitime.Pages.Loginpage.verifyTitle(Loginpage.java:49)
at com.actitime.Pages.Loginpage.verifyTitle(Loginpage.java:49)
at com.actitime.Pages.Loginpage.verifyTitle(Loginpage.java:49)
at com.actitime.Pages.Loginpage.verifyTitle(Loginpage.java:49)
at com.actitime.Pages.Loginpage.verifyTitle(Loginpage.java:49)
at com.actitime.Pages.Loginpage.verifyTitle(Loginpage.java:49)
at com.actitime.Pages.Loginpage.verifyTitle(Loginpage.java:49)
at com.actitime.Pages.Loginpage.verifyTitle(Loginpage.java:49)
at com.actitime.Pages.Loginpage.verifyTitle(Loginpage.java:49)
at com.actitime.Pages.Loginpage.verifyTitle(Loginpage.java:49)
at com.actitime.Pages.Loginpage.verifyTitle(Loginpage.java:49)
at com.actitime.Pages.Loginpage.verifyTitle(Loginpage.java:49)
at com.actitime.Pages.Loginpage.verifyTitle(Loginpage.java:49)
at com.actitime.Pages.Loginpage.verifyTitle(Loginpage.java:49)
at com.actitime.Pages.Loginpage.verifyTitle(Loginpage.java:49)
at com.actitime.Pages.Loginpage.verifyTitle(Loginpage.java:49)
at com.actitime.Pages.Loginpage.verifyTitle(Loginpage.java:49)
at com.actitime.Pages.Loginpage.verifyTitle(Loginpage.java:49)
at com.actitime.Pages.Loginpage.verifyTitle(Loginpage.java:49)
at com.actitime.Pages.Loginpage.verifyTitle(Loginpage.java:49)
at com.actitime.Pages.Loginpage.verifyTitle(Loginpage.java:49)
at com.actitime.Pages.Loginpage.verifyTitle(Loginpage.java:49)
at com.actitime.Pages.Loginpage.verifyTitle(Loginpage.java:49)
at com.actitime.Pages.Loginpage.verifyTitle(Loginpage.java:49)
at com.actitime.Pages.Loginpage.verifyTitle(Loginpage.java:49)
at com.actitime.Pages.Loginpage.verifyTitle(Loginpage.java:49)
at com.actitime.Pages.Loginpage.verifyTitle(Loginpage.java:49)
at com.actitime.Pages.Loginpage.verifyTitle(Loginpage.java:49)
at com.actitime.Pages.Loginpage.verifyTitle(Loginpage.java:49)
at com.actitime.Pages.Loginpage.verifyTitle(Loginpage.java:49)
at com.actitime.Pages.Loginpage.verifyTitle(Loginpage.java:49)
at com.actitime.Pages.Loginpage.verifyTitle(Loginpage.java:49)
at com.actitime.Pages.Loginpage.verifyTitle(Loginpage.java:49)
at com.actitime.Pages.Loginpage.verifyTitle(Loginpage.java:49)
at com.actitime.Pages.Loginpage.verifyTitle(Loginpage.java:49)
at com.actitime.Pages.Loginpage.verifyTitle(Loginpage.java:49)
at com.actitime.Pages.Loginpage.verifyTitle(Loginpage.java:49)
at com.actitime.Pages.Loginpage.verifyTitle(Loginpage.java:49)
at com.actitime.Pages.Loginpage.verifyTitle(Loginpage.java:49)
at com.actitime.Pages.Loginpage.verifyTitle(Loginpage.java:49)
at com.actitime.Pages.Loginpage.verifyTitle(Loginpage.java:49)
at com.actitime.Pages.Loginpage.verifyTitle(Loginpage.java:49)
at com.actitime.Pages.Loginpage.verifyTitle(Loginpage.java:49)
at com.actitime.Pages.Loginpage.verifyTitle(Loginpage.java:49)
at com.actitime.Pages.Loginpage.verifyTitle(Loginpage.java:49)
at com.actitime.Pages.Loginpage.verifyTitle(Loginpage.java:49)
at com.actitime.Pages.Loginpage.verifyTitle(Loginpage.java:49)
at com.actitime.Pages.Loginpage.verifyTitle(Loginpage.java:49)
at com.actitime.Pages.Loginpage.verifyTitle(Loginpage.java:49)
at com.actitime.Pages.Loginpage.verifyTitle(Loginpage.java:49)
at com.actitime.Pages.Loginpage.verifyTitle(Loginpage.java:49)
at com.actitime.Pages.Loginpage.verifyTitle(Loginpage.java:49)
at com.actitime.Pages.Loginpage.verifyTitle(Loginpage.java:49)
at com.actitime.Pages.Loginpage.verifyTitle(Loginpage.java:49)
at com.actitime.Pages.Loginpage.verifyTitle(Loginpage.java:49)
at com.actitime.Pages.Loginpage.verifyTitle(Loginpage.java:49)
at com.actitime.Pages.Loginpage.verifyTitle(Loginpage.java:49)
at com.actitime.Pages.Loginpage.verifyTitle(Loginpage.java:49)
at com.actitime.Pages.Loginpage.verifyTitle(Loginpage.java:49)
at com.actitime.Pages.Loginpage.verifyTitle(Loginpage.java:49)
at com.actitime.Pages.Loginpage.verifyTitle(Loginpage.java:49)
at com.actitime.Pages.Loginpage.verifyTitle(Loginpage.java:49)
at com.actitime.Pages.Loginpage.verifyTitle(Loginpage.java:49)
at com.actitime.Pages.Loginpage.verifyTitle(Loginpage.java:49)
at com.actitime.Pages.Loginpage.verifyTitle(Loginpage.java:49)
at com.actitime.Pages.Loginpage.verifyTitle(Loginpage.java:49)
at com.actitime.Pages.Loginpage.verifyTitle(Loginpage.java:49)
at com.actitime.Pages.Loginpage.verifyTitle(Loginpage.java:49)
at com.actitime.Pages.Loginpage.verifyTitle(Loginpage.java:49)
at com.actitime.Pages.Loginpage.verifyTitle(Loginpage.java:49)
at com.actitime.Pages.Loginpage.verifyTitle(Loginpage.java:49)
at com.actitime.Pages.Loginpage.verifyTitle(Loginpage.java:49)
at com.actitime.Pages.Loginpage.verifyTitle(Loginpage.java:49)
at com.actitime.Pages.Loginpage.verifyTitle(Loginpage.java:49)
at com.actitime.Pages.Loginpage.verifyTitle(Loginpage.java:49)
at com.actitime.Pages.Loginpage.verifyTitle(Loginpage.java:49)
at com.actitime.Pages.Loginpage.verifyTitle(Loginpage.java:49)
at com.actitime.Pages.Loginpage.verifyTitle(Loginpage.java:49)
at com.actitime.Pages.Loginpage.verifyTitle(Loginpage.java:49)
at com.actitime.Pages.Loginpage.verifyTitle(Loginpage.java:49)
at com.actitime.Pages.Loginpage.verifyTitle(Loginpage.java:49)
at com.actitime.Pages.Loginpage.verifyTitle(Loginpage.java:49)
at com.actitime.Pages.Loginpage.verifyTitle(Loginpage.java:49)
at com.actitime.Pages.Loginpage.verifyTitle(Loginpage.java:49)
at com.actitime.Pages.Loginpage.verifyTitle(Loginpage.java:49)
at com.actitime.Pages.Loginpage.verifyTitle(Loginpage.java:49)
at com.actitime.Pages.Loginpage.verifyTitle(Loginpage.java:49)
at com.actitime.Pages.Loginpage.verifyTitle(Loginpage.java:49)
at com.actitime.Pages.Loginpage.verifyTitle(Loginpage.java:49)
at com.actitime.Pages.Loginpage.verifyTitle(Loginpage.java:49)
at com.actitime.Pages.Loginpage.verifyTitle(Loginpage.java:49)
at com.actitime.Pages.Loginpage.verifyTitle(Loginpage.java:49)
at com.actitime.Pages.Loginpage.verifyTitle(Loginpage.java:49)
at com.actitime.Pages.Loginpage.verifyTitle(Loginpage.java:49)
at com.actitime.Pages.Loginpage.verifyTitle(Loginpage.java:49)
at com.actitime.Pages.Loginpage.verifyTitle(Loginpage.java:49)
at com.actitime.Pages.Loginpage.verifyTitle(Loginpage.java:49)
at com.actitime.Pages.Loginpage.verifyTitle(Loginpage.java:49)
at com.actitime.Pages.Loginpage.verifyTitle(Loginpage.java:49)
at com.actitime.Pages.Loginpage.verifyTitle(Loginpage.java:49)
at com.actitime.Pages.Loginpage.verifyTitle(Loginpage.java:49)
at com.actitime.Pages.Loginpage.verifyTitle(Loginpage.java:49)
at com.actitime.Pages.Loginpage.verifyTitle(Loginpage.java:49)
at com.actitime.Pages.Loginpage.verifyTitle(Loginpage.java:49)
at com.actitime.Pages.Loginpage.verifyTitle(Loginpage.java:49)
at com.actitime.Pages.Loginpage.verifyTitle(Loginpage.java:49)
at com.actitime.Pages.Loginpage.verifyTitle(Loginpage.java:49)
at com.actitime.Pages.Loginpage.verifyTitle(Loginpage.java:49)
at com.actitime.Pages.Loginpage.verifyTitle(Loginpage.java:49)
at com.actitime.Pages.Loginpage.verifyTitle(Loginpage.java:49)
at com.actitime.Pages.Loginpage.verifyTitle(Loginpage.java:49)
at com.actitime.Pages.Loginpage.verifyTitle(Loginpage.java:49)
at com.actitime.Pages.Loginpage.verifyTitle(Loginpage.java:49)
at com.actitime.Pages.Loginpage.verifyTitle(Loginpage.java:49)
at com.actitime.Pages.Loginpage.verifyTitle(Loginpage.java:49)
at com.actitime.Pages.Loginpage.verifyTitle(Loginpage.java:49)
at com.actitime.Pages.Loginpage.verifyTitle(Loginpage.java:49)
at com.actitime.Pages.Loginpage.verifyTitle(Loginpage.java:49)
at com.actitime.Pages.Loginpage.verifyTitle(Loginpage.java:49)
at com.actitime.Pages.Loginpage.verifyTitle(Loginpage.java:49)
at com.actitime.Pages.Loginpage.verifyTitle(Loginpage.java:49)
at com.actitime.Pages.Loginpage.verifyTitle(Loginpage.java:49)
at com.actitime.Pages.Loginpage.verifyTitle(Loginpage.java:49)
at com.actitime.Pages.Loginpage.verifyTitle(Loginpage.java:49)
at com.actitime.Pages.Loginpage.verifyTitle(Loginpage.java:49)
at com.actitime.Pages.Loginpage.verifyTitle(Loginpage.java:49)
at com.actitime.Pages.Loginpage.verifyTitle(Loginpage.java:49)
at com.actitime.Pages.Loginpage.verifyTitle(Loginpage.java:49)
at com.actitime.Pages.Loginpage.verifyTitle(Loginpage.java:49)
at com.actitime.Pages.Loginpage.verifyTitle(Loginpage.java:49)
at com.actitime.Pages.Loginpage.verifyTitle(Loginpage.java:49)
at com.actitime.Pages.Loginpage.verifyTitle(Loginpage.java:49)
at com.actitime.Pages.Loginpage.verifyTitle(Loginpage.java:49)
at com.actitime.Pages.Loginpage.verifyTitle(Loginpage.java:49)
at com.actitime.Pages.Loginpage.verifyTitle(Loginpage.java:49)
at com.actitime.Pages.Loginpage.verifyTitle(Loginpage.java:49)
at com.actitime.Pages.Loginpage.verifyTitle(Loginpage.java:49)
at com.actitime.Pages.Loginpage.verifyTitle(Loginpage.java:49)
at com.actitime.Pages.Loginpage.verifyTitle(Loginpage.java:49)
at com.actitime.Pages.Loginpage.verifyTitle(Loginpage.java:49)
at com.actitime.Pages.Loginpage.verifyTitle(Loginpage.java:49)
at com.actitime.Pages.Loginpage.verifyTitle(Loginpage.java:49)
at com.actitime.Pages.Loginpage.verifyTitle(Loginpage.java:49)
at com.actitime.Pages.Loginpage.verifyTitle(Loginpage.java:49)
at com.actitime.Pages.Loginpage.verifyTitle(Loginpage.java:49)
at com.actitime.Pages.Loginpage.verifyTitle(Loginpage.java:49)
at com.actitime.Pages.Loginpage.verifyTitle(Loginpage.java:49)
at com.actitime.Pages.Loginpage.verifyTitle(Loginpage.java:49)
at com.actitime.Pages.Loginpage.verifyTitle(Loginpage.java:49)
at com.actitime.Pages.Loginpage.verifyTitle(Loginpage.java:49)
at com.actitime.Pages.Loginpage.verifyTitle(Loginpage.java:49)
at com.actitime.Pages.Loginpage.verifyTitle(Loginpage.java:49)
at com.actitime.Pages.Loginpage.verifyTitle(Loginpage.java:49)
at com.actitime.Pages.Loginpage.verifyTitle(Loginpage.java:49)
at com.actitime.Pages.Loginpage.verifyTitle(Loginpage.java:49)
at com.actitime.Pages.Loginpage.verifyTitle(Loginpage.java:49)
at com.actitime.Pages.Loginpage.verifyTitle(Loginpage.java:49)
at com.actitime.Pages.Loginpage.verifyTitle(Loginpage.java:49)
at com.actitime.Pages.Loginpage.verifyTitle(Loginpage.java:49)
at com.actitime.Pages.Loginpage.verifyTitle(Loginpage.java:49)
at com.actitime.Pages.Loginpage.verifyTitle(Loginpage.java:49)
at com.actitime.Pages.Loginpage.verifyTitle(Loginpage.java:49)
at com.actitime.Pages.Loginpage.verifyTitle(Loginpage.java:49)
at com.actitime.Pages.Loginpage.verifyTitle(Loginpage.java:49)
at com.actitime.Pages.Loginpage.verifyTitle(Loginpage.java:49)
at com.actitime.Pages.Loginpage.verifyTitle(Loginpage.java:49)
at com.actitime.Pages.Loginpage.verifyTitle(Loginpage.java:49)
at com.actitime.Pages.Loginpage.verifyTitle(Loginpage.java:49)
at com.actitime.Pages.Loginpage.verifyTitle(Loginpage.java:49)
at com.actitime.Pages.Loginpage.verifyTitle(Loginpage.java:49)
at com.actitime.Pages.Loginpage.verifyTitle(Loginpage.java:49)
at com.actitime.Pages.Loginpage.verifyTitle(Loginpage.java:49)
at com.actitime.Pages.Loginpage.verifyTitle(Loginpage.java:49)
at com.actitime.Pages.Loginpage.verifyTitle(Loginpage.java:49)
at com.actitime.Pages.Loginpage.verifyTitle(Loginpage.java:49)
at com.actitime.Pages.Loginpage.verifyTitle(Loginpage.java:49)
at com.actitime.Pages.Loginpage.verifyTitle(Loginpage.java:49)
at com.actitime.Pages.Loginpage.verifyTitle(Loginpage.java:49)
at com.actitime.Pages.Loginpage.verifyTitle(Loginpage.java:49)
at com.actitime.Pages.Loginpage.verifyTitle(Loginpage.java:49)
at com.actitime.Pages.Loginpage.verifyTitle(Loginpage.java:49)
at com.actitime.Pages.Loginpage.verifyTitle(Loginpage.java:49)
at com.actitime.Pages.Loginpage.verifyTitle(Loginpage.java:49)
at com.actitime.Pages.Loginpage.verifyTitle(Loginpage.java:49)
at com.actitime.Pages.Loginpage.verifyTitle(Loginpage.java:49)
at com.actitime.Pages.Loginpage.verifyTitle(Loginpage.java:49)
at com.actitime.Pages.Loginpage.verifyTitle(Loginpage.java:49)
at com.actitime.Pages.Loginpage.verifyTitle(Loginpage.java:49)
at com.actitime.Pages.Loginpage.verifyTitle(Loginpage.java:49)
at com.actitime.Pages.Loginpage.verifyTitle(Loginpage.java:49)
at com.actitime.Pages.Loginpage.verifyTitle(Loginpage.java:49)
at com.actitime.Pages.Loginpage.verifyTitle(Loginpage.java:49)
at com.actitime.Pages.Loginpage.verifyTitle(Loginpage.java:49)
at com.actitime.Pages.Loginpage.verifyTitle(Loginpage.java:49)
at com.actitime.Pages.Loginpage.verifyTitle(Loginpage.java:49)
at com.actitime.Pages.Loginpage.verifyTitle(Loginpage.java:49)
at com.actitime.Pages.Loginpage.verifyTitle(Loginpage.java:49)
at com.actitime.Pages.Loginpage.verifyTitle(Loginpage.java:49)
at com.actitime.Pages.Loginpage.verifyTitle(Loginpage.java:49)
at com.actitime.Pages.Loginpage.verifyTitle(Loginpage.java:49)
at com.actitime.Pages.Loginpage.verifyTitle(Loginpage.java:49)
at com.actitime.Pages.Loginpage.verifyTitle(Loginpage.java:49)
at com.actitime.Pages.Loginpage.verifyTitle(Loginpage.java:49)
at com.actitime.Pages.Loginpage.verifyTitle(Loginpage.java:49)
at com.actitime.Pages.Loginpage.verifyTitle(Loginpage.java:49)
at com.actitime.Pages.Loginpage.verifyTitle(Loginpage.java:49)
at com.actitime.Pages.Loginpage.verifyTitle(Loginpage.java:49)
at com.actitime.Pages.Loginpage.verifyTitle(Loginpage.java:49)
at com.actitime.Pages.Loginpage.verifyTitle(Loginpage.java:49)
at com.actitime.Pages.Loginpage.verifyTitle(Loginpage.java:49)
at com.actitime.Pages.Loginpage.verifyTitle(Loginpage.java:49)
at com.actitime.Pages.Loginpage.verifyTitle(Loginpage.java:49)
at com.actitime.Pages.Loginpage.verifyTitle(Loginpage.java:49)
at com.actitime.Pages.Loginpage.verifyTitle(Loginpage.java:49)
at com.actitime.Pages.Loginpage.verifyTitle(Loginpage.java:49)
at com.actitime.Pages.Loginpage.verifyTitle(Loginpage.java:49)
at com.actitime.Pages.Loginpage.verifyTitle(Loginpage.java:49)
at com.actitime.Pages.Loginpage.verifyTitle(Loginpage.java:49)
at com.actitime.Pages.Loginpage.verifyTitle(Loginpage.java:49)
at com.actitime.Pages.Loginpage.verifyTitle(Loginpage.java:49)
at com.actitime.Pages.Loginpage.verifyTitle(Loginpage.java:49)
at com.actitime.Pages.Loginpage.verifyTitle(Loginpage.java:49)
at com.actitime.Pages.Loginpage.verifyTitle(Loginpage.java:49)
at com.actitime.Pages.Loginpage.verifyTitle(Loginpage.java:49)
at com.actitime.Pages.Loginpage.verifyTitle(Loginpage.java:49)
at com.actitime.Pages.Loginpage.verifyTitle(Loginpage.java:49)
at com.actitime.Pages.Loginpage.verifyTitle(Loginpage.java:49)
at com.actitime.Pages.Loginpage.verifyTitle(Loginpage.java:49)
at com.actitime.Pages.Loginpage.verifyTitle(Loginpage.java:49)
at com.actitime.Pages.Loginpage.verifyTitle(Loginpage.java:49)
at com.actitime.Pages.Loginpage.verifyTitle(Loginpage.java:49)
at com.actitime.Pages.Loginpage.verifyTitle(Loginpage.java:49)
at com.actitime.Pages.Loginpage.verifyTitle(Loginpage.java:49)
at com.actitime.Pages.Loginpage.verifyTitle(Loginpage.java:49)
at com.actitime.Pages.Loginpage.verifyTitle(Loginpage.java:49)
at com.actitime.Pages.Loginpage.verifyTitle(Loginpage.java:49)
at com.actitime.Pages.Loginpage.verifyTitle(Loginpage.java:49)
at com.actitime.Pages.Loginpage.verifyTitle(Loginpage.java:49)
at com.actitime.Pages.Loginpage.verifyTitle(Loginpage.java:49)
at com.actitime.Pages.Loginpage.verifyTitle(Loginpage.java:49)
at com.actitime.Pages.Loginpage.verifyTitle(Loginpage.java:49)
at com.actitime.Pages.Loginpage.verifyTitle(Loginpage.java:49)
at com.actitime.Pages.Loginpage.verifyTitle(Loginpage.java:49)
at com.actitime.Pages.Loginpage.verifyTitle(Loginpage.java:49)
at com.actitime.Pages.Loginpage.verifyTitle(Loginpage.java:49)
at com.actitime.Pages.Loginpage.verifyTitle(Loginpage.java:49)
at com.actitime.Pages.Loginpage.verifyTitle(Loginpage.java:49)
at com.actitime.Pages.Loginpage.verifyTitle(Loginpage.java:49)
at com.actitime.Pages.Loginpage.verifyTitle(Loginpage.java:49)
at com.actitime.Pages.Loginpage.verifyTitle(Loginpage.java:49)
at com.actitime.Pages.Loginpage.verifyTitle(Loginpage.java:49)
at com.actitime.Pages.Loginpage.verifyTitle(Loginpage.java:49)
at com.actitime.Pages.Loginpage.verifyTitle(Loginpage.java:49)
at com.actitime.Pages.Loginpage.verifyTitle(Loginpage.java:49)
at com.actitime.Pages.Loginpage.verifyTitle(Loginpage.java:49)
at com.actitime.Pages.Loginpage.verifyTitle(Loginpage.java:49)
at com.actitime.Pages.Loginpage.verifyTitle(Loginpage.java:49)
at com.actitime.Pages.Loginpage.verifyTitle(Loginpage.java:49)
at com.actitime.Pages.Loginpage.verifyTitle(Loginpage.java:49)
at com.actitime.Pages.Loginpage.verifyTitle(Loginpage.java:49)
at com.actitime.Pages.Loginpage.verifyTitle(Loginpage.java:49)
at com.actitime.Pages.Loginpage.verifyTitle(Loginpage.java:49)
at com.actitime.Pages.Loginpage.verifyTitle(Loginpage.java:49)
at com.actitime.Pages.Loginpage.verifyTitle(Loginpage.java:49)
at com.actitime.Pages.Loginpage.verifyTitle(Loginpage.java:49)
at com.actitime.Pages.Loginpage.verifyTitle(Loginpage.java:49)
at com.actitime.Pages.Loginpage.verifyTitle(Loginpage.java:49)
at com.actitime.Pages.Loginpage.verifyTitle(Loginpage.java:49)
at com.actitime.Pages.Loginpage.verifyTitle(Loginpage.java:49)
at com.actitime.Pages.Loginpage.verifyTitle(Loginpage.java:49)
at com.actitime.Pages.Loginpage.verifyTitle(Loginpage.java:49)
at com.actitime.Pages.Loginpage.verifyTitle(Loginpage.java:49)
at com.actitime.Pages.Loginpage.verifyTitle(Loginpage.java:49)
at com.actitime.Pages.Loginpage.verifyTitle(Loginpage.java:49)
at com.actitime.Pages.Loginpage.verifyTitle(Loginpage.java:49)
at com.actitime.Pages.Loginpage.verifyTitle(Loginpage.java:49)
at com.actitime.Pages.Loginpage.verifyTitle(Loginpage.java:49)
at com.actitime.Pages.Loginpage.verifyTitle(Loginpage.java:49)
at com.actitime.Pages.Loginpage.verifyTitle(Loginpage.java:49)
at com.actitime.Pages.Loginpage.verifyTitle(Loginpage.java:49)
at com.actitime.Pages.Loginpage.verifyTitle(Loginpage.java:49)
at com.actitime.Pages.Loginpage.verifyTitle(Loginpage.java:49)
at com.actitime.Pages.Loginpage.verifyTitle(Loginpage.java:49)
at com.actitime.Pages.Loginpage.verifyTitle(Loginpage.java:49)
at com.actitime.Pages.Loginpage.verifyTitle(Loginpage.java:49)
at com.actitime.Pages.Loginpage.verifyTitle(Loginpage.java:49)
at com.actitime.Pages.Loginpage.verifyTitle(Loginpage.java:49)
at com.actitime.Pages.Loginpage.verifyTitle(Loginpage.java:49)
at com.actitime.Pages.Loginpage.verifyTitle(Loginpage.java:49)
at com.actitime.Pages.Loginpage.verifyTitle(Loginpage.java:49)
at com.actitime.Pages.Loginpage.verifyTitle(Loginpage.java:49)
at com.actitime.Pages.Loginpage.verifyTitle(Loginpage.java:49)
at com.actitime.Pages.Loginpage.verifyTitle(Loginpage.java:49)
at com.actitime.Pages.Loginpage.verifyTitle(Loginpage.java:49)
at com.actitime.Pages.Loginpage.verifyTitle(Loginpage.java:49)
at com.actitime.Pages.Loginpage.verifyTitle(Loginpage.java:49)
at com.actitime.Pages.Loginpage.verifyTitle(Loginpage.java:49)
at com.actitime.Pages.Loginpage.verifyTitle(Loginpage.java:49)
at com.actitime.Pages.Loginpage.verifyTitle(Loginpage.java:49)
at com.actitime.Pages.Loginpage.verifyTitle(Loginpage.java:49)
at com.actitime.Pages.Loginpage.verifyTitle(Loginpage.java:49)
at com.actitime.Pages.Loginpage.verifyTitle(Loginpage.java:49)
at com.actitime.Pages.Loginpage.verifyTitle(Loginpage.java:49)
at com.actitime.Pages.Loginpage.verifyTitle(Loginpage.java:49)
at com.actitime.Pages.Loginpage.verifyTitle(Loginpage.java:49)
at com.actitime.Pages.Loginpage.verifyTitle(Loginpage.java:49)
at com.actitime.Pages.Loginpage.verifyTitle(Loginpage.java:49)
at com.actitime.Pages.Loginpage.verifyTitle(Loginpage.java:49)
at com.actitime.Pages.Loginpage.verifyTitle(Loginpage.java:49)
at com.actitime.Pages.Loginpage.verifyTitle(Loginpage.java:49)
at com.actitime.Pages.Loginpage.verifyTitle(Loginpage.java:49)
at com.actitime.Pages.Loginpage.verifyTitle(Loginpage.java:49)
at com.actitime.Pages.Loginpage.verifyTitle(Loginpage.java:49)
at com.actitime.Pages.Loginpage.verifyTitle(Loginpage.java:49)
at com.actitime.Pages.Loginpage.verifyTitle(Loginpage.java:49)
at com.actitime.Pages.Loginpage.verifyTitle(Loginpage.java:49)
at com.actitime.Pages.Loginpage.verifyTitle(Loginpage.java:49)
at com.actitime.Pages.Loginpage.verifyTitle(Loginpage.java:49)
at com.actitime.Pages.Loginpage.verifyTitle(Loginpage.java:49)
at com.actitime.Pages.Loginpage.verifyTitle(Loginpage.java:49)
at com.actitime.Pages.Loginpage.verifyTitle(Loginpage.java:49)
at com.actitime.Pages.Loginpage.verifyTitle(Loginpage.java:49)
at com.actitime.Pages.Loginpage.verifyTitle(Loginpage.java:49)
at com.actitime.Pages.Loginpage.verifyTitle(Loginpage.java:49)
at com.actitime.Pages.Loginpage.verifyTitle(Loginpage.java:49)
at com.actitime.Pages.Loginpage.verifyTitle(Loginpage.java:49)
at com.actitime.Pages.Loginpage.verifyTitle(Loginpage.java:49)
at com.actitime.Pages.Loginpage.verifyTitle(Loginpage.java:49)
at com.actitime.Pages.Loginpage.verifyTitle(Loginpage.java:49)
at com.actitime.Pages.Loginpage.verifyTitle(Loginpage.java:49)
at com.actitime.Pages.Loginpage.verifyTitle(Loginpage.java:49)
at com.actitime.Pages.Loginpage.verifyTitle(Loginpage.java:49)
at com.actitime.Pages.Loginpage.verifyTitle(Loginpage.java:49)
at com.actitime.Pages.Loginpage.verifyTitle(Loginpage.java:49)
at com.actitime.Pages.Loginpage.verifyTitle(Loginpage.java:49)
at com.actitime.Pages.Loginpage.verifyTitle(Loginpage.java:49)
at com.actitime.Pages.Loginpage.verifyTitle(Loginpage.java:49)
at com.actitime.Pages.Loginpage.verifyTitle(Loginpage.java:49)
at com.actitime.Pages.Loginpage.verifyTitle(Loginpage.java:49)
at com.actitime.Pages.Loginpage.verifyTitle(Loginpage.java:49)
at com.actitime.Pages.Loginpage.verifyTitle(Loginpage.java:49)
at com.actitime.Pages.Loginpage.verifyTitle(Loginpage.java:49)
at com.actitime.Pages.Loginpage.verifyTitle(Loginpage.java:49)
at com.actitime.Pages.Loginpage.verifyTitle(Loginpage.java:49)
at com.actitime.Pages.Loginpage.verifyTitle(Loginpage.java:49)
at com.actitime.Pages.Loginpage.verifyTitle(Loginpage.java:49)
at com.actitime.Pages.Loginpage.verifyTitle(Loginpage.java:49)
at com.actitime.Pages.Loginpage.verifyTitle(Loginpage.java:49)
at com.actitime.Pages.Loginpage.verifyTitle(Loginpage.java:49)
at com.actitime.Pages.Loginpage.verifyTitle(Loginpage.java:49)
at com.actitime.Pages.Loginpage.verifyTitle(Loginpage.java:49)
at com.actitime.Pages.Loginpage.verifyTitle(Loginpage.java:49)
at com.actitime.Pages.Loginpage.verifyTitle(Loginpage.java:49)
at com.actitime.Pages.Loginpage.verifyTitle(Loginpage.java:49)
at com.actitime.Pages.Loginpage.verifyTitle(Loginpage.java:49)
at com.actitime.Pages.Loginpage.verifyTitle(Loginpage.java:49)
at com.actitime.Pages.Loginpage.verifyTitle(Loginpage.java:49)
at com.actitime.Pages.Loginpage.verifyTitle(Loginpage.java:49)
at com.actitime.Pages.Loginpage.verifyTitle(Loginpage.java:49)
at com.actitime.Pages.Loginpage.verifyTitle(Loginpage.java:49)
at com.actitime.Pages.Loginpage.verifyTitle(Loginpage.java:49)
at com.actitime.Pages.Loginpage.verifyTitle(Loginpage.java:49)
at com.actitime.Pages.Loginpage.verifyTitle(Loginpage.java:49)
at com.actitime.Pages.Loginpage.verifyTitle(Loginpage.java:49)
at com.actitime.Pages.Loginpage.verifyTitle(Loginpage.java:49)
at com.actitime.Pages.Loginpage.verifyTitle(Loginpage.java:49)
at com.actitime.Pages.Loginpage.verifyTitle(Loginpage.java:49)
at com.actitime.Pages.Loginpage.verifyTitle(Loginpage.java:49)
at com.actitime.Pages.Loginpage.verifyTitle(Loginpage.java:49)
at com.actitime.Pages.Loginpage.verifyTitle(Loginpage.java:49)
at com.actitime.Pages.Loginpage.verifyTitle(Loginpage.java:49)
at com.actitime.Pages.Loginpage.verifyTitle(Loginpage.java:49)
at com.actitime.Pages.Loginpage.verifyTitle(Loginpage.java:49)
at com.actitime.Pages.Loginpage.verifyTitle(Loginpage.java:49)
at com.actitime.Pages.Loginpage.verifyTitle(Loginpage.java:49)
at com.actitime.Pages.Loginpage.verifyTitle(Loginpage.java:49)
at com.actitime.Pages.Loginpage.verifyTitle(Loginpage.java:49)
at com.actitime.Pages.Loginpage.verifyTitle(Loginpage.java:49)
at com.actitime.Pages.Loginpage.verifyTitle(Loginpage.java:49)
at com.actitime.Pages.Loginpage.verifyTitle(Loginpage.java:49)
at com.actitime.Pages.Loginpage.verifyTitle(Loginpage.java:49)
at com.actitime.Pages.Loginpage.verifyTitle(Loginpage.java:49)
at com.actitime.Pages.Loginpage.verifyTitle(Loginpage.java:49)
at com.actitime.Pages.Loginpage.verifyTitle(Loginpage.java:49)
at com.actitime.Pages.Loginpage.verifyTitle(Loginpage.java:49)
at com.actitime.Pages.Loginpage.verifyTitle(Loginpage.java:49)
at com.actitime.Pages.Loginpage.verifyTitle(Loginpage.java:49)
at com.actitime.Pages.Loginpage.verifyTitle(Loginpage.java:49)
at com.actitime.Pages.Loginpage.verifyTitle(Loginpage.java:49)
at com.actitime.Pages.Loginpage.verifyTitle(Loginpage.java:49)
at com.actitime.Pages.Loginpage.verifyTitle(Loginpage.java:49)
at com.actitime.Pages.Loginpage.verifyTitle(Loginpage.java:49)
at com.actitime.Pages.Loginpage.verifyTitle(Loginpage.java:49)
at com.actitime.Pages.Loginpage.verifyTitle(Loginpage.java:49)
at com.actitime.Pages.Loginpage.verifyTitle(Loginpage.java:49)
at com.actitime.Pages.Loginpage.verifyTitle(Loginpage.java:49)
at com.actitime.Pages.Loginpage.verifyTitle(Loginpage.java:49)
at com.actitime.Pages.Loginpage.verifyTitle(Loginpage.java:49)
at com.actitime.Pages.Loginpage.verifyTitle(Loginpage.java:49)
at com.actitime.Pages.Loginpage.verifyTitle(Loginpage.java:49)
at com.actitime.Pages.Loginpage.verifyTitle(Loginpage.java:49)
at com.actitime.Pages.Loginpage.verifyTitle(Loginpage.java:49)
at com.actitime.Pages.Loginpage.verifyTitle(Loginpage.java:49)
at com.actitime.Pages.Loginpage.verifyTitle(Loginpage.java:49)
at com.actitime.Pages.Loginpage.verifyTitle(Loginpage.java:49)
at com.actitime.Pages.Loginpage.verifyTitle(Loginpage.java:49)
at com.actitime.Pages.Loginpage.verifyTitle(Loginpage.java:49)
at com.actitime.Pages.Loginpage.verifyTitle(Loginpage.java:49)
at com.actitime.Pages.Loginpage.verifyTitle(Loginpage.java:49)
at com.actitime.Pages.Loginpage.verifyTitle(Loginpage.java:49)
at com.actitime.Pages.Loginpage.verifyTitle(Loginpage.java:49)
at com.actitime.Pages.Loginpage.verifyTitle(Loginpage.java:49)
at com.actitime.Pages.Loginpage.verifyTitle(Loginpage.java:49)
at com.actitime.Pages.Loginpage.verifyTitle(Loginpage.java:49)
at com.actitime.Pages.Loginpage.verifyTitle(Loginpage.java:49)
at com.actitime.Pages.Loginpage.verifyTitle(Loginpage.java:49)
at com.actitime.Pages.Loginpage.verifyTitle(Loginpage.java:49)
at com.actitime.Pages.Loginpage.verifyTitle(Loginpage.java:49)
at com.actitime.Pages.Loginpage.verifyTitle(Loginpage.java:49)
at com.actitime.Pages.Loginpage.verifyTitle(Loginpage.java:49)
at com.actitime.Pages.Loginpage.verifyTitle(Loginpage.java:49)
at com.actitime.Pages.Loginpage.verifyTitle(Loginpage.java:49)
at com.actitime.Pages.Loginpage.verifyTitle(Loginpage.java:49)
at com.actitime.Pages.Loginpage.verifyTitle(Loginpage.java:49)
at com.actitime.Pages.Loginpage.verifyTitle(Loginpage.java:49)
at com.actitime.Pages.Loginpage.verifyTitle(Loginpage.java:49)
at com.actitime.Pages.Loginpage.verifyTitle(Loginpage.java:49)
at com.actitime.Pages.Loginpage.verifyTitle(Loginpage.java:49)
at com.actitime.Pages.Loginpage.verifyTitle(Loginpage.java:49)
at com.actitime.Pages.Loginpage.verifyTitle(Loginpage.java:49)
at com.actitime.Pages.Loginpage.verifyTitle(Loginpage.java:49)
at com.actitime.Pages.Loginpage.verifyTitle(Loginpage.java:49)
at com.actitime.Pages.Loginpage.verifyTitle(Loginpage.java:49)
at com.actitime.Pages.Loginpage.verifyTitle(Loginpage.java:49)
at com.actitime.Pages.Loginpage.verifyTitle(Loginpage.java:49)
at com.actitime.Pages.Loginpage.verifyTitle(Loginpage.java:49)
at com.actitime.Pages.Loginpage.verifyTitle(Loginpage.java:49)
at com.actitime.Pages.Loginpage.verifyTitle(Loginpage.java:49)
at com.actitime.Pages.Loginpage.verifyTitle(Loginpage.java:49)
at com.actitime.Pages.Loginpage.verifyTitle(Loginpage.java:49)
at com.actitime.Pages.Loginpage.verifyTitle(Loginpage.java:49)
at com.actitime.Pages.Loginpage.verifyTitle(Loginpage.java:49)
at com.actitime.Pages.Loginpage.verifyTitle(Loginpage.java:49)
at com.actitime.Pages.Loginpage.verifyTitle(Loginpage.java:49)
at com.actitime.Pages.Loginpage.verifyTitle(Loginpage.java:49)
at com.actitime.Pages.Loginpage.verifyTitle(Loginpage.java:49)
at com.actitime.Pages.Loginpage.verifyTitle(Loginpage.java:49)
at com.actitime.Pages.Loginpage.verifyTitle(Loginpage.java:49)
at com.actitime.Pages.Loginpage.verifyTitle(Loginpage.java:49)
at com.actitime.Pages.Loginpage.verifyTitle(Loginpage.java:49)
at com.actitime.Pages.Loginpage.verifyTitle(Loginpage.java:49)
at com.actitime.Pages.Loginpage.verifyTitle(Loginpage.java:49)
at com.actitime.Pages.Loginpage.verifyTitle(Loginpage.java:49)
at com.actitime.Pages.Loginpage.verifyTitle(Loginpage.java:49)
at com.actitime.Pages.Loginpage.verifyTitle(Loginpage.java:49)
at com.actitime.Pages.Loginpage.verifyTitle(Loginpage.java:49)
at com.actitime.Pages.Loginpage.verifyTitle(Loginpage.java:49)
at com.actitime.Pages.Loginpage.verifyTitle(Loginpage.java:49)
at com.actitime.Pages.Loginpage.verifyTitle(Loginpage.java:49)
at com.actitime.Pages.Loginpage.verifyTitle(Loginpage.java:49)
at com.actitime.Pages.Loginpage.verifyTitle(Loginpage.java:49)
at com.actitime.Pages.Loginpage.verifyTitle(Loginpage.java:49)
at com.actitime.Pages.Loginpage.verifyTitle(Loginpage.java:49)
at com.actitime.Pages.Loginpage.verifyTitle(Loginpage.java:49)
at com.actitime.Pages.Loginpage.verifyTitle(Loginpage.java:49)
at com.actitime.Pages.Loginpage.verifyTitle(Loginpage.java:49)
at com.actitime.Pages.Loginpage.verifyTitle(Loginpage.java:49)
at com.actitime.Pages.Loginpage.verifyTitle(Loginpage.java:49)
at com.actitime.Pages.Loginpage.verifyTitle(Loginpage.java:49)
at com.actitime.Pages.Loginpage.verifyTitle(Loginpage.java:49)
at com.actitime.Pages.Loginpage.verifyTitle(Loginpage.java:49)
at com.actitime.Pages.Loginpage.verifyTitle(Loginpage.java:49)
at com.actitime.Pages.Loginpage.verifyTitle(Loginpage.java:49)
at com.actitime.Pages.Loginpage.verifyTitle(Loginpage.java:49)
at com.actitime.Pages.Loginpage.verifyTitle(Loginpage.java:49)
at com.actitime.Pages.Loginpage.verifyTitle(Loginpage.java:49)
at com.actitime.Pages.Loginpage.verifyTitle(Loginpage.java:49)
at com.actitime.Pages.Loginpage.verifyTitle(Loginpage.java:49)
at com.actitime.Pages.Loginpage.verifyTitle(Loginpage.java:49)
at com.actitime.Pages.Loginpage.verifyTitle(Loginpage.java:49)
at com.actitime.Pages.Loginpage.verifyTitle(Loginpage.java:49)
at com.actitime.Pages.Loginpage.verifyTitle(Loginpage.java:49)
at com.actitime.Pages.Loginpage.verifyTitle(Loginpage.java:49)
at com.actitime.Pages.Loginpage.verifyTitle(Loginpage.java:49)
at com.actitime.Pages.Loginpage.verifyTitle(Loginpage.java:49)
at com.actitime.Pages.Loginpage.verifyTitle(Loginpage.java:49)
at com.actitime.Pages.Loginpage.verifyTitle(Loginpage.java:49)
at com.actitime.Pages.Loginpage.verifyTitle(Loginpage.java:49)
at com.actitime.Pages.Loginpage.verifyTitle(Loginpage.java:49)
at com.actitime.Pages.Loginpage.verifyTitle(Loginpage.java:49)
at com.actitime.Pages.Loginpage.verifyTitle(Loginpage.java:49)
at com.actitime.Pages.Loginpage.verifyTitle(Loginpage.java:49)
at com.actitime.Pages.Loginpage.verifyTitle(Loginpage.java:49)
at com.actitime.Pages.Loginpage.verifyTitle(Loginpage.java:49)
at com.actitime.Pages.Loginpage.verifyTitle(Loginpage.java:49)
at com.actitime.Pages.Loginpage.verifyTitle(Loginpage.java:49)
at com.actitime.Pages.Loginpage.verifyTitle(Loginpage.java:49)
at com.actitime.Pages.Loginpage.verifyTitle(Loginpage.java:49)
at com.actitime.Pages.Loginpage.verifyTitle(Loginpage.java:49)
at com.actitime.Pages.Loginpage.verifyTitle(Loginpage.java:49)
at com.actitime.Pages.Loginpage.verifyTitle(Loginpage.java:49)
at com.actitime.Pages.Loginpage.verifyTitle(Loginpage.java:49)
at com.actitime.Pages.Loginpage.verifyTitle(Loginpage.java:49)
at com.actitime.Pages.Loginpage.verifyTitle(Loginpage.java:49)
at com.actitime.Pages.Loginpage.verifyTitle(Loginpage.java:49)
at com.actitime.Pages.Loginpage.verifyTitle(Loginpage.java:49)
at com.actitime.Pages.Loginpage.verifyTitle(Loginpage.java:49)
at com.actitime.Pages.Loginpage.verifyTitle(Loginpage.java:49)
at com.actitime.Pages.Loginpage.verifyTitle(Loginpage.java:49)
at com.actitime.Pages.Loginpage.verifyTitle(Loginpage.java:49)
at com.actitime.Pages.Loginpage.verifyTitle(Loginpage.java:49)
at com.actitime.Pages.Loginpage.verifyTitle(Loginpage.java:49)
at com.actitime.Pages.Loginpage.verifyTitle(Loginpage.java:49)
at com.actitime.Pages.Loginpage.verifyTitle(Loginpage.java:49)
at com.actitime.Pages.Loginpage.verifyTitle(Loginpage.java:49)
at com.actitime.Pages.Loginpage.verifyTitle(Loginpage.java:49)
at com.actitime.Pages.Loginpage.verifyTitle(Loginpage.java:49)
at com.actitime.Pages.Loginpage.verifyTitle(Loginpage.java:49)
at com.actitime.Pages.Loginpage.verifyTitle(Loginpage.java:49)
at com.actitime.Pages.Loginpage.verifyTitle(Loginpage.java:49)
at com.actitime.Pages.Loginpage.verifyTitle(Loginpage.java:49)
at com.actitime.Pages.Loginpage.verifyTitle(Loginpage.java:49)
at com.actitime.Pages.Loginpage.verifyTitle(Loginpage.java:49)
at com.actitime.Pages.Loginpage.verifyTitle(Loginpage.java:49)
at com.actitime.Pages.Loginpage.verifyTitle(Loginpage.java:49)
at com.actitime.Pages.Loginpage.verifyTitle(Loginpage.java:49)
at com.actitime.Pages.Loginpage.verifyTitle(Loginpage.java:49)
at com.actitime.Pages.Loginpage.verifyTitle(Loginpage.java:49)
at com.actitime.Pages.Loginpage.verifyTitle(Loginpage.java:49)
at com.actitime.Pages.Loginpage.verifyTitle(Loginpage.java:49)
at com.actitime.Pages.Loginpage.verifyTitle(Loginpage.java:49)
at com.actitime.Pages.Loginpage.verifyTitle(Loginpage.java:49)
at com.actitime.Pages.Loginpage.verifyTitle(Loginpage.java:49)
at com.actitime.Pages.Loginpage.verifyTitle(Loginpage.java:49)
at com.actitime.Pages.Loginpage.verifyTitle(Loginpage.java:49)
at com.actitime.Pages.Loginpage.verifyTitle(Loginpage.java:49)
at com.actitime.Pages.Loginpage.verifyTitle(Loginpage.java:49)
at com.actitime.Pages.Loginpage.verifyTitle(Loginpage.java:49)
at com.actitime.Pages.Loginpage.verifyTitle(Loginpage.java:49)
at com.actitime.Pages.Loginpage.verifyTitle(Loginpage.java:49)
at com.actitime.Pages.Loginpage.verifyTitle(Loginpage.java:49)
at com.actitime.Pages.Loginpage.verifyTitle(Loginpage.java:49)
at com.actitime.Pages.Loginpage.verifyTitle(Loginpage.java:49)
at com.actitime.Pages.Loginpage.verifyTitle(Loginpage.java:49)
at com.actitime.Pages.Loginpage.verifyTitle(Loginpage.java:49)
at com.actitime.Pages.Loginpage.verifyTitle(Loginpage.java:49)
at com.actitime.Pages.Loginpage.verifyTitle(Loginpage.java:49)
at com.actitime.Pages.Loginpage.verifyTitle(Loginpage.java:49)
at com.actitime.Pages.Loginpage.verifyTitle(Loginpage.java:49)
at com.actitime.Pages.Loginpage.verifyTitle(Loginpage.java:49)
at com.actitime.Pages.Loginpage.verifyTitle(Loginpage.java:49)
at com.actitime.Pages.Loginpage.verifyTitle(Loginpage.java:49)
at com.actitime.Pages.Loginpage.verifyTitle(Loginpage.java:49)
at com.actitime.Pages.Loginpage.verifyTitle(Loginpage.java:49)
at com.actitime.Pages.Loginpage.verifyTitle(Loginpage.java:49)
at com.actitime.Pages.Loginpage.verifyTitle(Loginpage.java:49)
at com.actitime.Pages.Loginpage.verifyTitle(Loginpage.java:49)
at com.actitime.Pages.Loginpage.verifyTitle(Loginpage.java:49)
at com.actitime.Pages.Loginpage.verifyTitle(Loginpage.java:49)
at com.actitime.Pages.Loginpage.verifyTitle(Loginpage.java:49)
at com.actitime.Pages.Loginpage.verifyTitle(Loginpage.java:49)
at com.actitime.Pages.Loginpage.verifyTitle(Loginpage.java:49)
at com.actitime.Pages.Loginpage.verifyTitle(Loginpage.java:49)
at com.actitime.Pages.Loginpage.verifyTitle(Loginpage.java:49)
at com.actitime.Pages.Loginpage.verifyTitle(Loginpage.java:49)
at com.actitime.Pages.Loginpage.verifyTitle(Loginpage.java:49)
at com.actitime.Pages.Loginpage.verifyTitle(Loginpage.java:49)
at com.actitime.Pages.Loginpage.verifyTitle(Loginpage.java:49)
at com.actitime.Pages.Loginpage.verifyTitle(Loginpage.java:49)
at com.actitime.Pages.Loginpage.verifyTitle(Loginpage.java:49)
at com.actitime.Pages.Loginpage.verifyTitle(Loginpage.java:49)
at com.actitime.Pages.Loginpage.verifyTitle(Loginpage.java:49)
at com.actitime.Pages.Loginpage.verifyTitle(Loginpage.java:49)
at com.actitime.Pages.Loginpage.verifyTitle(Loginpage.java:49)
at com.actitime.Pages.Loginpage.verifyTitle(Loginpage.java:49)
at com.actitime.Pages.Loginpage.verifyTitle(Loginpage.java:49)
at com.actitime.Pages.Loginpage.verifyTitle(Loginpage.java:49)
at com.actitime.Pages.Loginpage.verifyTitle(Loginpage.java:49)
at com.actitime.Pages.Loginpage.verifyTitle(Loginpage.java:49)
at com.actitime.Pages.Loginpage.verifyTitle(Loginpage.java:49)
at com.actitime.Pages.Loginpage.verifyTitle(Loginpage.java:49)
at com.actitime.Pages.Loginpage.verifyTitle(Loginpage.java:49)
at com.actitime.Pages.Loginpage.verifyTitle(Loginpage.java:49)
at com.actitime.Pages.Loginpage.verifyTitle(Loginpage.java:49)
at com.actitime.Pages.Loginpage.verifyTitle(Loginpage.java:49)
at com.actitime.Pages.Loginpage.verifyTitle(Loginpage.java:49)
at com.actitime.Pages.Loginpage.verifyTitle(Loginpage.java:49)
at com.actitime.Pages.Loginpage.verifyTitle(Loginpage.java:49)
at com.actitime.Pages.Loginpage.verifyTitle(Loginpage.java:49)
at com.actitime.Pages.Loginpage.verifyTitle(Loginpage.java:49)
at com.actitime.Pages.Loginpage.verifyTitle(Loginpage.java:49)
at com.actitime.Pages.Loginpage.verifyTitle(Loginpage.java:49)
at com.actitime.Pages.Loginpage.verifyTitle(Loginpage.java:49)
at com.actitime.Pages.Loginpage.verifyTitle(Loginpage.java:49)
at com.actitime.Pages.Loginpage.verifyTitle(Loginpage.java:49)
at com.actitime.Pages.Loginpage.verifyTitle(Loginpage.java:49)
at com.actitime.Pages.Loginpage.verifyTitle(Loginpage.java:49)
at com.actitime.Pages.Loginpage.verifyTitle(Loginpage.java:49)
at com.actitime.Pages.Loginpage.verifyTitle(Loginpage.java:49)
at com.actitime.Pages.Loginpage.verifyTitle(Loginpage.java:49)
at com.actitime.Pages.Loginpage.verifyTitle(Loginpage.java:49)
at com.actitime.Pages.Loginpage.verifyTitle(Loginpage.java:49)
at com.actitime.Pages.Loginpage.verifyTitle(Loginpage.java:49)
at com.actitime.Pages.Loginpage.verifyTitle(Loginpage.java:49)
at com.actitime.Pages.Loginpage.verifyTitle(Loginpage.java:49)
at com.actitime.Pages.Loginpage.verifyTitle(Loginpage.java:49)
at com.actitime.Pages.Loginpage.verifyTitle(Loginpage.java:49)
at com.actitime.Pages.Loginpage.verifyTitle(Loginpage.java:49)
at com.actitime.Pages.Loginpage.verifyTitle(Loginpage.java:49)
at com.actitime.Pages.Loginpage.verifyTitle(Loginpage.java:49)
at com.actitime.Pages.Loginpage.verifyTitle(Loginpage.java:49)
at com.actitime.Pages.Loginpage.verifyTitle(Loginpage.java:49)
at com.actitime.Pages.Loginpage.verifyTitle(Loginpage.java:49)
at com.actitime.Pages.Loginpage.verifyTitle(Loginpage.java:49)
at com.actitime.Pages.Loginpage.verifyTitle(Loginpage.java:49)
at com.actitime.Pages.Loginpage.verifyTitle(Loginpage.java:49)
at com.actitime.Pages.Loginpage.verifyTitle(Loginpage.java:49)
at com.actitime.Pages.Loginpage.verifyTitle(Loginpage.java:49)
at com.actitime.Pages.Loginpage.verifyTitle(Loginpage.java:49)
at com.actitime.Pages.Loginpage.verifyTitle(Loginpage.java:49)
at com.actitime.Pages.Loginpage.verifyTitle(Loginpage.java:49)
at com.actitime.Pages.Loginpage.verifyTitle(Loginpage.java:49)
at com.actitime.Pages.Loginpage.verifyTitle(Loginpage.java:49)
at com.actitime.Pages.Loginpage.verifyTitle(Loginpage.java:49)
at com.actitime.Pages.Loginpage.verifyTitle(Loginpage.java:49)
at com.actitime.Pages.Loginpage.verifyTitle(Loginpage.java:49)
at com.actitime.Pages.Loginpage.verifyTitle(Loginpage.java:49)
at com.actitime.Pages.Loginpage.verifyTitle(Loginpage.java:49)
at com.actitime.Pages.Loginpage.verifyTitle(Loginpage.java:49)
at com.actitime.Pages.Loginpage.verifyTitle(Loginpage.java:49)
at com.actitime.Pages.Loginpage.verifyTitle(Loginpage.java:49)
at com.actitime.Pages.Loginpage.verifyTitle(Loginpage.java:49)
at com.actitime.Pages.Loginpage.verifyTitle(Loginpage.java:49)
at com.actitime.Pages.Loginpage.verifyTitle(Loginpage.java:49)
at com.actitime.Pages.Loginpage.verifyTitle(Loginpage.java:49)
at com.actitime.Pages.Loginpage.verifyTitle(Loginpage.java:49)
at com.actitime.Pages.Loginpage.verifyTitle(Loginpage.java:49)
at com.actitime.Pages.Loginpage.verifyTitle(Loginpage.java:49)
at com.actitime.Pages.Loginpage.verifyTitle(Loginpage.java:49)
at com.actitime.Pages.Loginpage.verifyTitle(Loginpage.java:49)
at com.actitime.Pages.Loginpage.verifyTitle(Loginpage.java:49)
at com.actitime.Pages.Loginpage.verifyTitle(Loginpage.java:49)
at com.actitime.Pages.Loginpage.verifyTitle(Loginpage.java:49)
at com.actitime.Pages.Loginpage.verifyTitle(Loginpage.java:49)
at com.actitime.Pages.Loginpage.verifyTitle(Loginpage.java:49)
at com.actitime.Pages.Loginpage.verifyTitle(Loginpage.java:49)
at com.actitime.Pages.Loginpage.verifyTitle(Loginpage.java:49)
at com.actitime.Pages.Loginpage.verifyTitle(Loginpage.java:49)
at com.actitime.Pages.Loginpage.verifyTitle(Loginpage.java:49)
at com.actitime.Pages.Loginpage.verifyTitle(Loginpage.java:49)
at com.actitime.Pages.Loginpage.verifyTitle(Loginpage.java:49)
at com.actitime.Pages.Loginpage.verifyTitle(Loginpage.java:49)
at com.actitime.Pages.Loginpage.verifyTitle(Loginpage.java:49)
at com.actitime.Pages.Loginpage.verifyTitle(Loginpage.java:49)
at com.actitime.Pages.Loginpage.verifyTitle(Loginpage.java:49)
at com.actitime.Pages.Loginpage.verifyTitle(Loginpage.java:49)
at com.actitime.Pages.Loginpage.verifyTitle(Loginpage.java:49)
at com.actitime.Pages.Loginpage.verifyTitle(Loginpage.java:49)
at com.actitime.Pages.Loginpage.verifyTitle(Loginpage.java:49)
at com.actitime.Pages.Loginpage.verifyTitle(Loginpage.java:49)
at com.actitime.Pages.Loginpage.verifyTitle(Loginpage.java:49)
at com.actitime.Pages.Loginpage.verifyTitle(Loginpage.java:49)
at com.actitime.Pages.Loginpage.verifyTitle(Loginpage.java:49)
at com.actitime.Pages.Loginpage.verifyTitle(Loginpage.java:49)
at com.actitime.Pages.Loginpage.verifyTitle(Loginpage.java:49)
at com.actitime.Pages.Loginpage.verifyTitle(Loginpage.java:49)
at com.actitime.Pages.Loginpage.verifyTitle(Loginpage.java:49)
at com.actitime.Pages.Loginpage.verifyTitle(Loginpage.java:49)
at com.actitime.Pages.Loginpage.verifyTitle(Loginpage.java:49)
at com.actitime.Pages.Loginpage.verifyTitle(Loginpage.java:49)
at com.actitime.Pages.Loginpage.verifyTitle(Loginpage.java:49)
at com.actitime.Pages.Loginpage.verifyTitle(Loginpage.java:49)
at com.actitime.Pages.Loginpage.verifyTitle(Loginpage.java:49)
at com.actitime.Pages.Loginpage.verifyTitle(Loginpage.java:49)
at com.actitime.Pages.Loginpage.verifyTitle(Loginpage.java:49)
at com.actitime.Pages.Loginpage.verifyTitle(Loginpage.java:49)
at com.actitime.Pages.Loginpage.verifyTitle(Loginpage.java:49)
at com.actitime.Pages.Loginpage.verifyTitle(Loginpage.java:49)
at com.actitime.Pages.Loginpage.verifyTitle(Loginpage.java:49)
at com.actitime.Pages.Loginpage.verifyTitle(Loginpage.java:49)
at com.actitime.Pages.Loginpage.verifyTitle(Loginpage.java:49)
at com.actitime.Pages.Loginpage.verifyTitle(Loginpage.java:49)
at com.actitime.Pages.Loginpage.verifyTitle(Loginpage.java:49)
at com.actitime.Pages.Loginpage.verifyTitle(Loginpage.java:49)
at com.actitime.Pages.Loginpage.verifyTitle(Loginpage.java:49)
at com.actitime.Pages.Loginpage.verifyTitle(Loginpage.java:49)
at com.actitime.Pages.Loginpage.verifyTitle(Loginpage.java:49)
at com.actitime.Pages.Loginpage.verifyTitle(Loginpage.java:49)
at com.actitime.Pages.Loginpage.verifyTitle(Loginpage.java:49)
at com.actitime.Pages.Loginpage.verifyTitle(Loginpage.java:49)
at com.actitime.Pages.Loginpage.verifyTitle(Loginpage.java:49)
at com.actitime.Pages.Loginpage.verifyTitle(Loginpage.java:49)
at com.actitime.Pages.Loginpage.verifyTitle(Loginpage.java:49)
at com.actitime.Pages.Loginpage.verifyTitle(Loginpage.java:49)
at com.actitime.Pages.Loginpage.verifyTitle(Loginpage.java:49)
at com.actitime.Pages.Loginpage.verifyTitle(Loginpage.java:49)
at com.actitime.Pages.Loginpage.verifyTitle(Loginpage.java:49)
at com.actitime.Pages.Loginpage.verifyTitle(Loginpage.java:49)
at com.actitime.Pages.Loginpage.verifyTitle(Loginpage.java:49)
at com.actitime.Pages.Loginpage.verifyTitle(Loginpage.java:49)
at com.actitime.Pages.Loginpage.verifyTitle(Loginpage.java:49)
at com.actitime.Pages.Loginpage.verifyTitle(Loginpage.java:49)
at com.actitime.Pages.Loginpage.verifyTitle(Loginpage.java:49)
at com.actitime.Pages.Loginpage.verifyTitle(Loginpage.java:49)
at com.actitime.Pages.Loginpage.verifyTitle(Loginpage.java:49)
at com.actitime.Pages.Loginpage.verifyTitle(Loginpage.java:49)
at com.actitime.Pages.Loginpage.verifyTitle(Loginpage.java:49)
at com.actitime.Pages.Loginpage.verifyTitle(Loginpage.java:49)
at com.actitime.Pages.Loginpage.verifyTitle(Loginpage.java:49)
at com.actitime.Pages.Loginpage.verifyTitle(Loginpage.java:49)
at com.actitime.Pages.Loginpage.verifyTitle(Loginpage.java:49)
at com.actitime.Pages.Loginpage.verifyTitle(Loginpage.java:49)
at com.actitime.Pages.Loginpage.verifyTitle(Loginpage.java:49)
at com.actitime.Pages.Loginpage.verifyTitle(Loginpage.java:49)
at com.actitime.Pages.Loginpage.verifyTitle(Loginpage.java:49)
at com.actitime.Pages.Loginpage.verifyTitle(Loginpage.java:49)
at com.actitime.Pages.Loginpage.verifyTitle(Loginpage.java:49)
at com.actitime.Pages.Loginpage.verifyTitle(Loginpage.java:49)
at com.actitime.Pages.Loginpage.verifyTitle(Loginpage.java:49)
at com.actitime.Pages.Loginpage.verifyTitle(Loginpage.java:49)
at com.actitime.Pages.Loginpage.verifyTitle(Loginpage.java:49)
at com.actitime.Pages.Loginpage.verifyTitle(Loginpage.java:49)
at com.actitime.Pages.Loginpage.verifyTitle(Loginpage.java:49)
at com.actitime.Pages.Loginpage.verifyTitle(Loginpage.java:49)
at com.actitime.Pages.Loginpage.verifyTitle(Loginpage.java:49)
at com.actitime.Pages.Loginpage.verifyTitle(Loginpage.java:49)
at com.actitime.Pages.Loginpage.verifyTitle(Loginpage.java:49)
at com.actitime.Pages.Loginpage.verifyTitle(Loginpage.java:49)
at com.actitime.Pages.Loginpage.verifyTitle(Loginpage.java:49)
at com.actitime.Pages.Loginpage.verifyTitle(Loginpage.java:49)
at com.actitime.Pages.Loginpage.verifyTitle(Loginpage.java:49)
at com.actitime.Pages.Loginpage.verifyTitle(Loginpage.java:49)
at com.actitime.Pages.Loginpage.verifyTitle(Loginpage.java:49)
at com.actitime.Pages.Loginpage.verifyTitle(Loginpage.java:49)
at com.actitime.Pages.Loginpage.verifyTitle(Loginpage.java:49)
at com.actitime.Pages.Loginpage.verifyTitle(Loginpage.java:49)
at com.actitime.Pages.Loginpage.verifyTitle(Loginpage.java:49)
at com.actitime.Pages.Loginpage.verifyTitle(Loginpage.java:49)
at com.actitime.Pages.Loginpage.verifyTitle(Loginpage.java:49)
at com.actitime.Pages.Loginpage.verifyTitle(Loginpage.java:49)
at com.actitime.Pages.Loginpage.verifyTitle(Loginpage.java:49)
at com.actitime.Pages.Loginpage.verifyTitle(Loginpage.java:49)
at com.actitime.Pages.Loginpage.verifyTitle(Loginpage.java:49)
at com.actitime.Pages.Loginpage.verifyTitle(Loginpage.java:49)
at com.actitime.Pages.Loginpage.verifyTitle(Loginpage.java:49)
at com.actitime.Pages.Loginpage.verifyTitle(Loginpage.java:49)
at com.actitime.Pages.Loginpage.verifyTitle(Loginpage.java:49)
at com.actitime.Pages.Loginpage.verifyTitle(Loginpage.java:49)
at com.actitime.Pages.Loginpage.verifyTitle(Loginpage.java:49)
at com.actitime.Pages.Loginpage.verifyTitle(Loginpage.java:49)
at com.actitime.Pages.Loginpage.verifyTitle(Loginpage.java:49)
at com.actitime.Pages.Loginpage.verifyTitle(Loginpage.java:49)
at com.actitime.Pages.Loginpage.verifyTitle(Loginpage.java:49)
at com.actitime.Pages.Loginpage.verifyTitle(Loginpage.java:49)
at com.actitime.Pages.Loginpage.verifyTitle(Loginpage.java:49)
at com.actitime.Pages.Loginpage.verifyTitle(Loginpage.java:49)
at com.actitime.Pages.Loginpage.verifyTitle(Loginpage.java:49)
at com.actitime.Pages.Loginpage.verifyTitle(Loginpage.java:49)
at com.actitime.Pages.Loginpage.verifyTitle(Loginpage.java:49)
at com.actitime.Pages.Loginpage.verifyTitle(Loginpage.java:49)
at com.actitime.Pages.Loginpage.verifyTitle(Loginpage.java:49)
at com.actitime.Pages.Loginpage.verifyTitle(Loginpage.java:49)
at com.actitime.Pages.Loginpage.verifyTitle(Loginpage.java:49)
at com.actitime.Pages.Loginpage.verifyTitle(Loginpage.java:49)
at com.actitime.Pages.Loginpage.verifyTitle(Loginpage.java:49)
at com.actitime.Pages.Loginpage.verifyTitle(Loginpage.java:49)
at com.actitime.Pages.Loginpage.verifyTitle(Loginpage.java:49)
at com.actitime.Pages.Loginpage.verifyTitle(Loginpage.java:49)
at com.actitime.Pages.Loginpage.verifyTitle(Loginpage.java:49)
at com.actitime.Pages.Loginpage.verifyTitle(Loginpage.java:49)
at com.actitime.Pages.Loginpage.verifyTitle(Loginpage.java:49)
at com.actitime.Pages.Loginpage.verifyTitle(Loginpage.java:49)
at com.actitime.Pages.Loginpage.verifyTitle(Loginpage.java:49)
at com.actitime.Pages.Loginpage.verifyTitle(Loginpage.java:49)
at com.actitime.Pages.Loginpage.verifyTitle(Loginpage.java:49)
at com.actitime.Pages.Loginpage.verifyTitle(Loginpage.java:49)
at com.actitime.Pages.Loginpage.verifyTitle(Loginpage.java:49)
at com.actitime.Pages.Loginpage.verifyTitle(Loginpage.java:49)
at com.actitime.Pages.Loginpage.verifyTitle(Loginpage.java:49)
at com.actitime.Pages.Loginpage.verifyTitle(Loginpage.java:49)
at com.actitime.Pages.Loginpage.verifyTitle(Loginpage.java:49)
at com.actitime.Pages.Loginpage.verifyTitle(Loginpage.java:49)
at com.actitime.Pages.Loginpage.verifyTitle(Loginpage.java:49)
at com.actitime.Pages.Loginpage.verifyTitle(Loginpage.java:49)
at com.actitime.Pages.Loginpage.verifyTitle(Loginpage.java:49)
at com.actitime.Pages.Loginpage.verifyTitle(Loginpage.java:49)
at com.actitime.Pages.Loginpage.verifyTitle(Loginpage.java:49)
at com.actitime.Pages.Loginpage.verifyTitle(Loginpage.java:49)
at com.actitime.Pages.Loginpage.verifyTitle(Loginpage.java:49)
at com.actitime.Pages.Loginpage.verifyTitle(Loginpage.java:49)
at com.actitime.Pages.Loginpage.verifyTitle(Loginpage.java:49)
at com.actitime.Pages.Loginpage.verifyTitle(Loginpage.java:49)
at com.actitime.Pages.Loginpage.verifyTitle(Loginpage.java:49)
at com.actitime.Pages.Loginpage.verifyTitle(Loginpage.java:49)
at com.actitime.Pages.Loginpage.verifyTitle(Loginpage.java:49)
at com.actitime.Pages.Loginpage.verifyTitle(Loginpage.java:49)
at com.actitime.Pages.Loginpage.verifyTitle(Loginpage.java:49)
at com.actitime.Pages.Loginpage.verifyTitle(Loginpage.java:49)
at com.actitime.Pages.Loginpage.verifyTitle(Loginpage.java:49)
at com.actitime.Pages.Loginpage.verifyTitle(Loginpage.java:49)
at com.actitime.Pages.Loginpage.verifyTitle(Loginpage.java:49)
at com.actitime.Pages.Loginpage.verifyTitle(Loginpage.java:49)
at com.actitime.Pages.Loginpage.verifyTitle(Loginpage.java:49)
at com.actitime.Pages.Loginpage.verifyTitle(Loginpage.java:49)
at com.actitime.Pages.Loginpage.verifyTitle(Loginpage.java:49)
at com.actitime.Pages.Loginpage.verifyTitle(Loginpage.java:49)
at com.actitime.Pages.Loginpage.verifyTitle(Loginpage.java:49)
at com.actitime.Pages.Loginpage.verifyTitle(Loginpage.java:49)
at com.actitime.Pages.Loginpage.verifyTitle(Loginpage.java:49)
at com.actitime.Pages.Loginpage.verifyTitle(Loginpage.java:49)
at com.actitime.Pages.Loginpage.verifyTitle(Loginpage.java:49)
at com.actitime.Pages.Loginpage.verifyTitle(Loginpage.java:49)
at com.actitime.Pages.Loginpage.verifyTitle(Loginpage.java:49)
at com.actitime.Pages.Loginpage.verifyTitle(Loginpage.java:49)
at com.actitime.Pages.Loginpage.verifyTitle(Loginpage.java:49)
at com.actitime.Pages.Loginpage.verifyTitle(Loginpage.java:49)
at com.actitime.Pages.Loginpage.verifyTitle(Loginpage.java:49)
at com.actitime.Pages.Loginpage.verifyTitle(Loginpage.java:49)
at com.actitime.Pages.Loginpage.verifyTitle(Loginpage.java:49)
at com.actitime.Pages.Loginpage.verifyTitle(Loginpage.java:49)
at com.actitime.Pages.Loginpage.verifyTitle(Loginpage.java:49)
at com.actitime.Pages.Loginpage.verifyTitle(Loginpage.java:49)
at com.actitime.Pages.Loginpage.verifyTitle(Loginpage.java:49)
at com.actitime.Pages.Loginpage.verifyTitle(Loginpage.java:49)
at com.actitime.Pages.Loginpage.verifyTitle(Loginpage.java:49)
at com.actitime.Pages.Loginpage.verifyTitle(Loginpage.java:49)
at com.actitime.Pages.Loginpage.verifyTitle(Loginpage.java:49)
at com.actitime.Pages.Loginpage.verifyTitle(Loginpage.java:49)
at com.actitime.Pages.Loginpage.verifyTitle(Loginpage.java:49)
at com.actitime.Pages.Loginpage.verifyTitle(Loginpage.java:49)
at com.actitime.Pages.Loginpage.verifyTitle(Loginpage.java:49)
at com.actitime.Pages.Loginpage.verifyTitle(Loginpage.java:49)
at com.actitime.Pages.Loginpage.verifyTitle(Loginpage.java:49)
at com.actitime.Pages.Loginpage.verifyTitle(Loginpage.java:49)
at com.actitime.Pages.Loginpage.verifyTitle(Loginpage.java:49)
at com.actitime.Pages.Loginpage.verifyTitle(Loginpage.java:49)
at com.actitime.Pages.Loginpage.verifyTitle(Loginpage.java:49)
at com.actitime.Pages.Loginpage.verifyTitle(Loginpage.java:49)
at com.actitime.Pages.Loginpage.verifyTitle(Loginpage.java:49)
at com.actitime.Pages.Loginpage.verifyTitle(Loginpage.java:49)
at com.actitime.Pages.Loginpage.verifyTitle(Loginpage.java:49)
at com.actitime.Pages.Loginpage.verifyTitle(Loginpage.java:49)
at com.actitime.Pages.Loginpage.verifyTitle(Loginpage.java:49)
at com.actitime.Pages.Loginpage.verifyTitle(Loginpage.java:49)
at com.actitime.Pages.Loginpage.verifyTitle(Loginpage.java:49)
at com.actitime.Pages.Loginpage.verifyTitle(Loginpage.java:49)
at com.actitime.Pages.Loginpage.verifyTitle(Loginpage.java:49)
at com.actitime.Pages.Loginpage.verifyTitle(Loginpage.java:49)
at com.actitime.Pages.Loginpage.verifyTitle(Loginpage.java:49)
at com.actitime.Pages.Loginpage.verifyTitle(Loginpage.java:49)
at com.actitime.Pages.Loginpage.verifyTitle(Loginpage.java:49)
at com.actitime.Pages.Loginpage.verifyTitle(Loginpage.java:49)
at com.actitime.Pages.Loginpage.verifyTitle(Loginpage.java:49)
at com.actitime.Pages.Loginpage.verifyTitle(Loginpage.java:49)
at com.actitime.Pages.Loginpage.verifyTitle(Loginpage.java:49)
at com.actitime.Pages.Loginpage.verifyTitle(Loginpage.java:49)
at com.actitime.Pages.Loginpage.verifyTitle(Loginpage.java:49)
at com.actitime.Pages.Loginpage.verifyTitle(Loginpage.java:49)
at com.actitime.Pages.Loginpage.verifyTitle(Loginpage.java:49)
at com.actitime.Pages.Loginpage.verifyTitle(Loginpage.java:49)
at com.actitime.Pages.Loginpage.verifyTitle(Loginpage.java:49)
at com.actitime.Pages.Loginpage.verifyTitle(Loginpage.java:49)
at com.actitime.Pages.Loginpage.verifyTitle(Loginpage.java:49)
at com.actitime.Pages.Loginpage.verifyTitle(Loginpage.java:49)
at com.actitime.Pages.Loginpage.verifyTitle(Loginpage.java:49)
at com.actitime.Pages.Loginpage.verifyTitle(Loginpage.java:49)
at com.actitime.Pages.Loginpage.verifyTitle(Loginpage.java:49)
at com.actitime.Pages.Loginpage.verifyTitle(Loginpage.java:49)
at com.actitime.Pages.Loginpage.verifyTitle(Loginpage.java:49)
at com.actitime.Pages.Loginpage.verifyTitle(Loginpage.java:49)
at com.actitime.Pages.Loginpage.verifyTitle(Loginpage.java:49)
at com.actitime.Pages.Loginpage.verifyTitle(Loginpage.java:49)
at com.actitime.Pages.Loginpage.verifyTitle(Loginpage.java:49)
at com.actitime.Pages.Loginpage.verifyTitle(Loginpage.java:49)
at com.actitime.Pages.Loginpage.verifyTitle(Loginpage.java:49)
at com.actitime.Pages.Loginpage.verifyTitle(Loginpage.java:49)
at com.actitime.Pages.Loginpage.verifyTitle(Loginpage.java:49)
at com.actitime.Pages.Loginpage.verifyTitle(Loginpage.java:49)
at com.actitime.Pages.Loginpage.verifyTitle(Loginpage.java:49)
at com.actitime.Pages.Loginpage.verifyTitle(Loginpage.java:49)
at com.actitime.Pages.Loginpage.verifyTitle(Loginpage.java:49)
at com.actitime.Pages.Loginpage.verifyTitle(Loginpage.java:49)
at com.actitime.Pages.Loginpage.verifyTitle(Loginpage.java:49)
at com.actitime.Pages.Loginpage.verifyTitle(Loginpage.java:49)
at com.actitime.Pages.Loginpage.verifyTitle(Loginpage.java:49)
at com.actitime.Pages.Loginpage.verifyTitle(Loginpage.java:49)
at com.actitime.Pages.Loginpage.verifyTitle(Loginpage.java:49)
]]>
    </failure>
  </testcase> <!-- testvalidloginlogout -->
</testsuite> <!-- Default test -->
