<?xml version="1.0" encoding="UTF-8"?>
<!-- Generated by org.testng.reporters.JUnitXMLReporter -->
<testsuite hostname="DESKTOP-GQ3A50B" ignored="0" name="Test" tests="2" failures="2" timestamp="2020-01-08T11:56:49 IST" time="39.031" errors="0">
  <testcase name="testinvalidloginlogout" time="1.054" classname="com.actitime.tests.InvalidloginlogoutTest">
    <failure type="java.lang.StackOverflowError">
      <![CDATA[java.lang.StackOverflowError
at com.actitime.Pages.Loginpage.verifyTitle(Loginpage.java:49)
at com.actitime.Pages.Loginpage.verifyTitle(Loginpage.java:49)
at com.actitime.Pages.Loginpage.verifyTitle(Loginpage.java:49)
at com.actitime.Pages.Loginpage.verifyTitle(Loginpage.java:49)
at com.actitime.Pages.Loginpage.verifyTitle(Loginpage.java:49)
at com.actitime.Pages.Loginpage.verifyTitle(Loginpage.java:49)
at com.actitime.Pages.Loginpage.verifyTitle(Loginpage.java:49)
at com.actitime.Pages.Loginpage.verifyTitle(Loginpage.java:49)
at com.actitime.Pages.Loginpage.verifyTitle(Loginpage.java:49)
at com.actitime.Pages.Loginpage.verifyTitle(Loginpage.java:49)
at com.actitime.Pages.Loginpage.verifyTitle(Loginpage.java:49)
at com.actitime.Pages.Loginpage.verifyTitle(Loginpage.java:49)
at com.actitime.Pages.Loginpage.verifyTitle(Loginpage.java:49)
at com.actitime.Pages.Loginpage.verifyTitle(Loginpage.java:49)
at com.actitime.Pages.Loginpage.verifyTitle(Loginpage.java:49)
at com.actitime.Pages.Loginpage.verifyTitle(Loginpage.java:49)
at com.actitime.Pages.Loginpage.verifyTitle(Loginpage.java:49)
at com.actitime.Pages.Loginpage.verifyTitle(Loginpage.java:49)
at com.actitime.Pages.Loginpage.verifyTitle(Loginpage.java:49)
at com.actitime.Pages.Loginpage.verifyTitle(Loginpage.java:49)
at com.actitime.Pages.Loginpage.verifyTitle(Loginpage.java:49)
at com.actitime.Pages.Loginpage.verifyTitle(Loginpage.java:49)
at com.actitime.Pages.Loginpage.verifyTitle(Loginpage.java:49)
at com.actitime.Pages.Loginpage.verifyTitle(Loginpage.java:49)
at com.actitime.Pages.Loginpage.verifyTitle(Loginpage.java:49)
at com.actitime.Pages.Loginpage.verifyTitle(Loginpage.java:49)
at com.actitime.Pages.Loginpage.verifyTitle(Loginpage.java:49)
at com.actitime.Pages.Loginpage.verifyTitle(Loginpage.java:49)
at com.actitime.Pages.Loginpage.verifyTitle(Loginpage.java:49)
at com.actitime.Pages.Loginpage.verifyTitle(Loginpage.java:49)
at com.actitime.Pages.Loginpage.verifyTitle(Loginpage.java:49)
at com.actitime.Pages.Loginpage.verifyTitle(Loginpage.java:49)
at com.actitime.Pages.Loginpage.verifyTitle(Loginpage.java:49)
at com.actitime.Pages.Loginpage.verifyTitle(Loginpage.java:49)
at com.actitime.Pages.Loginpage.verifyTitle(Loginpage.java:49)
at com.actitime.Pages.Loginpage.verifyTitle(Loginpage.java:49)
at com.actitime.Pages.Loginpage.verifyTitle(Loginpage.java:49)
at com.actitime.Pages.Loginpage.verifyTitle(Loginpage.java:49)
at com.actitime.Pages.Loginpage.verifyTitle(Loginpage.java:49)
at com.actitime.Pages.Loginpage.verifyTitle(Loginpage.java:49)
at com.actitime.Pages.Loginpage.verifyTitle(Loginpage.java:49)
at com.actitime.Pages.Loginpage.verifyTitle(Loginpage.java:49)
at com.actitime.Pages.Loginpage.verifyTitle(Loginpage.java:49)
at com.actitime.Pages.Loginpage.verifyTitle(Loginpage.java:49)
at com.actitime.Pages.Loginpage.verifyTitle(Loginpage.java:49)
at com.actitime.Pages.Loginpage.verifyTitle(Loginpage.java:49)
at com.actitime.Pages.Loginpage.verifyTitle(Loginpage.java:49)
at com.actitime.Pages.Loginpage.verifyTitle(Loginpage.java:49)
at com.actitime.Pages.Loginpage.verifyTitle(Loginpage.java:49)
at com.actitime.Pages.Loginpage.verifyTitle(Loginpage.java:49)
at com.actitime.Pages.Loginpage.verifyTitle(Loginpage.java:49)
at com.actitime.Pages.Loginpage.verifyTitle(Loginpage.java:49)
at com.actitime.Pages.Loginpage.verifyTitle(Loginpage.java:49)
at com.actitime.Pages.Loginpage.verifyTitle(Loginpage.java:49)
at com.actitime.Pages.Loginpage.verifyTitle(Loginpage.java:49)
at com.actitime.Pages.Loginpage.verifyTitle(Loginpage.java:49)
at com.actitime.Pages.Loginpage.verifyTitle(Loginpage.java:49)
at com.actitime.Pages.Loginpage.verifyTitle(Loginpage.java:49)
at com.actitime.Pages.Loginpage.verifyTitle(Loginpage.java:49)
at com.actitime.Pages.Loginpage.verifyTitle(Loginpage.java:49)
at com.actitime.Pages.Loginpage.verifyTitle(Loginpage.java:49)
at com.actitime.Pages.Loginpage.verifyTitle(Loginpage.java:49)
at com.actitime.Pages.Loginpage.verifyTitle(Loginpage.java:49)
at com.actitime.Pages.Loginpage.verifyTitle(Loginpage.java:49)
at com.actitime.Pages.Loginpage.verifyTitle(Loginpage.java:49)
at com.actitime.Pages.Loginpage.verifyTitle(Loginpage.java:49)
at com.actitime.Pages.Loginpage.verifyTitle(Loginpage.java:49)
at com.actitime.Pages.Loginpage.verifyTitle(Loginpage.java:49)
at com.actitime.Pages.Loginpage.verifyTitle(Loginpage.java:49)
at com.actitime.Pages.Loginpage.verifyTitle(Loginpage.java:49)
at com.actitime.Pages.Loginpage.verifyTitle(Loginpage.java:49)
at com.actitime.Pages.Loginpage.verifyTitle(Loginpage.java:49)
at com.actitime.Pages.Loginpage.verifyTitle(Loginpage.java:49)
at com.actitime.Pages.Loginpage.verifyTitle(Loginpage.java:49)
at com.actitime.Pages.Loginpage.verifyTitle(Loginpage.java:49)
at com.actitime.Pages.Loginpage.verifyTitle(Loginpage.java:49)
at com.actitime.Pages.Loginpage.verifyTitle(Loginpage.java:49)
at com.actitime.Pages.Loginpage.verifyTitle(Loginpage.java:49)
at com.actitime.Pages.Loginpage.verifyTitle(Loginpage.java:49)
at com.actitime.Pages.Loginpage.verifyTitle(Loginpage.java:49)
at com.actitime.Pages.Loginpage.verifyTitle(Loginpage.java:49)
at com.actitime.Pages.Loginpage.verifyTitle(Loginpage.java:49)
at com.actitime.Pages.Loginpage.verifyTitle(Loginpage.java:49)
at com.actitime.Pages.Loginpage.verifyTitle(Loginpage.java:49)
at com.actitime.Pages.Loginpage.verifyTitle(Loginpage.java:49)
at com.actitime.Pages.Loginpage.verifyTitle(Loginpage.java:49)
at com.actitime.Pages.Loginpage.verifyTitle(Loginpage.java:49)
at com.actitime.Pages.Loginpage.verifyTitle(Loginpage.java:49)
at com.actitime.Pages.Loginpage.verifyTitle(Loginpage.java:49)
at com.actitime.Pages.Loginpage.verifyTitle(Loginpage.java:49)
at com.actitime.Pages.Loginpage.verifyTitle(Loginpage.java:49)
at com.actitime.Pages.Loginpage.verifyTitle(Loginpage.java:49)
at com.actitime.Pages.Loginpage.verifyTitle(Loginpage.java:49)
at com.actitime.Pages.Loginpage.verifyTitle(Loginpage.java:49)
at com.actitime.Pages.Loginpage.verifyTitle(Loginpage.java:49)
at com.actitime.Pages.Loginpage.verifyTitle(Loginpage.java:49)
at com.actitime.Pages.Loginpage.verifyTitle(Loginpage.java:49)
at com.actitime.Pages.Loginpage.verifyTitle(Loginpage.java:49)
at com.actitime.Pages.Loginpage.verifyTitle(Loginpage.java:49)
at com.actitime.Pages.Loginpage.verifyTitle(Loginpage.java:49)
at com.actitime.Pages.Loginpage.verifyTitle(Loginpage.java:49)
at com.actitime.Pages.Loginpage.verifyTitle(Loginpage.java:49)
at com.actitime.Pages.Loginpage.verifyTitle(Loginpage.java:49)
at com.actitime.Pages.Loginpage.verifyTitle(Loginpage.java:49)
at com.actitime.Pages.Loginpage.verifyTitle(Loginpage.java:49)
at com.actitime.Pages.Loginpage.verifyTitle(Loginpage.java:49)
at com.actitime.Pages.Loginpage.verifyTitle(Loginpage.java:49)
at com.actitime.Pages.Loginpage.verifyTitle(Loginpage.java:49)
at com.actitime.Pages.Loginpage.verifyTitle(Loginpage.java:49)
at com.actitime.Pages.Loginpage.verifyTitle(Loginpage.java:49)
at com.actitime.Pages.Loginpage.verifyTitle(Loginpage.java:49)
at com.actitime.Pages.Loginpage.verifyTitle(Loginpage.java:49)
at com.actitime.Pages.Loginpage.verifyTitle(Loginpage.java:49)
at com.actitime.Pages.Loginpage.verifyTitle(Loginpage.java:49)
at com.actitime.Pages.Loginpage.verifyTitle(Loginpage.java:49)
at com.actitime.Pages.Loginpage.verifyTitle(Loginpage.java:49)
at com.actitime.Pages.Loginpage.verifyTitle(Loginpage.java:49)
at com.actitime.Pages.Loginpage.verifyTitle(Loginpage.java:49)
at com.actitime.Pages.Loginpage.verifyTitle(Loginpage.java:49)
at com.actitime.Pages.Loginpage.verifyTitle(Loginpage.java:49)
at com.actitime.Pages.Loginpage.verifyTitle(Loginpage.java:49)
at com.actitime.Pages.Loginpage.verifyTitle(Loginpage.java:49)
at com.actitime.Pages.Loginpage.verifyTitle(Loginpage.java:49)
at com.actitime.Pages.Loginpage.verifyTitle(Loginpage.java:49)
at com.actitime.Pages.Loginpage.verifyTitle(Loginpage.java:49)
at com.actitime.Pages.Loginpage.verifyTitle(Loginpage.java:49)
at com.actitime.Pages.Loginpage.verifyTitle(Loginpage.java:49)
at com.actitime.Pages.Loginpage.verifyTitle(Loginpage.java:49)
at com.actitime.Pages.Loginpage.verifyTitle(Loginpage.java:49)
at com.actitime.Pages.Loginpage.verifyTitle(Loginpage.java:49)
at com.actitime.Pages.Loginpage.verifyTitle(Loginpage.java:49)
at com.actitime.Pages.Loginpage.verifyTitle(Loginpage.java:49)
at com.actitime.Pages.Loginpage.verifyTitle(Loginpage.java:49)
at com.actitime.Pages.Loginpage.verifyTitle(Loginpage.java:49)
at com.actitime.Pages.Loginpage.verifyTitle(Loginpage.java:49)
at com.actitime.Pages.Loginpage.verifyTitle(Loginpage.java:49)
at com.actitime.Pages.Loginpage.verifyTitle(Loginpage.java:49)
at com.actitime.Pages.Loginpage.verifyTitle(Loginpage.java:49)
at com.actitime.Pages.Loginpage.verifyTitle(Loginpage.java:49)
at com.actitime.Pages.Loginpage.verifyTitle(Loginpage.java:49)
at com.actitime.Pages.Loginpage.verifyTitle(Loginpage.java:49)
at com.actitime.Pages.Loginpage.verifyTitle(Loginpage.java:49)
at com.actitime.Pages.Loginpage.verifyTitle(Loginpage.java:49)
at com.actitime.Pages.Loginpage.verifyTitle(Loginpage.java:49)
at com.actitime.Pages.Loginpage.verifyTitle(Loginpage.java:49)
at com.actitime.Pages.Loginpage.verifyTitle(Loginpage.java:49)
at com.actitime.Pages.Loginpage.verifyTitle(Loginpage.java:49)
at com.actitime.Pages.Loginpage.verifyTitle(Loginpage.java:49)
at com.actitime.Pages.Loginpage.verifyTitle(Loginpage.java:49)
at com.actitime.Pages.Loginpage.verifyTitle(Loginpage.java:49)
at com.actitime.Pages.Loginpage.verifyTitle(Loginpage.java:49)
at com.actitime.Pages.Loginpage.verifyTitle(Loginpage.java:49)
at com.actitime.Pages.Loginpage.verifyTitle(Loginpage.java:49)
at com.actitime.Pages.Loginpage.verifyTitle(Loginpage.java:49)
at com.actitime.Pages.Loginpage.verifyTitle(Loginpage.java:49)
at com.actitime.Pages.Loginpage.verifyTitle(Loginpage.java:49)
at com.actitime.Pages.Loginpage.verifyTitle(Loginpage.java:49)
at com.actitime.Pages.Loginpage.verifyTitle(Loginpage.java:49)
at com.actitime.Pages.Loginpage.verifyTitle(Loginpage.java:49)
at com.actitime.Pages.Loginpage.verifyTitle(Loginpage.java:49)
at com.actitime.Pages.Loginpage.verifyTitle(Loginpage.java:49)
at com.actitime.Pages.Loginpage.verifyTitle(Loginpage.java:49)
at com.actitime.Pages.Loginpage.verifyTitle(Loginpage.java:49)
at com.actitime.Pages.Loginpage.verifyTitle(Loginpage.java:49)
at com.actitime.Pages.Loginpage.verifyTitle(Loginpage.java:49)
at com.actitime.Pages.Loginpage.verifyTitle(Loginpage.java:49)
at com.actitime.Pages.Loginpage.verifyTitle(Loginpage.java:49)
at com.actitime.Pages.Loginpage.verifyTitle(Loginpage.java:49)
at com.actitime.Pages.Loginpage.verifyTitle(Loginpage.java:49)
at com.actitime.Pages.Loginpage.verifyTitle(Loginpage.java:49)
at com.actitime.Pages.Loginpage.verifyTitle(Loginpage.java:49)
at com.actitime.Pages.Loginpage.verifyTitle(Loginpage.java:49)
at com.actitime.Pages.Loginpage.verifyTitle(Loginpage.java:49)
at com.actitime.Pages.Loginpage.verifyTitle(Loginpage.java:49)
at com.actitime.Pages.Loginpage.verifyTitle(Loginpage.java:49)
at com.actitime.Pages.Loginpage.verifyTitle(Loginpage.java:49)
at com.actitime.Pages.Loginpage.verifyTitle(Loginpage.java:49)
at com.actitime.Pages.Loginpage.verifyTitle(Loginpage.java:49)
at com.actitime.Pages.Loginpage.verifyTitle(Loginpage.java:49)
at com.actitime.Pages.Loginpage.verifyTitle(Loginpage.java:49)
at com.actitime.Pages.Loginpage.verifyTitle(Loginpage.java:49)
at com.actitime.Pages.Loginpage.verifyTitle(Loginpage.java:49)
at com.actitime.Pages.Loginpage.verifyTitle(Loginpage.java:49)
at com.actitime.Pages.Loginpage.verifyTitle(Loginpage.java:49)
at com.actitime.Pages.Loginpage.verifyTitle(Loginpage.java:49)
at com.actitime.Pages.Loginpage.verifyTitle(Loginpage.java:49)
at com.actitime.Pages.Loginpage.verifyTitle(Loginpage.java:49)
at com.actitime.Pages.Loginpage.verifyTitle(Loginpage.java:49)
at com.actitime.Pages.Loginpage.verifyTitle(Loginpage.java:49)
at com.actitime.Pages.Loginpage.verifyTitle(Loginpage.java:49)
at com.actitime.Pages.Loginpage.verifyTitle(Loginpage.java:49)
at com.actitime.Pages.Loginpage.verifyTitle(Loginpage.java:49)
at com.actitime.Pages.Loginpage.verifyTitle(Loginpage.java:49)
at com.actitime.Pages.Loginpage.verifyTitle(Loginpage.java:49)
at com.actitime.Pages.Loginpage.verifyTitle(Loginpage.java:49)
at com.actitime.Pages.Loginpage.verifyTitle(Loginpage.java:49)
at com.actitime.Pages.Loginpage.verifyTitle(Loginpage.java:49)
at com.actitime.Pages.Loginpage.verifyTitle(Loginpage.java:49)
at com.actitime.Pages.Loginpage.verifyTitle(Loginpage.java:49)
at com.actitime.Pages.Loginpage.verifyTitle(Loginpage.java:49)
at com.actitime.Pages.Loginpage.verifyTitle(Loginpage.java:49)
at com.actitime.Pages.Loginpage.verifyTitle(Loginpage.java:49)
at com.actitime.Pages.Loginpage.verifyTitle(Loginpage.java:49)
at com.actitime.Pages.Loginpage.verifyTitle(Loginpage.java:49)
at com.actitime.Pages.Loginpage.verifyTitle(Loginpage.java:49)
at com.actitime.Pages.Loginpage.verifyTitle(Loginpage.java:49)
at com.actitime.Pages.Loginpage.verifyTitle(Loginpage.java:49)
at com.actitime.Pages.Loginpage.verifyTitle(Loginpage.java:49)
at com.actitime.Pages.Loginpage.verifyTitle(Loginpage.java:49)
at com.actitime.Pages.Loginpage.verifyTitle(Loginpage.java:49)
at com.actitime.Pages.Loginpage.verifyTitle(Loginpage.java:49)
at com.actitime.Pages.Loginpage.verifyTitle(Loginpage.java:49)
at com.actitime.Pages.Loginpage.verifyTitle(Loginpage.java:49)
at com.actitime.Pages.Loginpage.verifyTitle(Loginpage.java:49)
at com.actitime.Pages.Loginpage.verifyTitle(Loginpage.java:49)
at com.actitime.Pages.Loginpage.verifyTitle(Loginpage.java:49)
at com.actitime.Pages.Loginpage.verifyTitle(Loginpage.java:49)
at com.actitime.Pages.Loginpage.verifyTitle(Loginpage.java:49)
at com.actitime.Pages.Loginpage.verifyTitle(Loginpage.java:49)
at com.actitime.Pages.Loginpage.verifyTitle(Loginpage.java:49)
at com.actitime.Pages.Loginpage.verifyTitle(Loginpage.java:49)
at com.actitime.Pages.Loginpage.verifyTitle(Loginpage.java:49)
at com.actitime.Pages.Loginpage.verifyTitle(Loginpage.java:49)
at com.actitime.Pages.Loginpage.verifyTitle(Loginpage.java:49)
at com.actitime.Pages.Loginpage.verifyTitle(Loginpage.java:49)
at com.actitime.Pages.Loginpage.verifyTitle(Loginpage.java:49)
at com.actitime.Pages.Loginpage.verifyTitle(Loginpage.java:49)
at com.actitime.Pages.Loginpage.verifyTitle(Loginpage.java:49)
at com.actitime.Pages.Loginpage.verifyTitle(Loginpage.java:49)
at com.actitime.Pages.Loginpage.verifyTitle(Loginpage.java:49)
at com.actitime.Pages.Loginpage.verifyTitle(Loginpage.java:49)
at com.actitime.Pages.Loginpage.verifyTitle(Loginpage.java:49)
at com.actitime.Pages.Loginpage.verifyTitle(Loginpage.java:49)
at com.actitime.Pages.Loginpage.verifyTitle(Loginpage.java:49)
at com.actitime.Pages.Loginpage.verifyTitle(Loginpage.java:49)
at com.actitime.Pages.Loginpage.verifyTitle(Loginpage.java:49)
at com.actitime.Pages.Loginpage.verifyTitle(Loginpage.java:49)
at com.actitime.Pages.Loginpage.verifyTitle(Loginpage.java:49)
at com.actitime.Pages.Loginpage.verifyTitle(Loginpage.java:49)
at com.actitime.Pages.Loginpage.verifyTitle(Loginpage.java:49)
at com.actitime.Pages.Loginpage.verifyTitle(Loginpage.java:49)
at com.actitime.Pages.Loginpage.verifyTitle(Loginpage.java:49)
at com.actitime.Pages.Loginpage.verifyTitle(Loginpage.java:49)
at com.actitime.Pages.Loginpage.verifyTitle(Loginpage.java:49)
at com.actitime.Pages.Loginpage.verifyTitle(Loginpage.java:49)
at com.actitime.Pages.Loginpage.verifyTitle(Loginpage.java:49)
at com.actitime.Pages.Loginpage.verifyTitle(Loginpage.java:49)
at com.actitime.Pages.Loginpage.verifyTitle(Loginpage.java:49)
at com.actitime.Pages.Loginpage.verifyTitle(Loginpage.java:49)
at com.actitime.Pages.Loginpage.verifyTitle(Loginpage.java:49)
at com.actitime.Pages.Loginpage.verifyTitle(Loginpage.java:49)
at com.actitime.Pages.Loginpage.verifyTitle(Loginpage.java:49)
at com.actitime.Pages.Loginpage.verifyTitle(Loginpage.java:49)
at com.actitime.Pages.Loginpage.verifyTitle(Loginpage.java:49)
at com.actitime.Pages.Loginpage.verifyTitle(Loginpage.java:49)
at com.actitime.Pages.Loginpage.verifyTitle(Loginpage.java:49)
at com.actitime.Pages.Loginpage.verifyTitle(Loginpage.java:49)
at com.actitime.Pages.Loginpage.verifyTitle(Loginpage.java:49)
at com.actitime.Pages.Loginpage.verifyTitle(Loginpage.java:49)
at com.actitime.Pages.Loginpage.verifyTitle(Loginpage.java:49)
at com.actitime.Pages.Loginpage.verifyTitle(Loginpage.java:49)
at com.actitime.Pages.Loginpage.verifyTitle(Loginpage.java:49)
at com.actitime.Pages.Loginpage.verifyTitle(Loginpage.java:49)
at com.actitime.Pages.Loginpage.verifyTitle(Loginpage.java:49)
at com.actitime.Pages.Loginpage.verifyTitle(Loginpage.java:49)
at com.actitime.Pages.Loginpage.verifyTitle(Loginpage.java:49)
at com.actitime.Pages.Loginpage.verifyTitle(Loginpage.java:49)
at com.actitime.Pages.Loginpage.verifyTitle(Loginpage.java:49)
at com.actitime.Pages.Loginpage.verifyTitle(Loginpage.java:49)
at com.actitime.Pages.Loginpage.verifyTitle(Loginpage.java:49)
at com.actitime.Pages.Loginpage.verifyTitle(Loginpage.java:49)
at com.actitime.Pages.Loginpage.verifyTitle(Loginpage.java:49)
at com.actitime.Pages.Loginpage.verifyTitle(Loginpage.java:49)
at com.actitime.Pages.Loginpage.verifyTitle(Loginpage.java:49)
at com.actitime.Pages.Loginpage.verifyTitle(Loginpage.java:49)
at com.actitime.Pages.Loginpage.verifyTitle(Loginpage.java:49)
at com.actitime.Pages.Loginpage.verifyTitle(Loginpage.java:49)
at com.actitime.Pages.Loginpage.verifyTitle(Loginpage.java:49)
at com.actitime.Pages.Loginpage.verifyTitle(Loginpage.java:49)
at com.actitime.Pages.Loginpage.verifyTitle(Loginpage.java:49)
at com.actitime.Pages.Loginpage.verifyTitle(Loginpage.java:49)
at com.actitime.Pages.Loginpage.verifyTitle(Loginpage.java:49)
at com.actitime.Pages.Loginpage.verifyTitle(Loginpage.java:49)
at com.actitime.Pages.Loginpage.verifyTitle(Loginpage.java:49)
at com.actitime.Pages.Loginpage.verifyTitle(Loginpage.java:49)
at com.actitime.Pages.Loginpage.verifyTitle(Loginpage.java:49)
at com.actitime.Pages.Loginpage.verifyTitle(Loginpage.java:49)
at com.actitime.Pages.Loginpage.verifyTitle(Loginpage.java:49)
at com.actitime.Pages.Loginpage.verifyTitle(Loginpage.java:49)
at com.actitime.Pages.Loginpage.verifyTitle(Loginpage.java:49)
at com.actitime.Pages.Loginpage.verifyTitle(Loginpage.java:49)
at com.actitime.Pages.Loginpage.verifyTitle(Loginpage.java:49)
at com.actitime.Pages.Loginpage.verifyTitle(Loginpage.java:49)
at com.actitime.Pages.Loginpage.verifyTitle(Loginpage.java:49)
at com.actitime.Pages.Loginpage.verifyTitle(Loginpage.java:49)
at com.actitime.Pages.Loginpage.verifyTitle(Loginpage.java:49)
at com.actitime.Pages.Loginpage.verifyTitle(Loginpage.java:49)
at com.actitime.Pages.Loginpage.verifyTitle(Loginpage.java:49)
at com.actitime.Pages.Loginpage.verifyTitle(Loginpage.java:49)
at com.actitime.Pages.Loginpage.verifyTitle(Loginpage.java:49)
at com.actitime.Pages.Loginpage.verifyTitle(Loginpage.java:49)
at com.actitime.Pages.Loginpage.verifyTitle(Loginpage.java:49)
at com.actitime.Pages.Loginpage.verifyTitle(Loginpage.java:49)
at com.actitime.Pages.Loginpage.verifyTitle(Loginpage.java:49)
at com.actitime.Pages.Loginpage.verifyTitle(Loginpage.java:49)
at com.actitime.Pages.Loginpage.verifyTitle(Loginpage.java:49)
at com.actitime.Pages.Loginpage.verifyTitle(Loginpage.java:49)
at com.actitime.Pages.Loginpage.verifyTitle(Loginpage.java:49)
at com.actitime.Pages.Loginpage.verifyTitle(Loginpage.java:49)
at com.actitime.Pages.Loginpage.verifyTitle(Loginpage.java:49)
at com.actitime.Pages.Loginpage.verifyTitle(Loginpage.java:49)
at com.actitime.Pages.Loginpage.verifyTitle(Loginpage.java:49)
at com.actitime.Pages.Loginpage.verifyTitle(Loginpage.java:49)
at com.actitime.Pages.Loginpage.verifyTitle(Loginpage.java:49)
at com.actitime.Pages.Loginpage.verifyTitle(Loginpage.java:49)
at com.actitime.Pages.Loginpage.verifyTitle(Loginpage.java:49)
at com.actitime.Pages.Loginpage.verifyTitle(Loginpage.java:49)
at com.actitime.Pages.Loginpage.verifyTitle(Loginpage.java:49)
at com.actitime.Pages.Loginpage.verifyTitle(Loginpage.java:49)
at com.actitime.Pages.Loginpage.verifyTitle(Loginpage.java:49)
at com.actitime.Pages.Loginpage.verifyTitle(Loginpage.java:49)
at com.actitime.Pages.Loginpage.verifyTitle(Loginpage.java:49)
at com.actitime.Pages.Loginpage.verifyTitle(Loginpage.java:49)
at com.actitime.Pages.Loginpage.verifyTitle(Loginpage.java:49)
at com.actitime.Pages.Loginpage.verifyTitle(Loginpage.java:49)
at com.actitime.Pages.Loginpage.verifyTitle(Loginpage.java:49)
at com.actitime.Pages.Loginpage.verifyTitle(Loginpage.java:49)
at com.actitime.Pages.Loginpage.verifyTitle(Loginpage.java:49)
at com.actitime.Pages.Loginpage.verifyTitle(Loginpage.java:49)
at com.actitime.Pages.Loginpage.verifyTitle(Loginpage.java:49)
at com.actitime.Pages.Loginpage.verifyTitle(Loginpage.java:49)
at com.actitime.Pages.Loginpage.verifyTitle(Loginpage.java:49)
at com.actitime.Pages.Loginpage.verifyTitle(Loginpage.java:49)
at com.actitime.Pages.Loginpage.verifyTitle(Loginpage.java:49)
at com.actitime.Pages.Loginpage.verifyTitle(Loginpage.java:49)
at com.actitime.Pages.Loginpage.verifyTitle(Loginpage.java:49)
at com.actitime.Pages.Loginpage.verifyTitle(Loginpage.java:49)
at com.actitime.Pages.Loginpage.verifyTitle(Loginpage.java:49)
at com.actitime.Pages.Loginpage.verifyTitle(Loginpage.java:49)
at com.actitime.Pages.Loginpage.verifyTitle(Loginpage.java:49)
at com.actitime.Pages.Loginpage.verifyTitle(Loginpage.java:49)
at com.actitime.Pages.Loginpage.verifyTitle(Loginpage.java:49)
at com.actitime.Pages.Loginpage.verifyTitle(Loginpage.java:49)
at com.actitime.Pages.Loginpage.verifyTitle(Loginpage.java:49)
at com.actitime.Pages.Loginpage.verifyTitle(Loginpage.java:49)
at com.actitime.Pages.Loginpage.verifyTitle(Loginpage.java:49)
at com.actitime.Pages.Loginpage.verifyTitle(Loginpage.java:49)
at com.actitime.Pages.Loginpage.verifyTitle(Loginpage.java:49)
at com.actitime.Pages.Loginpage.verifyTitle(Loginpage.java:49)
at com.actitime.Pages.Loginpage.verifyTitle(Loginpage.java:49)
at com.actitime.Pages.Loginpage.verifyTitle(Loginpage.java:49)
at com.actitime.Pages.Loginpage.verifyTitle(Loginpage.java:49)
at com.actitime.Pages.Loginpage.verifyTitle(Loginpage.java:49)
at com.actitime.Pages.Loginpage.verifyTitle(Loginpage.java:49)
at com.actitime.Pages.Loginpage.verifyTitle(Loginpage.java:49)
at com.actitime.Pages.Loginpage.verifyTitle(Loginpage.java:49)
at com.actitime.Pages.Loginpage.verifyTitle(Loginpage.java:49)
at com.actitime.Pages.Loginpage.verifyTitle(Loginpage.java:49)
at com.actitime.Pages.Loginpage.verifyTitle(Loginpage.java:49)
at com.actitime.Pages.Loginpage.verifyTitle(Loginpage.java:49)
at com.actitime.Pages.Loginpage.verifyTitle(Loginpage.java:49)
at com.actitime.Pages.Loginpage.verifyTitle(Loginpage.java:49)
at com.actitime.Pages.Loginpage.verifyTitle(Loginpage.java:49)
at com.actitime.Pages.Loginpage.verifyTitle(Loginpage.java:49)
at com.actitime.Pages.Loginpage.verifyTitle(Loginpage.java:49)
at com.actitime.Pages.Loginpage.verifyTitle(Loginpage.java:49)
at com.actitime.Pages.Loginpage.verifyTitle(Loginpage.java:49)
at com.actitime.Pages.Loginpage.verifyTitle(Loginpage.java:49)
at com.actitime.Pages.Loginpage.verifyTitle(Loginpage.java:49)
at com.actitime.Pages.Loginpage.verifyTitle(Loginpage.java:49)
at com.actitime.Pages.Loginpage.verifyTitle(Loginpage.java:49)
at com.actitime.Pages.Loginpage.verifyTitle(Loginpage.java:49)
at com.actitime.Pages.Loginpage.verifyTitle(Loginpage.java:49)
at com.actitime.Pages.Loginpage.verifyTitle(Loginpage.java:49)
at com.actitime.Pages.Loginpage.verifyTitle(Loginpage.java:49)
at com.actitime.Pages.Loginpage.verifyTitle(Loginpage.java:49)
at com.actitime.Pages.Loginpage.verifyTitle(Loginpage.java:49)
at com.actitime.Pages.Loginpage.verifyTitle(Loginpage.java:49)
at com.actitime.Pages.Loginpage.verifyTitle(Loginpage.java:49)
at com.actitime.Pages.Loginpage.verifyTitle(Loginpage.java:49)
at com.actitime.Pages.Loginpage.verifyTitle(Loginpage.java:49)
at com.actitime.Pages.Loginpage.verifyTitle(Loginpage.java:49)
at com.actitime.Pages.Loginpage.verifyTitle(Loginpage.java:49)
at com.actitime.Pages.Loginpage.verifyTitle(Loginpage.java:49)
at com.actitime.Pages.Loginpage.verifyTitle(Loginpage.java:49)
at com.actitime.Pages.Loginpage.verifyTitle(Loginpage.java:49)
at com.actitime.Pages.Loginpage.verifyTitle(Loginpage.java:49)
at com.actitime.Pages.Loginpage.verifyTitle(Loginpage.java:49)
at com.actitime.Pages.Loginpage.verifyTitle(Loginpage.java:49)
at com.actitime.Pages.Loginpage.verifyTitle(Loginpage.java:49)
at com.actitime.Pages.Loginpage.verifyTitle(Loginpage.java:49)
at com.actitime.Pages.Loginpage.verifyTitle(Loginpage.java:49)
at com.actitime.Pages.Loginpage.verifyTitle(Loginpage.java:49)
at com.actitime.Pages.Loginpage.verifyTitle(Loginpage.java:49)
at com.actitime.Pages.Loginpage.verifyTitle(Loginpage.java:49)
at com.actitime.Pages.Loginpage.verifyTitle(Loginpage.java:49)
at com.actitime.Pages.Loginpage.verifyTitle(Loginpage.java:49)
at com.actitime.Pages.Loginpage.verifyTitle(Loginpage.java:49)
at com.actitime.Pages.Loginpage.verifyTitle(Loginpage.java:49)
at com.actitime.Pages.Loginpage.verifyTitle(Loginpage.java:49)
at com.actitime.Pages.Loginpage.verifyTitle(Loginpage.java:49)
at com.actitime.Pages.Loginpage.verifyTitle(Loginpage.java:49)
at com.actitime.Pages.Loginpage.verifyTitle(Loginpage.java:49)
at com.actitime.Pages.Loginpage.verifyTitle(Loginpage.java:49)
at com.actitime.Pages.Loginpage.verifyTitle(Loginpage.java:49)
at com.actitime.Pages.Loginpage.verifyTitle(Loginpage.java:49)
at com.actitime.Pages.Loginpage.verifyTitle(Loginpage.java:49)
at com.actitime.Pages.Loginpage.verifyTitle(Loginpage.java:49)
at com.actitime.Pages.Loginpage.verifyTitle(Loginpage.java:49)
at com.actitime.Pages.Loginpage.verifyTitle(Loginpage.java:49)
at com.actitime.Pages.Loginpage.verifyTitle(Loginpage.java:49)
at com.actitime.Pages.Loginpage.verifyTitle(Loginpage.java:49)
at com.actitime.Pages.Loginpage.verifyTitle(Loginpage.java:49)
at com.actitime.Pages.Loginpage.verifyTitle(Loginpage.java:49)
at com.actitime.Pages.Loginpage.verifyTitle(Loginpage.java:49)
at com.actitime.Pages.Loginpage.verifyTitle(Loginpage.java:49)
at com.actitime.Pages.Loginpage.verifyTitle(Loginpage.java:49)
at com.actitime.Pages.Loginpage.verifyTitle(Loginpage.java:49)
at com.actitime.Pages.Loginpage.verifyTitle(Loginpage.java:49)
at com.actitime.Pages.Loginpage.verifyTitle(Loginpage.java:49)
at com.actitime.Pages.Loginpage.verifyTitle(Loginpage.java:49)
at com.actitime.Pages.Loginpage.verifyTitle(Loginpage.java:49)
at com.actitime.Pages.Loginpage.verifyTitle(Loginpage.java:49)
at com.actitime.Pages.Loginpage.verifyTitle(Loginpage.java:49)
at com.actitime.Pages.Loginpage.verifyTitle(Loginpage.java:49)
at com.actitime.Pages.Loginpage.verifyTitle(Loginpage.java:49)
at com.actitime.Pages.Loginpage.verifyTitle(Loginpage.java:49)
at com.actitime.Pages.Loginpage.verifyTitle(Loginpage.java:49)
at com.actitime.Pages.Loginpage.verifyTitle(Loginpage.java:49)
at com.actitime.Pages.Loginpage.verifyTitle(Loginpage.java:49)
at com.actitime.Pages.Loginpage.verifyTitle(Loginpage.java:49)
at com.actitime.Pages.Loginpage.verifyTitle(Loginpage.java:49)
at com.actitime.Pages.Loginpage.verifyTitle(Loginpage.java:49)
at com.actitime.Pages.Loginpage.verifyTitle(Loginpage.java:49)
at com.actitime.Pages.Loginpage.verifyTitle(Loginpage.java:49)
at com.actitime.Pages.Loginpage.verifyTitle(Loginpage.java:49)
at com.actitime.Pages.Loginpage.verifyTitle(Loginpage.java:49)
at com.actitime.Pages.Loginpage.verifyTitle(Loginpage.java:49)
at com.actitime.Pages.Loginpage.verifyTitle(Loginpage.java:49)
at com.actitime.Pages.Loginpage.verifyTitle(Loginpage.java:49)
at com.actitime.Pages.Loginpage.verifyTitle(Loginpage.java:49)
at com.actitime.Pages.Loginpage.verifyTitle(Loginpage.java:49)
at com.actitime.Pages.Loginpage.verifyTitle(Loginpage.java:49)
at com.actitime.Pages.Loginpage.verifyTitle(Loginpage.java:49)
at com.actitime.Pages.Loginpage.verifyTitle(Loginpage.java:49)
at com.actitime.Pages.Loginpage.verifyTitle(Loginpage.java:49)
at com.actitime.Pages.Loginpage.verifyTitle(Loginpage.java:49)
at com.actitime.Pages.Loginpage.verifyTitle(Loginpage.java:49)
at com.actitime.Pages.Loginpage.verifyTitle(Loginpage.java:49)
at com.actitime.Pages.Loginpage.verifyTitle(Loginpage.java:49)
at com.actitime.Pages.Loginpage.verifyTitle(Loginpage.java:49)
at com.actitime.Pages.Loginpage.verifyTitle(Loginpage.java:49)
at com.actitime.Pages.Loginpage.verifyTitle(Loginpage.java:49)
at com.actitime.Pages.Loginpage.verifyTitle(Loginpage.java:49)
at com.actitime.Pages.Loginpage.verifyTitle(Loginpage.java:49)
at com.actitime.Pages.Loginpage.verifyTitle(Loginpage.java:49)
at com.actitime.Pages.Loginpage.verifyTitle(Loginpage.java:49)
at com.actitime.Pages.Loginpage.verifyTitle(Loginpage.java:49)
at com.actitime.Pages.Loginpage.verifyTitle(Loginpage.java:49)
at com.actitime.Pages.Loginpage.verifyTitle(Loginpage.java:49)
at com.actitime.Pages.Loginpage.verifyTitle(Loginpage.java:49)
at com.actitime.Pages.Loginpage.verifyTitle(Loginpage.java:49)
at com.actitime.Pages.Loginpage.verifyTitle(Loginpage.java:49)
at com.actitime.Pages.Loginpage.verifyTitle(Loginpage.java:49)
at com.actitime.Pages.Loginpage.verifyTitle(Loginpage.java:49)
at com.actitime.Pages.Loginpage.verifyTitle(Loginpage.java:49)
at com.actitime.Pages.Loginpage.verifyTitle(Loginpage.java:49)
at com.actitime.Pages.Loginpage.verifyTitle(Loginpage.java:49)
at com.actitime.Pages.Loginpage.verifyTitle(Loginpage.java:49)
at com.actitime.Pages.Loginpage.verifyTitle(Loginpage.java:49)
at com.actitime.Pages.Loginpage.verifyTitle(Loginpage.java:49)
at com.actitime.Pages.Loginpage.verifyTitle(Loginpage.java:49)
at com.actitime.Pages.Loginpage.verifyTitle(Loginpage.java:49)
at com.actitime.Pages.Loginpage.verifyTitle(Loginpage.java:49)
at com.actitime.Pages.Loginpage.verifyTitle(Loginpage.java:49)
at com.actitime.Pages.Loginpage.verifyTitle(Loginpage.java:49)
at com.actitime.Pages.Loginpage.verifyTitle(Loginpage.java:49)
at com.actitime.Pages.Loginpage.verifyTitle(Loginpage.java:49)
at com.actitime.Pages.Loginpage.verifyTitle(Loginpage.java:49)
at com.actitime.Pages.Loginpage.verifyTitle(Loginpage.java:49)
at com.actitime.Pages.Loginpage.verifyTitle(Loginpage.java:49)
at com.actitime.Pages.Loginpage.verifyTitle(Loginpage.java:49)
at com.actitime.Pages.Loginpage.verifyTitle(Loginpage.java:49)
at com.actitime.Pages.Loginpage.verifyTitle(Loginpage.java:49)
at com.actitime.Pages.Loginpage.verifyTitle(Loginpage.java:49)
at com.actitime.Pages.Loginpage.verifyTitle(Loginpage.java:49)
at com.actitime.Pages.Loginpage.verifyTitle(Loginpage.java:49)
at com.actitime.Pages.Loginpage.verifyTitle(Loginpage.java:49)
at com.actitime.Pages.Loginpage.verifyTitle(Loginpage.java:49)
at com.actitime.Pages.Loginpage.verifyTitle(Loginpage.java:49)
at com.actitime.Pages.Loginpage.verifyTitle(Loginpage.java:49)
at com.actitime.Pages.Loginpage.verifyTitle(Loginpage.java:49)
at com.actitime.Pages.Loginpage.verifyTitle(Loginpage.java:49)
at com.actitime.Pages.Loginpage.verifyTitle(Loginpage.java:49)
at com.actitime.Pages.Loginpage.verifyTitle(Loginpage.java:49)
at com.actitime.Pages.Loginpage.verifyTitle(Loginpage.java:49)
at com.actitime.Pages.Loginpage.verifyTitle(Loginpage.java:49)
at com.actitime.Pages.Loginpage.verifyTitle(Loginpage.java:49)
at com.actitime.Pages.Loginpage.verifyTitle(Loginpage.java:49)
at com.actitime.Pages.Loginpage.verifyTitle(Loginpage.java:49)
at com.actitime.Pages.Loginpage.verifyTitle(Loginpage.java:49)
at com.actitime.Pages.Loginpage.verifyTitle(Loginpage.java:49)
at com.actitime.Pages.Loginpage.verifyTitle(Loginpage.java:49)
at com.actitime.Pages.Loginpage.verifyTitle(Loginpage.java:49)
at com.actitime.Pages.Loginpage.verifyTitle(Loginpage.java:49)
at com.actitime.Pages.Loginpage.verifyTitle(Loginpage.java:49)
at com.actitime.Pages.Loginpage.verifyTitle(Loginpage.java:49)
at com.actitime.Pages.Loginpage.verifyTitle(Loginpage.java:49)
at com.actitime.Pages.Loginpage.verifyTitle(Loginpage.java:49)
at com.actitime.Pages.Loginpage.verifyTitle(Loginpage.java:49)
at com.actitime.Pages.Loginpage.verifyTitle(Loginpage.java:49)
at com.actitime.Pages.Loginpage.verifyTitle(Loginpage.java:49)
at com.actitime.Pages.Loginpage.verifyTitle(Loginpage.java:49)
at com.actitime.Pages.Loginpage.verifyTitle(Loginpage.java:49)
at com.actitime.Pages.Loginpage.verifyTitle(Loginpage.java:49)
at com.actitime.Pages.Loginpage.verifyTitle(Loginpage.java:49)
at com.actitime.Pages.Loginpage.verifyTitle(Loginpage.java:49)
at com.actitime.Pages.Loginpage.verifyTitle(Loginpage.java:49)
at com.actitime.Pages.Loginpage.verifyTitle(Loginpage.java:49)
at com.actitime.Pages.Loginpage.verifyTitle(Loginpage.java:49)
at com.actitime.Pages.Loginpage.verifyTitle(Loginpage.java:49)
at com.actitime.Pages.Loginpage.verifyTitle(Loginpage.java:49)
at com.actitime.Pages.Loginpage.verifyTitle(Loginpage.java:49)
at com.actitime.Pages.Loginpage.verifyTitle(Loginpage.java:49)
at com.actitime.Pages.Loginpage.verifyTitle(Loginpage.java:49)
at com.actitime.Pages.Loginpage.verifyTitle(Loginpage.java:49)
at com.actitime.Pages.Loginpage.verifyTitle(Loginpage.java:49)
at com.actitime.Pages.Loginpage.verifyTitle(Loginpage.java:49)
at com.actitime.Pages.Loginpage.verifyTitle(Loginpage.java:49)
at com.actitime.Pages.Loginpage.verifyTitle(Loginpage.java:49)
at com.actitime.Pages.Loginpage.verifyTitle(Loginpage.java:49)
at com.actitime.Pages.Loginpage.verifyTitle(Loginpage.java:49)
at com.actitime.Pages.Loginpage.verifyTitle(Loginpage.java:49)
at com.actitime.Pages.Loginpage.verifyTitle(Loginpage.java:49)
at com.actitime.Pages.Loginpage.verifyTitle(Loginpage.java:49)
at com.actitime.Pages.Loginpage.verifyTitle(Loginpage.java:49)
at com.actitime.Pages.Loginpage.verifyTitle(Loginpage.java:49)
at com.actitime.Pages.Loginpage.verifyTitle(Loginpage.java:49)
at com.actitime.Pages.Loginpage.verifyTitle(Loginpage.java:49)
at com.actitime.Pages.Loginpage.verifyTitle(Loginpage.java:49)
at com.actitime.Pages.Loginpage.verifyTitle(Loginpage.java:49)
at com.actitime.Pages.Loginpage.verifyTitle(Loginpage.java:49)
at com.actitime.Pages.Loginpage.verifyTitle(Loginpage.java:49)
at com.actitime.Pages.Loginpage.verifyTitle(Loginpage.java:49)
at com.actitime.Pages.Loginpage.verifyTitle(Loginpage.java:49)
at com.actitime.Pages.Loginpage.verifyTitle(Loginpage.java:49)
at com.actitime.Pages.Loginpage.verifyTitle(Loginpage.java:49)
at com.actitime.Pages.Loginpage.verifyTitle(Loginpage.java:49)
at com.actitime.Pages.Loginpage.verifyTitle(Loginpage.java:49)
at com.actitime.Pages.Loginpage.verifyTitle(Loginpage.java:49)
at com.actitime.Pages.Loginpage.verifyTitle(Loginpage.java:49)
at com.actitime.Pages.Loginpage.verifyTitle(Loginpage.java:49)
at com.actitime.Pages.Loginpage.verifyTitle(Loginpage.java:49)
at com.actitime.Pages.Loginpage.verifyTitle(Loginpage.java:49)
at com.actitime.Pages.Loginpage.verifyTitle(Loginpage.java:49)
at com.actitime.Pages.Loginpage.verifyTitle(Loginpage.java:49)
at com.actitime.Pages.Loginpage.verifyTitle(Loginpage.java:49)
at com.actitime.Pages.Loginpage.verifyTitle(Loginpage.java:49)
at com.actitime.Pages.Loginpage.verifyTitle(Loginpage.java:49)
at com.actitime.Pages.Loginpage.verifyTitle(Loginpage.java:49)
at com.actitime.Pages.Loginpage.verifyTitle(Loginpage.java:49)
at com.actitime.Pages.Loginpage.verifyTitle(Loginpage.java:49)
at com.actitime.Pages.Loginpage.verifyTitle(Loginpage.java:49)
at com.actitime.Pages.Loginpage.verifyTitle(Loginpage.java:49)
at com.actitime.Pages.Loginpage.verifyTitle(Loginpage.java:49)
at com.actitime.Pages.Loginpage.verifyTitle(Loginpage.java:49)
at com.actitime.Pages.Loginpage.verifyTitle(Loginpage.java:49)
at com.actitime.Pages.Loginpage.verifyTitle(Loginpage.java:49)
at com.actitime.Pages.Loginpage.verifyTitle(Loginpage.java:49)
at com.actitime.Pages.Loginpage.verifyTitle(Loginpage.java:49)
at com.actitime.Pages.Loginpage.verifyTitle(Loginpage.java:49)
at com.actitime.Pages.Loginpage.verifyTitle(Loginpage.java:49)
at com.actitime.Pages.Loginpage.verifyTitle(Loginpage.java:49)
at com.actitime.Pages.Loginpage.verifyTitle(Loginpage.java:49)
at com.actitime.Pages.Loginpage.verifyTitle(Loginpage.java:49)
at com.actitime.Pages.Loginpage.verifyTitle(Loginpage.java:49)
at com.actitime.Pages.Loginpage.verifyTitle(Loginpage.java:49)
at com.actitime.Pages.Loginpage.verifyTitle(Loginpage.java:49)
at com.actitime.Pages.Loginpage.verifyTitle(Loginpage.java:49)
at com.actitime.Pages.Loginpage.verifyTitle(Loginpage.java:49)
at com.actitime.Pages.Loginpage.verifyTitle(Loginpage.java:49)
at com.actitime.Pages.Loginpage.verifyTitle(Loginpage.java:49)
at com.actitime.Pages.Loginpage.verifyTitle(Loginpage.java:49)
at com.actitime.Pages.Loginpage.verifyTitle(Loginpage.java:49)
at com.actitime.Pages.Loginpage.verifyTitle(Loginpage.java:49)
at com.actitime.Pages.Loginpage.verifyTitle(Loginpage.java:49)
at com.actitime.Pages.Loginpage.verifyTitle(Loginpage.java:49)
at com.actitime.Pages.Loginpage.verifyTitle(Loginpage.java:49)
at com.actitime.Pages.Loginpage.verifyTitle(Loginpage.java:49)
at com.actitime.Pages.Loginpage.verifyTitle(Loginpage.java:49)
at com.actitime.Pages.Loginpage.verifyTitle(Loginpage.java:49)
at com.actitime.Pages.Loginpage.verifyTitle(Loginpage.java:49)
at com.actitime.Pages.Loginpage.verifyTitle(Loginpage.java:49)
at com.actitime.Pages.Loginpage.verifyTitle(Loginpage.java:49)
at com.actitime.Pages.Loginpage.verifyTitle(Loginpage.java:49)
at com.actitime.Pages.Loginpage.verifyTitle(Loginpage.java:49)
at com.actitime.Pages.Loginpage.verifyTitle(Loginpage.java:49)
at com.actitime.Pages.Loginpage.verifyTitle(Loginpage.java:49)
at com.actitime.Pages.Loginpage.verifyTitle(Loginpage.java:49)
at com.actitime.Pages.Loginpage.verifyTitle(Loginpage.java:49)
at com.actitime.Pages.Loginpage.verifyTitle(Loginpage.java:49)
at com.actitime.Pages.Loginpage.verifyTitle(Loginpage.java:49)
at com.actitime.Pages.Loginpage.verifyTitle(Loginpage.java:49)
at com.actitime.Pages.Loginpage.verifyTitle(Loginpage.java:49)
at com.actitime.Pages.Loginpage.verifyTitle(Loginpage.java:49)
at com.actitime.Pages.Loginpage.verifyTitle(Loginpage.java:49)
at com.actitime.Pages.Loginpage.verifyTitle(Loginpage.java:49)
at com.actitime.Pages.Loginpage.verifyTitle(Loginpage.java:49)
at com.actitime.Pages.Loginpage.verifyTitle(Loginpage.java:49)
at com.actitime.Pages.Loginpage.verifyTitle(Loginpage.java:49)
at com.actitime.Pages.Loginpage.verifyTitle(Loginpage.java:49)
at com.actitime.Pages.Loginpage.verifyTitle(Loginpage.java:49)
at com.actitime.Pages.Loginpage.verifyTitle(Loginpage.java:49)
at com.actitime.Pages.Loginpage.verifyTitle(Loginpage.java:49)
at com.actitime.Pages.Loginpage.verifyTitle(Loginpage.java:49)
at com.actitime.Pages.Loginpage.verifyTitle(Loginpage.java:49)
at com.actitime.Pages.Loginpage.verifyTitle(Loginpage.java:49)
at com.actitime.Pages.Loginpage.verifyTitle(Loginpage.java:49)
at com.actitime.Pages.Loginpage.verifyTitle(Loginpage.java:49)
at com.actitime.Pages.Loginpage.verifyTitle(Loginpage.java:49)
at com.actitime.Pages.Loginpage.verifyTitle(Loginpage.java:49)
at com.actitime.Pages.Loginpage.verifyTitle(Loginpage.java:49)
at com.actitime.Pages.Loginpage.verifyTitle(Loginpage.java:49)
at com.actitime.Pages.Loginpage.verifyTitle(Loginpage.java:49)
at com.actitime.Pages.Loginpage.verifyTitle(Loginpage.java:49)
at com.actitime.Pages.Loginpage.verifyTitle(Loginpage.java:49)
at com.actitime.Pages.Loginpage.verifyTitle(Loginpage.java:49)
at com.actitime.Pages.Loginpage.verifyTitle(Loginpage.java:49)
at com.actitime.Pages.Loginpage.verifyTitle(Loginpage.java:49)
at com.actitime.Pages.Loginpage.verifyTitle(Loginpage.java:49)
at com.actitime.Pages.Loginpage.verifyTitle(Loginpage.java:49)
at com.actitime.Pages.Loginpage.verifyTitle(Loginpage.java:49)
at com.actitime.Pages.Loginpage.verifyTitle(Loginpage.java:49)
at com.actitime.Pages.Loginpage.verifyTitle(Loginpage.java:49)
at com.actitime.Pages.Loginpage.verifyTitle(Loginpage.java:49)
at com.actitime.Pages.Loginpage.verifyTitle(Loginpage.java:49)
at com.actitime.Pages.Loginpage.verifyTitle(Loginpage.java:49)
at com.actitime.Pages.Loginpage.verifyTitle(Loginpage.java:49)
at com.actitime.Pages.Loginpage.verifyTitle(Loginpage.java:49)
at com.actitime.Pages.Loginpage.verifyTitle(Loginpage.java:49)
at com.actitime.Pages.Loginpage.verifyTitle(Loginpage.java:49)
at com.actitime.Pages.Loginpage.verifyTitle(Loginpage.java:49)
at com.actitime.Pages.Loginpage.verifyTitle(Loginpage.java:49)
at com.actitime.Pages.Loginpage.verifyTitle(Loginpage.java:49)
at com.actitime.Pages.Loginpage.verifyTitle(Loginpage.java:49)
at com.actitime.Pages.Loginpage.verifyTitle(Loginpage.java:49)
at com.actitime.Pages.Loginpage.verifyTitle(Loginpage.java:49)
at com.actitime.Pages.Loginpage.verifyTitle(Loginpage.java:49)
at com.actitime.Pages.Loginpage.verifyTitle(Loginpage.java:49)
at com.actitime.Pages.Loginpage.verifyTitle(Loginpage.java:49)
at com.actitime.Pages.Loginpage.verifyTitle(Loginpage.java:49)
at com.actitime.Pages.Loginpage.verifyTitle(Loginpage.java:49)
at com.actitime.Pages.Loginpage.verifyTitle(Loginpage.java:49)
at com.actitime.Pages.Loginpage.verifyTitle(Loginpage.java:49)
at com.actitime.Pages.Loginpage.verifyTitle(Loginpage.java:49)
at com.actitime.Pages.Loginpage.verifyTitle(Loginpage.java:49)
at com.actitime.Pages.Loginpage.verifyTitle(Loginpage.java:49)
at com.actitime.Pages.Loginpage.verifyTitle(Loginpage.java:49)
at com.actitime.Pages.Loginpage.verifyTitle(Loginpage.java:49)
at com.actitime.Pages.Loginpage.verifyTitle(Loginpage.java:49)
at com.actitime.Pages.Loginpage.verifyTitle(Loginpage.java:49)
at com.actitime.Pages.Loginpage.verifyTitle(Loginpage.java:49)
at com.actitime.Pages.Loginpage.verifyTitle(Loginpage.java:49)
at com.actitime.Pages.Loginpage.verifyTitle(Loginpage.java:49)
at com.actitime.Pages.Loginpage.verifyTitle(Loginpage.java:49)
at com.actitime.Pages.Loginpage.verifyTitle(Loginpage.java:49)
at com.actitime.Pages.Loginpage.verifyTitle(Loginpage.java:49)
at com.actitime.Pages.Loginpage.verifyTitle(Loginpage.java:49)
at com.actitime.Pages.Loginpage.verifyTitle(Loginpage.java:49)
at com.actitime.Pages.Loginpage.verifyTitle(Loginpage.java:49)
at com.actitime.Pages.Loginpage.verifyTitle(Loginpage.java:49)
at com.actitime.Pages.Loginpage.verifyTitle(Loginpage.java:49)
at com.actitime.Pages.Loginpage.verifyTitle(Loginpage.java:49)
at com.actitime.Pages.Loginpage.verifyTitle(Loginpage.java:49)
at com.actitime.Pages.Loginpage.verifyTitle(Loginpage.java:49)
at com.actitime.Pages.Loginpage.verifyTitle(Loginpage.java:49)
at com.actitime.Pages.Loginpage.verifyTitle(Loginpage.java:49)
at com.actitime.Pages.Loginpage.verifyTitle(Loginpage.java:49)
at com.actitime.Pages.Loginpage.verifyTitle(Loginpage.java:49)
at com.actitime.Pages.Loginpage.verifyTitle(Loginpage.java:49)
at com.actitime.Pages.Loginpage.verifyTitle(Loginpage.java:49)
at com.actitime.Pages.Loginpage.verifyTitle(Loginpage.java:49)
at com.actitime.Pages.Loginpage.verifyTitle(Loginpage.java:49)
at com.actitime.Pages.Loginpage.verifyTitle(Loginpage.java:49)
at com.actitime.Pages.Loginpage.verifyTitle(Loginpage.java:49)
at com.actitime.Pages.Loginpage.verifyTitle(Loginpage.java:49)
at com.actitime.Pages.Loginpage.verifyTitle(Loginpage.java:49)
at com.actitime.Pages.Loginpage.verifyTitle(Loginpage.java:49)
at com.actitime.Pages.Loginpage.verifyTitle(Loginpage.java:49)
at com.actitime.Pages.Loginpage.verifyTitle(Loginpage.java:49)
at com.actitime.Pages.Loginpage.verifyTitle(Loginpage.java:49)
at com.actitime.Pages.Loginpage.verifyTitle(Loginpage.java:49)
at com.actitime.Pages.Loginpage.verifyTitle(Loginpage.java:49)
at com.actitime.Pages.Loginpage.verifyTitle(Loginpage.java:49)
at com.actitime.Pages.Loginpage.verifyTitle(Loginpage.java:49)
at com.actitime.Pages.Loginpage.verifyTitle(Loginpage.java:49)
at com.actitime.Pages.Loginpage.verifyTitle(Loginpage.java:49)
at com.actitime.Pages.Loginpage.verifyTitle(Loginpage.java:49)
at com.actitime.Pages.Loginpage.verifyTitle(Loginpage.java:49)
at com.actitime.Pages.Loginpage.verifyTitle(Loginpage.java:49)
at com.actitime.Pages.Loginpage.verifyTitle(Loginpage.java:49)
at com.actitime.Pages.Loginpage.verifyTitle(Loginpage.java:49)
at com.actitime.Pages.Loginpage.verifyTitle(Loginpage.java:49)
at com.actitime.Pages.Loginpage.verifyTitle(Loginpage.java:49)
at com.actitime.Pages.Loginpage.verifyTitle(Loginpage.java:49)
at com.actitime.Pages.Loginpage.verifyTitle(Loginpage.java:49)
at com.actitime.Pages.Loginpage.verifyTitle(Loginpage.java:49)
at com.actitime.Pages.Loginpage.verifyTitle(Loginpage.java:49)
at com.actitime.Pages.Loginpage.verifyTitle(Loginpage.java:49)
at com.actitime.Pages.Loginpage.verifyTitle(Loginpage.java:49)
at com.actitime.Pages.Loginpage.verifyTitle(Loginpage.java:49)
at com.actitime.Pages.Loginpage.verifyTitle(Loginpage.java:49)
at com.actitime.Pages.Loginpage.verifyTitle(Loginpage.java:49)
at com.actitime.Pages.Loginpage.verifyTitle(Loginpage.java:49)
at com.actitime.Pages.Loginpage.verifyTitle(Loginpage.java:49)
at com.actitime.Pages.Loginpage.verifyTitle(Loginpage.java:49)
at com.actitime.Pages.Loginpage.verifyTitle(Loginpage.java:49)
at com.actitime.Pages.Loginpage.verifyTitle(Loginpage.java:49)
at com.actitime.Pages.Loginpage.verifyTitle(Loginpage.java:49)
at com.actitime.Pages.Loginpage.verifyTitle(Loginpage.java:49)
at com.actitime.Pages.Loginpage.verifyTitle(Loginpage.java:49)
at com.actitime.Pages.Loginpage.verifyTitle(Loginpage.java:49)
at com.actitime.Pages.Loginpage.verifyTitle(Loginpage.java:49)
at com.actitime.Pages.Loginpage.verifyTitle(Loginpage.java:49)
at com.actitime.Pages.Loginpage.verifyTitle(Loginpage.java:49)
at com.actitime.Pages.Loginpage.verifyTitle(Loginpage.java:49)
at com.actitime.Pages.Loginpage.verifyTitle(Loginpage.java:49)
at com.actitime.Pages.Loginpage.verifyTitle(Loginpage.java:49)
at com.actitime.Pages.Loginpage.verifyTitle(Loginpage.java:49)
at com.actitime.Pages.Loginpage.verifyTitle(Loginpage.java:49)
at com.actitime.Pages.Loginpage.verifyTitle(Loginpage.java:49)
at com.actitime.Pages.Loginpage.verifyTitle(Loginpage.java:49)
at com.actitime.Pages.Loginpage.verifyTitle(Loginpage.java:49)
at com.actitime.Pages.Loginpage.verifyTitle(Loginpage.java:49)
at com.actitime.Pages.Loginpage.verifyTitle(Loginpage.java:49)
at com.actitime.Pages.Loginpage.verifyTitle(Loginpage.java:49)
at com.actitime.Pages.Loginpage.verifyTitle(Loginpage.java:49)
at com.actitime.Pages.Loginpage.verifyTitle(Loginpage.java:49)
at com.actitime.Pages.Loginpage.verifyTitle(Loginpage.java:49)
at com.actitime.Pages.Loginpage.verifyTitle(Loginpage.java:49)
at com.actitime.Pages.Loginpage.verifyTitle(Loginpage.java:49)
at com.actitime.Pages.Loginpage.verifyTitle(Loginpage.java:49)
at com.actitime.Pages.Loginpage.verifyTitle(Loginpage.java:49)
at com.actitime.Pages.Loginpage.verifyTitle(Loginpage.java:49)
at com.actitime.Pages.Loginpage.verifyTitle(Loginpage.java:49)
at com.actitime.Pages.Loginpage.verifyTitle(Loginpage.java:49)
at com.actitime.Pages.Loginpage.verifyTitle(Loginpage.java:49)
at com.actitime.Pages.Loginpage.verifyTitle(Loginpage.java:49)
at com.actitime.Pages.Loginpage.verifyTitle(Loginpage.java:49)
at com.actitime.Pages.Loginpage.verifyTitle(Loginpage.java:49)
at com.actitime.Pages.Loginpage.verifyTitle(Loginpage.java:49)
at com.actitime.Pages.Loginpage.verifyTitle(Loginpage.java:49)
at com.actitime.Pages.Loginpage.verifyTitle(Loginpage.java:49)
at com.actitime.Pages.Loginpage.verifyTitle(Loginpage.java:49)
at com.actitime.Pages.Loginpage.verifyTitle(Loginpage.java:49)
at com.actitime.Pages.Loginpage.verifyTitle(Loginpage.java:49)
at com.actitime.Pages.Loginpage.verifyTitle(Loginpage.java:49)
at com.actitime.Pages.Loginpage.verifyTitle(Loginpage.java:49)
at com.actitime.Pages.Loginpage.verifyTitle(Loginpage.java:49)
at com.actitime.Pages.Loginpage.verifyTitle(Loginpage.java:49)
at com.actitime.Pages.Loginpage.verifyTitle(Loginpage.java:49)
at com.actitime.Pages.Loginpage.verifyTitle(Loginpage.java:49)
at com.actitime.Pages.Loginpage.verifyTitle(Loginpage.java:49)
at com.actitime.Pages.Loginpage.verifyTitle(Loginpage.java:49)
at com.actitime.Pages.Loginpage.verifyTitle(Loginpage.java:49)
at com.actitime.Pages.Loginpage.verifyTitle(Loginpage.java:49)
at com.actitime.Pages.Loginpage.verifyTitle(Loginpage.java:49)
at com.actitime.Pages.Loginpage.verifyTitle(Loginpage.java:49)
at com.actitime.Pages.Loginpage.verifyTitle(Loginpage.java:49)
at com.actitime.Pages.Loginpage.verifyTitle(Loginpage.java:49)
at com.actitime.Pages.Loginpage.verifyTitle(Loginpage.java:49)
at com.actitime.Pages.Loginpage.verifyTitle(Loginpage.java:49)
at com.actitime.Pages.Loginpage.verifyTitle(Loginpage.java:49)
at com.actitime.Pages.Loginpage.verifyTitle(Loginpage.java:49)
at com.actitime.Pages.Loginpage.verifyTitle(Loginpage.java:49)
at com.actitime.Pages.Loginpage.verifyTitle(Loginpage.java:49)
at com.actitime.Pages.Loginpage.verifyTitle(Loginpage.java:49)
at com.actitime.Pages.Loginpage.verifyTitle(Loginpage.java:49)
at com.actitime.Pages.Loginpage.verifyTitle(Loginpage.java:49)
at com.actitime.Pages.Loginpage.verifyTitle(Loginpage.java:49)
at com.actitime.Pages.Loginpage.verifyTitle(Loginpage.java:49)
at com.actitime.Pages.Loginpage.verifyTitle(Loginpage.java:49)
at com.actitime.Pages.Loginpage.verifyTitle(Loginpage.java:49)
at com.actitime.Pages.Loginpage.verifyTitle(Loginpage.java:49)
at com.actitime.Pages.Loginpage.verifyTitle(Loginpage.java:49)
at com.actitime.Pages.Loginpage.verifyTitle(Loginpage.java:49)
at com.actitime.Pages.Loginpage.verifyTitle(Loginpage.java:49)
at com.actitime.Pages.Loginpage.verifyTitle(Loginpage.java:49)
at com.actitime.Pages.Loginpage.verifyTitle(Loginpage.java:49)
at com.actitime.Pages.Loginpage.verifyTitle(Loginpage.java:49)
at com.actitime.Pages.Loginpage.verifyTitle(Loginpage.java:49)
at com.actitime.Pages.Loginpage.verifyTitle(Loginpage.java:49)
at com.actitime.Pages.Loginpage.verifyTitle(Loginpage.java:49)
at com.actitime.Pages.Loginpage.verifyTitle(Loginpage.java:49)
at com.actitime.Pages.Loginpage.verifyTitle(Loginpage.java:49)
at com.actitime.Pages.Loginpage.verifyTitle(Loginpage.java:49)
at com.actitime.Pages.Loginpage.verifyTitle(Loginpage.java:49)
at com.actitime.Pages.Loginpage.verifyTitle(Loginpage.java:49)
at com.actitime.Pages.Loginpage.verifyTitle(Loginpage.java:49)
at com.actitime.Pages.Loginpage.verifyTitle(Loginpage.java:49)
at com.actitime.Pages.Loginpage.verifyTitle(Loginpage.java:49)
at com.actitime.Pages.Loginpage.verifyTitle(Loginpage.java:49)
at com.actitime.Pages.Loginpage.verifyTitle(Loginpage.java:49)
at com.actitime.Pages.Loginpage.verifyTitle(Loginpage.java:49)
at com.actitime.Pages.Loginpage.verifyTitle(Loginpage.java:49)
at com.actitime.Pages.Loginpage.verifyTitle(Loginpage.java:49)
at com.actitime.Pages.Loginpage.verifyTitle(Loginpage.java:49)
at com.actitime.Pages.Loginpage.verifyTitle(Loginpage.java:49)
at com.actitime.Pages.Loginpage.verifyTitle(Loginpage.java:49)
at com.actitime.Pages.Loginpage.verifyTitle(Loginpage.java:49)
at com.actitime.Pages.Loginpage.verifyTitle(Loginpage.java:49)
at com.actitime.Pages.Loginpage.verifyTitle(Loginpage.java:49)
at com.actitime.Pages.Loginpage.verifyTitle(Loginpage.java:49)
at com.actitime.Pages.Loginpage.verifyTitle(Loginpage.java:49)
at com.actitime.Pages.Loginpage.verifyTitle(Loginpage.java:49)
at com.actitime.Pages.Loginpage.verifyTitle(Loginpage.java:49)
at com.actitime.Pages.Loginpage.verifyTitle(Loginpage.java:49)
at com.actitime.Pages.Loginpage.verifyTitle(Loginpage.java:49)
at com.actitime.Pages.Loginpage.verifyTitle(Loginpage.java:49)
at com.actitime.Pages.Loginpage.verifyTitle(Loginpage.java:49)
at com.actitime.Pages.Loginpage.verifyTitle(Loginpage.java:49)
at com.actitime.Pages.Loginpage.verifyTitle(Loginpage.java:49)
at com.actitime.Pages.Loginpage.verifyTitle(Loginpage.java:49)
at com.actitime.Pages.Loginpage.verifyTitle(Loginpage.java:49)
at com.actitime.Pages.Loginpage.verifyTitle(Loginpage.java:49)
at com.actitime.Pages.Loginpage.verifyTitle(Loginpage.java:49)
at com.actitime.Pages.Loginpage.verifyTitle(Loginpage.java:49)
at com.actitime.Pages.Loginpage.verifyTitle(Loginpage.java:49)
at com.actitime.Pages.Loginpage.verifyTitle(Loginpage.java:49)
at com.actitime.Pages.Loginpage.verifyTitle(Loginpage.java:49)
at com.actitime.Pages.Loginpage.verifyTitle(Loginpage.java:49)
at com.actitime.Pages.Loginpage.verifyTitle(Loginpage.java:49)
at com.actitime.Pages.Loginpage.verifyTitle(Loginpage.java:49)
at com.actitime.Pages.Loginpage.verifyTitle(Loginpage.java:49)
at com.actitime.Pages.Loginpage.verifyTitle(Loginpage.java:49)
at com.actitime.Pages.Loginpage.verifyTitle(Loginpage.java:49)
at com.actitime.Pages.Loginpage.verifyTitle(Loginpage.java:49)
at com.actitime.Pages.Loginpage.verifyTitle(Loginpage.java:49)
at com.actitime.Pages.Loginpage.verifyTitle(Loginpage.java:49)
at com.actitime.Pages.Loginpage.verifyTitle(Loginpage.java:49)
at com.actitime.Pages.Loginpage.verifyTitle(Loginpage.java:49)
at com.actitime.Pages.Loginpage.verifyTitle(Loginpage.java:49)
at com.actitime.Pages.Loginpage.verifyTitle(Loginpage.java:49)
at com.actitime.Pages.Loginpage.verifyTitle(Loginpage.java:49)
at com.actitime.Pages.Loginpage.verifyTitle(Loginpage.java:49)
at com.actitime.Pages.Loginpage.verifyTitle(Loginpage.java:49)
at com.actitime.Pages.Loginpage.verifyTitle(Loginpage.java:49)
at com.actitime.Pages.Loginpage.verifyTitle(Loginpage.java:49)
at com.actitime.Pages.Loginpage.verifyTitle(Loginpage.java:49)
at com.actitime.Pages.Loginpage.verifyTitle(Loginpage.java:49)
at com.actitime.Pages.Loginpage.verifyTitle(Loginpage.java:49)
at com.actitime.Pages.Loginpage.verifyTitle(Loginpage.java:49)
at com.actitime.Pages.Loginpage.verifyTitle(Loginpage.java:49)
at com.actitime.Pages.Loginpage.verifyTitle(Loginpage.java:49)
at com.actitime.Pages.Loginpage.verifyTitle(Loginpage.java:49)
at com.actitime.Pages.Loginpage.verifyTitle(Loginpage.java:49)
at com.actitime.Pages.Loginpage.verifyTitle(Loginpage.java:49)
at com.actitime.Pages.Loginpage.verifyTitle(Loginpage.java:49)
at com.actitime.Pages.Loginpage.verifyTitle(Loginpage.java:49)
at com.actitime.Pages.Loginpage.verifyTitle(Loginpage.java:49)
at com.actitime.Pages.Loginpage.verifyTitle(Loginpage.java:49)
at com.actitime.Pages.Loginpage.verifyTitle(Loginpage.java:49)
at com.actitime.Pages.Loginpage.verifyTitle(Loginpage.java:49)
at com.actitime.Pages.Loginpage.verifyTitle(Loginpage.java:49)
at com.actitime.Pages.Loginpage.verifyTitle(Loginpage.java:49)
at com.actitime.Pages.Loginpage.verifyTitle(Loginpage.java:49)
at com.actitime.Pages.Loginpage.verifyTitle(Loginpage.java:49)
at com.actitime.Pages.Loginpage.verifyTitle(Loginpage.java:49)
at com.actitime.Pages.Loginpage.verifyTitle(Loginpage.java:49)
at com.actitime.Pages.Loginpage.verifyTitle(Loginpage.java:49)
at com.actitime.Pages.Loginpage.verifyTitle(Loginpage.java:49)
at com.actitime.Pages.Loginpage.verifyTitle(Loginpage.java:49)
at com.actitime.Pages.Loginpage.verifyTitle(Loginpage.java:49)
at com.actitime.Pages.Loginpage.verifyTitle(Loginpage.java:49)
at com.actitime.Pages.Loginpage.verifyTitle(Loginpage.java:49)
at com.actitime.Pages.Loginpage.verifyTitle(Loginpage.java:49)
at com.actitime.Pages.Loginpage.verifyTitle(Loginpage.java:49)
at com.actitime.Pages.Loginpage.verifyTitle(Loginpage.java:49)
at com.actitime.Pages.Loginpage.verifyTitle(Loginpage.java:49)
at com.actitime.Pages.Loginpage.verifyTitle(Loginpage.java:49)
at com.actitime.Pages.Loginpage.verifyTitle(Loginpage.java:49)
at com.actitime.Pages.Loginpage.verifyTitle(Loginpage.java:49)
at com.actitime.Pages.Loginpage.verifyTitle(Loginpage.java:49)
at com.actitime.Pages.Loginpage.verifyTitle(Loginpage.java:49)
at com.actitime.Pages.Loginpage.verifyTitle(Loginpage.java:49)
at com.actitime.Pages.Loginpage.verifyTitle(Loginpage.java:49)
at com.actitime.Pages.Loginpage.verifyTitle(Loginpage.java:49)
at com.actitime.Pages.Loginpage.verifyTitle(Loginpage.java:49)
at com.actitime.Pages.Loginpage.verifyTitle(Loginpage.java:49)
at com.actitime.Pages.Loginpage.verifyTitle(Loginpage.java:49)
at com.actitime.Pages.Loginpage.verifyTitle(Loginpage.java:49)
at com.actitime.Pages.Loginpage.verifyTitle(Loginpage.java:49)
at com.actitime.Pages.Loginpage.verifyTitle(Loginpage.java:49)
at com.actitime.Pages.Loginpage.verifyTitle(Loginpage.java:49)
at com.actitime.Pages.Loginpage.verifyTitle(Loginpage.java:49)
at com.actitime.Pages.Loginpage.verifyTitle(Loginpage.java:49)
at com.actitime.Pages.Loginpage.verifyTitle(Loginpage.java:49)
at com.actitime.Pages.Loginpage.verifyTitle(Loginpage.java:49)
at com.actitime.Pages.Loginpage.verifyTitle(Loginpage.java:49)
at com.actitime.Pages.Loginpage.verifyTitle(Loginpage.java:49)
at com.actitime.Pages.Loginpage.verifyTitle(Loginpage.java:49)
at com.actitime.Pages.Loginpage.verifyTitle(Loginpage.java:49)
at com.actitime.Pages.Loginpage.verifyTitle(Loginpage.java:49)
at com.actitime.Pages.Loginpage.verifyTitle(Loginpage.java:49)
at com.actitime.Pages.Loginpage.verifyTitle(Loginpage.java:49)
at com.actitime.Pages.Loginpage.verifyTitle(Loginpage.java:49)
at com.actitime.Pages.Loginpage.verifyTitle(Loginpage.java:49)
at com.actitime.Pages.Loginpage.verifyTitle(Loginpage.java:49)
at com.actitime.Pages.Loginpage.verifyTitle(Loginpage.java:49)
at com.actitime.Pages.Loginpage.verifyTitle(Loginpage.java:49)
at com.actitime.Pages.Loginpage.verifyTitle(Loginpage.java:49)
at com.actitime.Pages.Loginpage.verifyTitle(Loginpage.java:49)
at com.actitime.Pages.Loginpage.verifyTitle(Loginpage.java:49)
at com.actitime.Pages.Loginpage.verifyTitle(Loginpage.java:49)
at com.actitime.Pages.Loginpage.verifyTitle(Loginpage.java:49)
at com.actitime.Pages.Loginpage.verifyTitle(Loginpage.java:49)
at com.actitime.Pages.Loginpage.verifyTitle(Loginpage.java:49)
at com.actitime.Pages.Loginpage.verifyTitle(Loginpage.java:49)
at com.actitime.Pages.Loginpage.verifyTitle(Loginpage.java:49)
at com.actitime.Pages.Loginpage.verifyTitle(Loginpage.java:49)
at com.actitime.Pages.Loginpage.verifyTitle(Loginpage.java:49)
at com.actitime.Pages.Loginpage.verifyTitle(Loginpage.java:49)
at com.actitime.Pages.Loginpage.verifyTitle(Loginpage.java:49)
at com.actitime.Pages.Loginpage.verifyTitle(Loginpage.java:49)
at com.actitime.Pages.Loginpage.verifyTitle(Loginpage.java:49)
at com.actitime.Pages.Loginpage.verifyTitle(Loginpage.java:49)
at com.actitime.Pages.Loginpage.verifyTitle(Loginpage.java:49)
at com.actitime.Pages.Loginpage.verifyTitle(Loginpage.java:49)
at com.actitime.Pages.Loginpage.verifyTitle(Loginpage.java:49)
at com.actitime.Pages.Loginpage.verifyTitle(Loginpage.java:49)
at com.actitime.Pages.Loginpage.verifyTitle(Loginpage.java:49)
at com.actitime.Pages.Loginpage.verifyTitle(Loginpage.java:49)
at com.actitime.Pages.Loginpage.verifyTitle(Loginpage.java:49)
at com.actitime.Pages.Loginpage.verifyTitle(Loginpage.java:49)
at com.actitime.Pages.Loginpage.verifyTitle(Loginpage.java:49)
at com.actitime.Pages.Loginpage.verifyTitle(Loginpage.java:49)
at com.actitime.Pages.Loginpage.verifyTitle(Loginpage.java:49)
at com.actitime.Pages.Loginpage.verifyTitle(Loginpage.java:49)
at com.actitime.Pages.Loginpage.verifyTitle(Loginpage.java:49)
at com.actitime.Pages.Loginpage.verifyTitle(Loginpage.java:49)
at com.actitime.Pages.Loginpage.verifyTitle(Loginpage.java:49)
at com.actitime.Pages.Loginpage.verifyTitle(Loginpage.java:49)
at com.actitime.Pages.Loginpage.verifyTitle(Loginpage.java:49)
at com.actitime.Pages.Loginpage.verifyTitle(Loginpage.java:49)
at com.actitime.Pages.Loginpage.verifyTitle(Loginpage.java:49)
at com.actitime.Pages.Loginpage.verifyTitle(Loginpage.java:49)
at com.actitime.Pages.Loginpage.verifyTitle(Loginpage.java:49)
at com.actitime.Pages.Loginpage.verifyTitle(Loginpage.java:49)
at com.actitime.Pages.Loginpage.verifyTitle(Loginpage.java:49)
at com.actitime.Pages.Loginpage.verifyTitle(Loginpage.java:49)
at com.actitime.Pages.Loginpage.verifyTitle(Loginpage.java:49)
at com.actitime.Pages.Loginpage.verifyTitle(Loginpage.java:49)
at com.actitime.Pages.Loginpage.verifyTitle(Loginpage.java:49)
at com.actitime.Pages.Loginpage.verifyTitle(Loginpage.java:49)
at com.actitime.Pages.Loginpage.verifyTitle(Loginpage.java:49)
at com.actitime.Pages.Loginpage.verifyTitle(Loginpage.java:49)
at com.actitime.Pages.Loginpage.verifyTitle(Loginpage.java:49)
at com.actitime.Pages.Loginpage.verifyTitle(Loginpage.java:49)
at com.actitime.Pages.Loginpage.verifyTitle(Loginpage.java:49)
at com.actitime.Pages.Loginpage.verifyTitle(Loginpage.java:49)
at com.actitime.Pages.Loginpage.verifyTitle(Loginpage.java:49)
at com.actitime.Pages.Loginpage.verifyTitle(Loginpage.java:49)
at com.actitime.Pages.Loginpage.verifyTitle(Loginpage.java:49)
at com.actitime.Pages.Loginpage.verifyTitle(Loginpage.java:49)
at com.actitime.Pages.Loginpage.verifyTitle(Loginpage.java:49)
at com.actitime.Pages.Loginpage.verifyTitle(Loginpage.java:49)
at com.actitime.Pages.Loginpage.verifyTitle(Loginpage.java:49)
at com.actitime.Pages.Loginpage.verifyTitle(Loginpage.java:49)
at com.actitime.Pages.Loginpage.verifyTitle(Loginpage.java:49)
at com.actitime.Pages.Loginpage.verifyTitle(Loginpage.java:49)
at com.actitime.Pages.Loginpage.verifyTitle(Loginpage.java:49)
at com.actitime.Pages.Loginpage.verifyTitle(Loginpage.java:49)
at com.actitime.Pages.Loginpage.verifyTitle(Loginpage.java:49)
at com.actitime.Pages.Loginpage.verifyTitle(Loginpage.java:49)
at com.actitime.Pages.Loginpage.verifyTitle(Loginpage.java:49)
at com.actitime.Pages.Loginpage.verifyTitle(Loginpage.java:49)
at com.actitime.Pages.Loginpage.verifyTitle(Loginpage.java:49)
at com.actitime.Pages.Loginpage.verifyTitle(Loginpage.java:49)
at com.actitime.Pages.Loginpage.verifyTitle(Loginpage.java:49)
at com.actitime.Pages.Loginpage.verifyTitle(Loginpage.java:49)
at com.actitime.Pages.Loginpage.verifyTitle(Loginpage.java:49)
at com.actitime.Pages.Loginpage.verifyTitle(Loginpage.java:49)
at com.actitime.Pages.Loginpage.verifyTitle(Loginpage.java:49)
at com.actitime.Pages.Loginpage.verifyTitle(Loginpage.java:49)
at com.actitime.Pages.Loginpage.verifyTitle(Loginpage.java:49)
at com.actitime.Pages.Loginpage.verifyTitle(Loginpage.java:49)
at com.actitime.Pages.Loginpage.verifyTitle(Loginpage.java:49)
at com.actitime.Pages.Loginpage.verifyTitle(Loginpage.java:49)
at com.actitime.Pages.Loginpage.verifyTitle(Loginpage.java:49)
at com.actitime.Pages.Loginpage.verifyTitle(Loginpage.java:49)
at com.actitime.Pages.Loginpage.verifyTitle(Loginpage.java:49)
at com.actitime.Pages.Loginpage.verifyTitle(Loginpage.java:49)
at com.actitime.Pages.Loginpage.verifyTitle(Loginpage.java:49)
at com.actitime.Pages.Loginpage.verifyTitle(Loginpage.java:49)
at com.actitime.Pages.Loginpage.verifyTitle(Loginpage.java:49)
at com.actitime.Pages.Loginpage.verifyTitle(Loginpage.java:49)
at com.actitime.Pages.Loginpage.verifyTitle(Loginpage.java:49)
at com.actitime.Pages.Loginpage.verifyTitle(Loginpage.java:49)
at com.actitime.Pages.Loginpage.verifyTitle(Loginpage.java:49)
at com.actitime.Pages.Loginpage.verifyTitle(Loginpage.java:49)
at com.actitime.Pages.Loginpage.verifyTitle(Loginpage.java:49)
at com.actitime.Pages.Loginpage.verifyTitle(Loginpage.java:49)
at com.actitime.Pages.Loginpage.verifyTitle(Loginpage.java:49)
at com.actitime.Pages.Loginpage.verifyTitle(Loginpage.java:49)
at com.actitime.Pages.Loginpage.verifyTitle(Loginpage.java:49)
at com.actitime.Pages.Loginpage.verifyTitle(Loginpage.java:49)
at com.actitime.Pages.Loginpage.verifyTitle(Loginpage.java:49)
at com.actitime.Pages.Loginpage.verifyTitle(Loginpage.java:49)
at com.actitime.Pages.Loginpage.verifyTitle(Loginpage.java:49)
at com.actitime.Pages.Loginpage.verifyTitle(Loginpage.java:49)
at com.actitime.Pages.Loginpage.verifyTitle(Loginpage.java:49)
at com.actitime.Pages.Loginpage.verifyTitle(Loginpage.java:49)
at com.actitime.Pages.Loginpage.verifyTitle(Loginpage.java:49)
at com.actitime.Pages.Loginpage.verifyTitle(Loginpage.java:49)
at com.actitime.Pages.Loginpage.verifyTitle(Loginpage.java:49)
at com.actitime.Pages.Loginpage.verifyTitle(Loginpage.java:49)
at com.actitime.Pages.Loginpage.verifyTitle(Loginpage.java:49)
at com.actitime.Pages.Loginpage.verifyTitle(Loginpage.java:49)
at com.actitime.Pages.Loginpage.verifyTitle(Loginpage.java:49)
at com.actitime.Pages.Loginpage.verifyTitle(Loginpage.java:49)
at com.actitime.Pages.Loginpage.verifyTitle(Loginpage.java:49)
at com.actitime.Pages.Loginpage.verifyTitle(Loginpage.java:49)
at com.actitime.Pages.Loginpage.verifyTitle(Loginpage.java:49)
at com.actitime.Pages.Loginpage.verifyTitle(Loginpage.java:49)
]]>
    </failure>
  </testcase> <!-- testinvalidloginlogout -->
  <testcase name="itestvalidloginlogout" time="0.33" classname="com.actitime.tests.validloginlogout">
    <failure type="java.lang.StackOverflowError">
      <![CDATA[java.lang.StackOverflowError
at com.actitime.Pages.Loginpage.verifyTitle(Loginpage.java:49)
at com.actitime.Pages.Loginpage.verifyTitle(Loginpage.java:49)
at com.actitime.Pages.Loginpage.verifyTitle(Loginpage.java:49)
at com.actitime.Pages.Loginpage.verifyTitle(Loginpage.java:49)
at com.actitime.Pages.Loginpage.verifyTitle(Loginpage.java:49)
at com.actitime.Pages.Loginpage.verifyTitle(Loginpage.java:49)
at com.actitime.Pages.Loginpage.verifyTitle(Loginpage.java:49)
at com.actitime.Pages.Loginpage.verifyTitle(Loginpage.java:49)
at com.actitime.Pages.Loginpage.verifyTitle(Loginpage.java:49)
at com.actitime.Pages.Loginpage.verifyTitle(Loginpage.java:49)
at com.actitime.Pages.Loginpage.verifyTitle(Loginpage.java:49)
at com.actitime.Pages.Loginpage.verifyTitle(Loginpage.java:49)
at com.actitime.Pages.Loginpage.verifyTitle(Loginpage.java:49)
at com.actitime.Pages.Loginpage.verifyTitle(Loginpage.java:49)
at com.actitime.Pages.Loginpage.verifyTitle(Loginpage.java:49)
at com.actitime.Pages.Loginpage.verifyTitle(Loginpage.java:49)
at com.actitime.Pages.Loginpage.verifyTitle(Loginpage.java:49)
at com.actitime.Pages.Loginpage.verifyTitle(Loginpage.java:49)
at com.actitime.Pages.Loginpage.verifyTitle(Loginpage.java:49)
at com.actitime.Pages.Loginpage.verifyTitle(Loginpage.java:49)
at com.actitime.Pages.Loginpage.verifyTitle(Loginpage.java:49)
at com.actitime.Pages.Loginpage.verifyTitle(Loginpage.java:49)
at com.actitime.Pages.Loginpage.verifyTitle(Loginpage.java:49)
at com.actitime.Pages.Loginpage.verifyTitle(Loginpage.java:49)
at com.actitime.Pages.Loginpage.verifyTitle(Loginpage.java:49)
at com.actitime.Pages.Loginpage.verifyTitle(Loginpage.java:49)
at com.actitime.Pages.Loginpage.verifyTitle(Loginpage.java:49)
at com.actitime.Pages.Loginpage.verifyTitle(Loginpage.java:49)
at com.actitime.Pages.Loginpage.verifyTitle(Loginpage.java:49)
at com.actitime.Pages.Loginpage.verifyTitle(Loginpage.java:49)
at com.actitime.Pages.Loginpage.verifyTitle(Loginpage.java:49)
at com.actitime.Pages.Loginpage.verifyTitle(Loginpage.java:49)
at com.actitime.Pages.Loginpage.verifyTitle(Loginpage.java:49)
at com.actitime.Pages.Loginpage.verifyTitle(Loginpage.java:49)
at com.actitime.Pages.Loginpage.verifyTitle(Loginpage.java:49)
at com.actitime.Pages.Loginpage.verifyTitle(Loginpage.java:49)
at com.actitime.Pages.Loginpage.verifyTitle(Loginpage.java:49)
at com.actitime.Pages.Loginpage.verifyTitle(Loginpage.java:49)
at com.actitime.Pages.Loginpage.verifyTitle(Loginpage.java:49)
at com.actitime.Pages.Loginpage.verifyTitle(Loginpage.java:49)
at com.actitime.Pages.Loginpage.verifyTitle(Loginpage.java:49)
at com.actitime.Pages.Loginpage.verifyTitle(Loginpage.java:49)
at com.actitime.Pages.Loginpage.verifyTitle(Loginpage.java:49)
at com.actitime.Pages.Loginpage.verifyTitle(Loginpage.java:49)
at com.actitime.Pages.Loginpage.verifyTitle(Loginpage.java:49)
at com.actitime.Pages.Loginpage.verifyTitle(Loginpage.java:49)
at com.actitime.Pages.Loginpage.verifyTitle(Loginpage.java:49)
at com.actitime.Pages.Loginpage.verifyTitle(Loginpage.java:49)
at com.actitime.Pages.Loginpage.verifyTitle(Loginpage.java:49)
at com.actitime.Pages.Loginpage.verifyTitle(Loginpage.java:49)
at com.actitime.Pages.Loginpage.verifyTitle(Loginpage.java:49)
at com.actitime.Pages.Loginpage.verifyTitle(Loginpage.java:49)
at com.actitime.Pages.Loginpage.verifyTitle(Loginpage.java:49)
at com.actitime.Pages.Loginpage.verifyTitle(Loginpage.java:49)
at com.actitime.Pages.Loginpage.verifyTitle(Loginpage.java:49)
at com.actitime.Pages.Loginpage.verifyTitle(Loginpage.java:49)
at com.actitime.Pages.Loginpage.verifyTitle(Loginpage.java:49)
at com.actitime.Pages.Loginpage.verifyTitle(Loginpage.java:49)
at com.actitime.Pages.Loginpage.verifyTitle(Loginpage.java:49)
at com.actitime.Pages.Loginpage.verifyTitle(Loginpage.java:49)
at com.actitime.Pages.Loginpage.verifyTitle(Loginpage.java:49)
at com.actitime.Pages.Loginpage.verifyTitle(Loginpage.java:49)
at com.actitime.Pages.Loginpage.verifyTitle(Loginpage.java:49)
at com.actitime.Pages.Loginpage.verifyTitle(Loginpage.java:49)
at com.actitime.Pages.Loginpage.verifyTitle(Loginpage.java:49)
at com.actitime.Pages.Loginpage.verifyTitle(Loginpage.java:49)
at com.actitime.Pages.Loginpage.verifyTitle(Loginpage.java:49)
at com.actitime.Pages.Loginpage.verifyTitle(Loginpage.java:49)
at com.actitime.Pages.Loginpage.verifyTitle(Loginpage.java:49)
at com.actitime.Pages.Loginpage.verifyTitle(Loginpage.java:49)
at com.actitime.Pages.Loginpage.verifyTitle(Loginpage.java:49)
at com.actitime.Pages.Loginpage.verifyTitle(Loginpage.java:49)
at com.actitime.Pages.Loginpage.verifyTitle(Loginpage.java:49)
at com.actitime.Pages.Loginpage.verifyTitle(Loginpage.java:49)
at com.actitime.Pages.Loginpage.verifyTitle(Loginpage.java:49)
at com.actitime.Pages.Loginpage.verifyTitle(Loginpage.java:49)
at com.actitime.Pages.Loginpage.verifyTitle(Loginpage.java:49)
at com.actitime.Pages.Loginpage.verifyTitle(Loginpage.java:49)
at com.actitime.Pages.Loginpage.verifyTitle(Loginpage.java:49)
at com.actitime.Pages.Loginpage.verifyTitle(Loginpage.java:49)
at com.actitime.Pages.Loginpage.verifyTitle(Loginpage.java:49)
at com.actitime.Pages.Loginpage.verifyTitle(Loginpage.java:49)
at com.actitime.Pages.Loginpage.verifyTitle(Loginpage.java:49)
at com.actitime.Pages.Loginpage.verifyTitle(Loginpage.java:49)
at com.actitime.Pages.Loginpage.verifyTitle(Loginpage.java:49)
at com.actitime.Pages.Loginpage.verifyTitle(Loginpage.java:49)
at com.actitime.Pages.Loginpage.verifyTitle(Loginpage.java:49)
at com.actitime.Pages.Loginpage.verifyTitle(Loginpage.java:49)
at com.actitime.Pages.Loginpage.verifyTitle(Loginpage.java:49)
at com.actitime.Pages.Loginpage.verifyTitle(Loginpage.java:49)
at com.actitime.Pages.Loginpage.verifyTitle(Loginpage.java:49)
at com.actitime.Pages.Loginpage.verifyTitle(Loginpage.java:49)
at com.actitime.Pages.Loginpage.verifyTitle(Loginpage.java:49)
at com.actitime.Pages.Loginpage.verifyTitle(Loginpage.java:49)
at com.actitime.Pages.Loginpage.verifyTitle(Loginpage.java:49)
at com.actitime.Pages.Loginpage.verifyTitle(Loginpage.java:49)
at com.actitime.Pages.Loginpage.verifyTitle(Loginpage.java:49)
at com.actitime.Pages.Loginpage.verifyTitle(Loginpage.java:49)
at com.actitime.Pages.Loginpage.verifyTitle(Loginpage.java:49)
at com.actitime.Pages.Loginpage.verifyTitle(Loginpage.java:49)
at com.actitime.Pages.Loginpage.verifyTitle(Loginpage.java:49)
at com.actitime.Pages.Loginpage.verifyTitle(Loginpage.java:49)
at com.actitime.Pages.Loginpage.verifyTitle(Loginpage.java:49)
at com.actitime.Pages.Loginpage.verifyTitle(Loginpage.java:49)
at com.actitime.Pages.Loginpage.verifyTitle(Loginpage.java:49)
at com.actitime.Pages.Loginpage.verifyTitle(Loginpage.java:49)
at com.actitime.Pages.Loginpage.verifyTitle(Loginpage.java:49)
at com.actitime.Pages.Loginpage.verifyTitle(Loginpage.java:49)
at com.actitime.Pages.Loginpage.verifyTitle(Loginpage.java:49)
at com.actitime.Pages.Loginpage.verifyTitle(Loginpage.java:49)
at com.actitime.Pages.Loginpage.verifyTitle(Loginpage.java:49)
at com.actitime.Pages.Loginpage.verifyTitle(Loginpage.java:49)
at com.actitime.Pages.Loginpage.verifyTitle(Loginpage.java:49)
at com.actitime.Pages.Loginpage.verifyTitle(Loginpage.java:49)
at com.actitime.Pages.Loginpage.verifyTitle(Loginpage.java:49)
at com.actitime.Pages.Loginpage.verifyTitle(Loginpage.java:49)
at com.actitime.Pages.Loginpage.verifyTitle(Loginpage.java:49)
at com.actitime.Pages.Loginpage.verifyTitle(Loginpage.java:49)
at com.actitime.Pages.Loginpage.verifyTitle(Loginpage.java:49)
at com.actitime.Pages.Loginpage.verifyTitle(Loginpage.java:49)
at com.actitime.Pages.Loginpage.verifyTitle(Loginpage.java:49)
at com.actitime.Pages.Loginpage.verifyTitle(Loginpage.java:49)
at com.actitime.Pages.Loginpage.verifyTitle(Loginpage.java:49)
at com.actitime.Pages.Loginpage.verifyTitle(Loginpage.java:49)
at com.actitime.Pages.Loginpage.verifyTitle(Loginpage.java:49)
at com.actitime.Pages.Loginpage.verifyTitle(Loginpage.java:49)
at com.actitime.Pages.Loginpage.verifyTitle(Loginpage.java:49)
at com.actitime.Pages.Loginpage.verifyTitle(Loginpage.java:49)
at com.actitime.Pages.Loginpage.verifyTitle(Loginpage.java:49)
at com.actitime.Pages.Loginpage.verifyTitle(Loginpage.java:49)
at com.actitime.Pages.Loginpage.verifyTitle(Loginpage.java:49)
at com.actitime.Pages.Loginpage.verifyTitle(Loginpage.java:49)
at com.actitime.Pages.Loginpage.verifyTitle(Loginpage.java:49)
at com.actitime.Pages.Loginpage.verifyTitle(Loginpage.java:49)
at com.actitime.Pages.Loginpage.verifyTitle(Loginpage.java:49)
at com.actitime.Pages.Loginpage.verifyTitle(Loginpage.java:49)
at com.actitime.Pages.Loginpage.verifyTitle(Loginpage.java:49)
at com.actitime.Pages.Loginpage.verifyTitle(Loginpage.java:49)
at com.actitime.Pages.Loginpage.verifyTitle(Loginpage.java:49)
at com.actitime.Pages.Loginpage.verifyTitle(Loginpage.java:49)
at com.actitime.Pages.Loginpage.verifyTitle(Loginpage.java:49)
at com.actitime.Pages.Loginpage.verifyTitle(Loginpage.java:49)
at com.actitime.Pages.Loginpage.verifyTitle(Loginpage.java:49)
at com.actitime.Pages.Loginpage.verifyTitle(Loginpage.java:49)
at com.actitime.Pages.Loginpage.verifyTitle(Loginpage.java:49)
at com.actitime.Pages.Loginpage.verifyTitle(Loginpage.java:49)
at com.actitime.Pages.Loginpage.verifyTitle(Loginpage.java:49)
at com.actitime.Pages.Loginpage.verifyTitle(Loginpage.java:49)
at com.actitime.Pages.Loginpage.verifyTitle(Loginpage.java:49)
at com.actitime.Pages.Loginpage.verifyTitle(Loginpage.java:49)
at com.actitime.Pages.Loginpage.verifyTitle(Loginpage.java:49)
at com.actitime.Pages.Loginpage.verifyTitle(Loginpage.java:49)
at com.actitime.Pages.Loginpage.verifyTitle(Loginpage.java:49)
at com.actitime.Pages.Loginpage.verifyTitle(Loginpage.java:49)
at com.actitime.Pages.Loginpage.verifyTitle(Loginpage.java:49)
at com.actitime.Pages.Loginpage.verifyTitle(Loginpage.java:49)
at com.actitime.Pages.Loginpage.verifyTitle(Loginpage.java:49)
at com.actitime.Pages.Loginpage.verifyTitle(Loginpage.java:49)
at com.actitime.Pages.Loginpage.verifyTitle(Loginpage.java:49)
at com.actitime.Pages.Loginpage.verifyTitle(Loginpage.java:49)
at com.actitime.Pages.Loginpage.verifyTitle(Loginpage.java:49)
at com.actitime.Pages.Loginpage.verifyTitle(Loginpage.java:49)
at com.actitime.Pages.Loginpage.verifyTitle(Loginpage.java:49)
at com.actitime.Pages.Loginpage.verifyTitle(Loginpage.java:49)
at com.actitime.Pages.Loginpage.verifyTitle(Loginpage.java:49)
at com.actitime.Pages.Loginpage.verifyTitle(Loginpage.java:49)
at com.actitime.Pages.Loginpage.verifyTitle(Loginpage.java:49)
at com.actitime.Pages.Loginpage.verifyTitle(Loginpage.java:49)
at com.actitime.Pages.Loginpage.verifyTitle(Loginpage.java:49)
at com.actitime.Pages.Loginpage.verifyTitle(Loginpage.java:49)
at com.actitime.Pages.Loginpage.verifyTitle(Loginpage.java:49)
at com.actitime.Pages.Loginpage.verifyTitle(Loginpage.java:49)
at com.actitime.Pages.Loginpage.verifyTitle(Loginpage.java:49)
at com.actitime.Pages.Loginpage.verifyTitle(Loginpage.java:49)
at com.actitime.Pages.Loginpage.verifyTitle(Loginpage.java:49)
at com.actitime.Pages.Loginpage.verifyTitle(Loginpage.java:49)
at com.actitime.Pages.Loginpage.verifyTitle(Loginpage.java:49)
at com.actitime.Pages.Loginpage.verifyTitle(Loginpage.java:49)
at com.actitime.Pages.Loginpage.verifyTitle(Loginpage.java:49)
at com.actitime.Pages.Loginpage.verifyTitle(Loginpage.java:49)
at com.actitime.Pages.Loginpage.verifyTitle(Loginpage.java:49)
at com.actitime.Pages.Loginpage.verifyTitle(Loginpage.java:49)
at com.actitime.Pages.Loginpage.verifyTitle(Loginpage.java:49)
at com.actitime.Pages.Loginpage.verifyTitle(Loginpage.java:49)
at com.actitime.Pages.Loginpage.verifyTitle(Loginpage.java:49)
at com.actitime.Pages.Loginpage.verifyTitle(Loginpage.java:49)
at com.actitime.Pages.Loginpage.verifyTitle(Loginpage.java:49)
at com.actitime.Pages.Loginpage.verifyTitle(Loginpage.java:49)
at com.actitime.Pages.Loginpage.verifyTitle(Loginpage.java:49)
at com.actitime.Pages.Loginpage.verifyTitle(Loginpage.java:49)
at com.actitime.Pages.Loginpage.verifyTitle(Loginpage.java:49)
at com.actitime.Pages.Loginpage.verifyTitle(Loginpage.java:49)
at com.actitime.Pages.Loginpage.verifyTitle(Loginpage.java:49)
at com.actitime.Pages.Loginpage.verifyTitle(Loginpage.java:49)
at com.actitime.Pages.Loginpage.verifyTitle(Loginpage.java:49)
at com.actitime.Pages.Loginpage.verifyTitle(Loginpage.java:49)
at com.actitime.Pages.Loginpage.verifyTitle(Loginpage.java:49)
at com.actitime.Pages.Loginpage.verifyTitle(Loginpage.java:49)
at com.actitime.Pages.Loginpage.verifyTitle(Loginpage.java:49)
at com.actitime.Pages.Loginpage.verifyTitle(Loginpage.java:49)
at com.actitime.Pages.Loginpage.verifyTitle(Loginpage.java:49)
at com.actitime.Pages.Loginpage.verifyTitle(Loginpage.java:49)
at com.actitime.Pages.Loginpage.verifyTitle(Loginpage.java:49)
at com.actitime.Pages.Loginpage.verifyTitle(Loginpage.java:49)
at com.actitime.Pages.Loginpage.verifyTitle(Loginpage.java:49)
at com.actitime.Pages.Loginpage.verifyTitle(Loginpage.java:49)
at com.actitime.Pages.Loginpage.verifyTitle(Loginpage.java:49)
at com.actitime.Pages.Loginpage.verifyTitle(Loginpage.java:49)
at com.actitime.Pages.Loginpage.verifyTitle(Loginpage.java:49)
at com.actitime.Pages.Loginpage.verifyTitle(Loginpage.java:49)
at com.actitime.Pages.Loginpage.verifyTitle(Loginpage.java:49)
at com.actitime.Pages.Loginpage.verifyTitle(Loginpage.java:49)
at com.actitime.Pages.Loginpage.verifyTitle(Loginpage.java:49)
at com.actitime.Pages.Loginpage.verifyTitle(Loginpage.java:49)
at com.actitime.Pages.Loginpage.verifyTitle(Loginpage.java:49)
at com.actitime.Pages.Loginpage.verifyTitle(Loginpage.java:49)
at com.actitime.Pages.Loginpage.verifyTitle(Loginpage.java:49)
at com.actitime.Pages.Loginpage.verifyTitle(Loginpage.java:49)
at com.actitime.Pages.Loginpage.verifyTitle(Loginpage.java:49)
at com.actitime.Pages.Loginpage.verifyTitle(Loginpage.java:49)
at com.actitime.Pages.Loginpage.verifyTitle(Loginpage.java:49)
at com.actitime.Pages.Loginpage.verifyTitle(Loginpage.java:49)
at com.actitime.Pages.Loginpage.verifyTitle(Loginpage.java:49)
at com.actitime.Pages.Loginpage.verifyTitle(Loginpage.java:49)
at com.actitime.Pages.Loginpage.verifyTitle(Loginpage.java:49)
at com.actitime.Pages.Loginpage.verifyTitle(Loginpage.java:49)
at com.actitime.Pages.Loginpage.verifyTitle(Loginpage.java:49)
at com.actitime.Pages.Loginpage.verifyTitle(Loginpage.java:49)
at com.actitime.Pages.Loginpage.verifyTitle(Loginpage.java:49)
at com.actitime.Pages.Loginpage.verifyTitle(Loginpage.java:49)
at com.actitime.Pages.Loginpage.verifyTitle(Loginpage.java:49)
at com.actitime.Pages.Loginpage.verifyTitle(Loginpage.java:49)
at com.actitime.Pages.Loginpage.verifyTitle(Loginpage.java:49)
at com.actitime.Pages.Loginpage.verifyTitle(Loginpage.java:49)
[...]
at com.actitime.Pages.Loginpage.verifyTitle(Loginpage.java:49)
at com.actitime.Pages.Loginpage.verifyTitle(Loginpage.java:49)
at com.actitime.Pages.Loginpage.verifyTitle(Loginpage.java:49)
at com.actitime.Pages.Loginpage.verifyTitle(Loginpage.java:49)
at com.actitime.Pages.Loginpage.verifyTitle(Loginpage.java:49)
at com.actitime.Pages.Loginpage.verifyTitle(Loginpage.java:49)
at com.actitime.Pages.Loginpage.verifyTitle(Loginpage.java:49)
at com.actitime.Pages.Loginpage.verifyTitle(Loginpage.java:49)
at com.actitime.Pages.Loginpage.verifyTitle(Loginpage.java:49)
at com.actitime.Pages.Loginpage.verifyTitle(Loginpage.java:49)
at com.actitime.Pages.Loginpage.verifyTitle(Loginpage.java:49)
at com.actitime.Pages.Loginpage.verifyTitle(Loginpage.java:49)
at com.actitime.Pages.Loginpage.verifyTitle(Loginpage.java:49)
at com.actitime.Pages.Loginpage.verifyTitle(Loginpage.java:49)
at com.actitime.Pages.Loginpage.verifyTitle(Loginpage.java:49)
at com.actitime.Pages.Loginpage.verifyTitle(Loginpage.java:49)
at com.actitime.Pages.Loginpage.verifyTitle(Loginpage.java:49)
at com.actitime.Pages.Loginpage.verifyTitle(Loginpage.java:49)
at com.actitime.Pages.Loginpage.verifyTitle(Loginpage.java:49)
at com.actitime.Pages.Loginpage.verifyTitle(Loginpage.java:49)
at com.actitime.Pages.Loginpage.verifyTitle(Loginpage.java:49)
at com.actitime.Pages.Loginpage.verifyTitle(Loginpage.java:49)
at com.actitime.Pages.Loginpage.verifyTitle(Loginpage.java:49)
at com.actitime.Pages.Loginpage.verifyTitle(Loginpage.java:49)
at com.actitime.Pages.Loginpage.verifyTitle(Loginpage.java:49)
at com.actitime.Pages.Loginpage.verifyTitle(Loginpage.java:49)
at com.actitime.Pages.Loginpage.verifyTitle(Loginpage.java:49)
at com.actitime.Pages.Loginpage.verifyTitle(Loginpage.java:49)
at com.actitime.Pages.Loginpage.verifyTitle(Loginpage.java:49)
at com.actitime.Pages.Loginpage.verifyTitle(Loginpage.java:49)
at com.actitime.Pages.Loginpage.verifyTitle(Loginpage.java:49)
at com.actitime.Pages.Loginpage.verifyTitle(Loginpage.java:49)
at com.actitime.Pages.Loginpage.verifyTitle(Loginpage.java:49)
at com.actitime.Pages.Loginpage.verifyTitle(Loginpage.java:49)
at com.actitime.Pages.Loginpage.verifyTitle(Loginpage.java:49)
at com.actitime.Pages.Loginpage.verifyTitle(Loginpage.java:49)
at com.actitime.Pages.Loginpage.verifyTitle(Loginpage.java:49)
at com.actitime.Pages.Loginpage.verifyTitle(Loginpage.java:49)
at com.actitime.Pages.Loginpage.verifyTitle(Loginpage.java:49)
at com.actitime.Pages.Loginpage.verifyTitle(Loginpage.java:49)
at com.actitime.Pages.Loginpage.verifyTitle(Loginpage.java:49)
at com.actitime.Pages.Loginpage.verifyTitle(Loginpage.java:49)
at com.actitime.Pages.Loginpage.verifyTitle(Loginpage.java:49)
at com.actitime.Pages.Loginpage.verifyTitle(Loginpage.java:49)
at com.actitime.Pages.Loginpage.verifyTitle(Loginpage.java:49)
at com.actitime.Pages.Loginpage.verifyTitle(Loginpage.java:49)
at com.actitime.Pages.Loginpage.verifyTitle(Loginpage.java:49)
at com.actitime.Pages.Loginpage.verifyTitle(Loginpage.java:49)
at com.actitime.Pages.Loginpage.verifyTitle(Loginpage.java:49)
at com.actitime.Pages.Loginpage.verifyTitle(Loginpage.java:49)
at com.actitime.Pages.Loginpage.verifyTitle(Loginpage.java:49)
at com.actitime.Pages.Loginpage.verifyTitle(Loginpage.java:49)
at com.actitime.Pages.Loginpage.verifyTitle(Loginpage.java:49)
at com.actitime.Pages.Loginpage.verifyTitle(Loginpage.java:49)
at com.actitime.Pages.Loginpage.verifyTitle(Loginpage.java:49)
at com.actitime.Pages.Loginpage.verifyTitle(Loginpage.java:49)
at com.actitime.Pages.Loginpage.verifyTitle(Loginpage.java:49)
at com.actitime.Pages.Loginpage.verifyTitle(Loginpage.java:49)
at com.actitime.Pages.Loginpage.verifyTitle(Loginpage.java:49)
at com.actitime.Pages.Loginpage.verifyTitle(Loginpage.java:49)
at com.actitime.Pages.Loginpage.verifyTitle(Loginpage.java:49)
at com.actitime.Pages.Loginpage.verifyTitle(Loginpage.java:49)
at com.actitime.Pages.Loginpage.verifyTitle(Loginpage.java:49)
at com.actitime.Pages.Loginpage.verifyTitle(Loginpage.java:49)
at com.actitime.Pages.Loginpage.verifyTitle(Loginpage.java:49)
at com.actitime.Pages.Loginpage.verifyTitle(Loginpage.java:49)
at com.actitime.Pages.Loginpage.verifyTitle(Loginpage.java:49)
at com.actitime.Pages.Loginpage.verifyTitle(Loginpage.java:49)
at com.actitime.Pages.Loginpage.verifyTitle(Loginpage.java:49)
at com.actitime.Pages.Loginpage.verifyTitle(Loginpage.java:49)
at com.actitime.Pages.Loginpage.verifyTitle(Loginpage.java:49)
at com.actitime.Pages.Loginpage.verifyTitle(Loginpage.java:49)
at com.actitime.Pages.Loginpage.verifyTitle(Loginpage.java:49)
at com.actitime.Pages.Loginpage.verifyTitle(Loginpage.java:49)
at com.actitime.Pages.Loginpage.verifyTitle(Loginpage.java:49)
at com.actitime.Pages.Loginpage.verifyTitle(Loginpage.java:49)
at com.actitime.Pages.Loginpage.verifyTitle(Loginpage.java:49)
at com.actitime.Pages.Loginpage.verifyTitle(Loginpage.java:49)
at com.actitime.Pages.Loginpage.verifyTitle(Loginpage.java:49)
at com.actitime.Pages.Loginpage.verifyTitle(Loginpage.java:49)
at com.actitime.Pages.Loginpage.verifyTitle(Loginpage.java:49)
at com.actitime.Pages.Loginpage.verifyTitle(Loginpage.java:49)
at com.actitime.Pages.Loginpage.verifyTitle(Loginpage.java:49)
at com.actitime.Pages.Loginpage.verifyTitle(Loginpage.java:49)
at com.actitime.Pages.Loginpage.verifyTitle(Loginpage.java:49)
at com.actitime.Pages.Loginpage.verifyTitle(Loginpage.java:49)
at com.actitime.Pages.Loginpage.verifyTitle(Loginpage.java:49)
at com.actitime.Pages.Loginpage.verifyTitle(Loginpage.java:49)
at com.actitime.Pages.Loginpage.verifyTitle(Loginpage.java:49)
at com.actitime.Pages.Loginpage.verifyTitle(Loginpage.java:49)
at com.actitime.Pages.Loginpage.verifyTitle(Loginpage.java:49)
at com.actitime.Pages.Loginpage.verifyTitle(Loginpage.java:49)
at com.actitime.Pages.Loginpage.verifyTitle(Loginpage.java:49)
at com.actitime.Pages.Loginpage.verifyTitle(Loginpage.java:49)
at com.actitime.Pages.Loginpage.verifyTitle(Loginpage.java:49)
at com.actitime.Pages.Loginpage.verifyTitle(Loginpage.java:49)
at com.actitime.Pages.Loginpage.verifyTitle(Loginpage.java:49)
at com.actitime.Pages.Loginpage.verifyTitle(Loginpage.java:49)
at com.actitime.Pages.Loginpage.verifyTitle(Loginpage.java:49)
at com.actitime.Pages.Loginpage.verifyTitle(Loginpage.java:49)
at com.actitime.Pages.Loginpage.verifyTitle(Loginpage.java:49)
at com.actitime.Pages.Loginpage.verifyTitle(Loginpage.java:49)
at com.actitime.Pages.Loginpage.verifyTitle(Loginpage.java:49)
at com.actitime.Pages.Loginpage.verifyTitle(Loginpage.java:49)
at com.actitime.Pages.Loginpage.verifyTitle(Loginpage.java:49)
at com.actitime.Pages.Loginpage.verifyTitle(Loginpage.java:49)
at com.actitime.Pages.Loginpage.verifyTitle(Loginpage.java:49)
at com.actitime.Pages.Loginpage.verifyTitle(Loginpage.java:49)
at com.actitime.Pages.Loginpage.verifyTitle(Loginpage.java:49)
at com.actitime.Pages.Loginpage.verifyTitle(Loginpage.java:49)
at com.actitime.Pages.Loginpage.verifyTitle(Loginpage.java:49)
at com.actitime.Pages.Loginpage.verifyTitle(Loginpage.java:49)
at com.actitime.Pages.Loginpage.verifyTitle(Loginpage.java:49)
at com.actitime.Pages.Loginpage.verifyTitle(Loginpage.java:49)
at com.actitime.Pages.Loginpage.verifyTitle(Loginpage.java:49)
at com.actitime.Pages.Loginpage.verifyTitle(Loginpage.java:49)
at com.actitime.Pages.Loginpage.verifyTitle(Loginpage.java:49)
at com.actitime.Pages.Loginpage.verifyTitle(Loginpage.java:49)
at com.actitime.Pages.Loginpage.verifyTitle(Loginpage.java:49)
at com.actitime.Pages.Loginpage.verifyTitle(Loginpage.java:49)
at com.actitime.Pages.Loginpage.verifyTitle(Loginpage.java:49)
at com.actitime.Pages.Loginpage.verifyTitle(Loginpage.java:49)
at com.actitime.Pages.Loginpage.verifyTitle(Loginpage.java:49)
at com.actitime.Pages.Loginpage.verifyTitle(Loginpage.java:49)
at com.actitime.Pages.Loginpage.verifyTitle(Loginpage.java:49)
at com.actitime.Pages.Loginpage.verifyTitle(Loginpage.java:49)
at com.actitime.Pages.Loginpage.verifyTitle(Loginpage.java:49)
at com.actitime.Pages.Loginpage.verifyTitle(Loginpage.java:49)
at com.actitime.Pages.Loginpage.verifyTitle(Loginpage.java:49)
at com.actitime.Pages.Loginpage.verifyTitle(Loginpage.java:49)
at com.actitime.Pages.Loginpage.verifyTitle(Loginpage.java:49)
at com.actitime.Pages.Loginpage.verifyTitle(Loginpage.java:49)
at com.actitime.Pages.Loginpage.verifyTitle(Loginpage.java:49)
at com.actitime.Pages.Loginpage.verifyTitle(Loginpage.java:49)
at com.actitime.Pages.Loginpage.verifyTitle(Loginpage.java:49)
at com.actitime.Pages.Loginpage.verifyTitle(Loginpage.java:49)
at com.actitime.Pages.Loginpage.verifyTitle(Loginpage.java:49)
at com.actitime.Pages.Loginpage.verifyTitle(Loginpage.java:49)
at com.actitime.Pages.Loginpage.verifyTitle(Loginpage.java:49)
at com.actitime.Pages.Loginpage.verifyTitle(Loginpage.java:49)
at com.actitime.Pages.Loginpage.verifyTitle(Loginpage.java:49)
at com.actitime.Pages.Loginpage.verifyTitle(Loginpage.java:49)
at com.actitime.Pages.Loginpage.verifyTitle(Loginpage.java:49)
at com.actitime.Pages.Loginpage.verifyTitle(Loginpage.java:49)
at com.actitime.Pages.Loginpage.verifyTitle(Loginpage.java:49)
at com.actitime.Pages.Loginpage.verifyTitle(Loginpage.java:49)
at com.actitime.Pages.Loginpage.verifyTitle(Loginpage.java:49)
at com.actitime.Pages.Loginpage.verifyTitle(Loginpage.java:49)
at com.actitime.Pages.Loginpage.verifyTitle(Loginpage.java:49)
at com.actitime.Pages.Loginpage.verifyTitle(Loginpage.java:49)
at com.actitime.Pages.Loginpage.verifyTitle(Loginpage.java:49)
at com.actitime.Pages.Loginpage.verifyTitle(Loginpage.java:49)
at com.actitime.Pages.Loginpage.verifyTitle(Loginpage.java:49)
at com.actitime.Pages.Loginpage.verifyTitle(Loginpage.java:49)
at com.actitime.Pages.Loginpage.verifyTitle(Loginpage.java:49)
at com.actitime.Pages.Loginpage.verifyTitle(Loginpage.java:49)
at com.actitime.Pages.Loginpage.verifyTitle(Loginpage.java:49)
at com.actitime.Pages.Loginpage.verifyTitle(Loginpage.java:49)
at com.actitime.Pages.Loginpage.verifyTitle(Loginpage.java:49)
at com.actitime.Pages.Loginpage.verifyTitle(Loginpage.java:49)
at com.actitime.Pages.Loginpage.verifyTitle(Loginpage.java:49)
at com.actitime.Pages.Loginpage.verifyTitle(Loginpage.java:49)
at com.actitime.Pages.Loginpage.verifyTitle(Loginpage.java:49)
at com.actitime.Pages.Loginpage.verifyTitle(Loginpage.java:49)
at com.actitime.Pages.Loginpage.verifyTitle(Loginpage.java:49)
at com.actitime.Pages.Loginpage.verifyTitle(Loginpage.java:49)
at com.actitime.Pages.Loginpage.verifyTitle(Loginpage.java:49)
at com.actitime.Pages.Loginpage.verifyTitle(Loginpage.java:49)
at com.actitime.Pages.Loginpage.verifyTitle(Loginpage.java:49)
at com.actitime.Pages.Loginpage.verifyTitle(Loginpage.java:49)
at com.actitime.Pages.Loginpage.verifyTitle(Loginpage.java:49)
at com.actitime.Pages.Loginpage.verifyTitle(Loginpage.java:49)
at com.actitime.Pages.Loginpage.verifyTitle(Loginpage.java:49)
at com.actitime.Pages.Loginpage.verifyTitle(Loginpage.java:49)
at com.actitime.Pages.Loginpage.verifyTitle(Loginpage.java:49)
at com.actitime.Pages.Loginpage.verifyTitle(Loginpage.java:49)
at com.actitime.Pages.Loginpage.verifyTitle(Loginpage.java:49)
at com.actitime.Pages.Loginpage.verifyTitle(Loginpage.java:49)
at com.actitime.Pages.Loginpage.verifyTitle(Loginpage.java:49)
at com.actitime.Pages.Loginpage.verifyTitle(Loginpage.java:49)
at com.actitime.Pages.Loginpage.verifyTitle(Loginpage.java:49)
at com.actitime.Pages.Loginpage.verifyTitle(Loginpage.java:49)
at com.actitime.Pages.Loginpage.verifyTitle(Loginpage.java:49)
at com.actitime.Pages.Loginpage.verifyTitle(Loginpage.java:49)
at com.actitime.Pages.Loginpage.verifyTitle(Loginpage.java:49)
at com.actitime.Pages.Loginpage.verifyTitle(Loginpage.java:49)
at com.actitime.Pages.Loginpage.verifyTitle(Loginpage.java:49)
at com.actitime.Pages.Loginpage.verifyTitle(Loginpage.java:49)
at com.actitime.Pages.Loginpage.verifyTitle(Loginpage.java:49)
at com.actitime.Pages.Loginpage.verifyTitle(Loginpage.java:49)
at com.actitime.Pages.Loginpage.verifyTitle(Loginpage.java:49)
at com.actitime.Pages.Loginpage.verifyTitle(Loginpage.java:49)
at com.actitime.Pages.Loginpage.verifyTitle(Loginpage.java:49)
at com.actitime.Pages.Loginpage.verifyTitle(Loginpage.java:49)
at com.actitime.Pages.Loginpage.verifyTitle(Loginpage.java:49)
at com.actitime.Pages.Loginpage.verifyTitle(Loginpage.java:49)
at com.actitime.Pages.Loginpage.verifyTitle(Loginpage.java:49)
at com.actitime.Pages.Loginpage.verifyTitle(Loginpage.java:49)
at com.actitime.Pages.Loginpage.verifyTitle(Loginpage.java:49)
at com.actitime.Pages.Loginpage.verifyTitle(Loginpage.java:49)
at com.actitime.Pages.Loginpage.verifyTitle(Loginpage.java:49)
at com.actitime.Pages.Loginpage.verifyTitle(Loginpage.java:49)
at com.actitime.Pages.Loginpage.verifyTitle(Loginpage.java:49)
at com.actitime.Pages.Loginpage.verifyTitle(Loginpage.java:49)
at com.actitime.Pages.Loginpage.verifyTitle(Loginpage.java:49)
at com.actitime.Pages.Loginpage.verifyTitle(Loginpage.java:49)
at com.actitime.Pages.Loginpage.verifyTitle(Loginpage.java:49)
at com.actitime.Pages.Loginpage.verifyTitle(Loginpage.java:49)
at com.actitime.Pages.Loginpage.verifyTitle(Loginpage.java:49)
at com.actitime.Pages.Loginpage.verifyTitle(Loginpage.java:49)
at com.actitime.Pages.Loginpage.verifyTitle(Loginpage.java:49)
at com.actitime.Pages.Loginpage.verifyTitle(Loginpage.java:49)
at com.actitime.Pages.Loginpage.verifyTitle(Loginpage.java:49)
at com.actitime.Pages.Loginpage.verifyTitle(Loginpage.java:49)
at com.actitime.Pages.Loginpage.verifyTitle(Loginpage.java:49)
at com.actitime.Pages.Loginpage.verifyTitle(Loginpage.java:49)
at com.actitime.Pages.Loginpage.verifyTitle(Loginpage.java:49)
at com.actitime.Pages.Loginpage.verifyTitle(Loginpage.java:49)
at com.actitime.Pages.Loginpage.verifyTitle(Loginpage.java:49)
at com.actitime.Pages.Loginpage.verifyTitle(Loginpage.java:49)
at com.actitime.Pages.Loginpage.verifyTitle(Loginpage.java:49)
at com.actitime.Pages.Loginpage.verifyTitle(Loginpage.java:49)
at com.actitime.Pages.Loginpage.verifyTitle(Loginpage.java:49)
at com.actitime.Pages.Loginpage.verifyTitle(Loginpage.java:49)
at com.actitime.Pages.Loginpage.verifyTitle(Loginpage.java:49)
at com.actitime.Pages.Loginpage.verifyTitle(Loginpage.java:49)
at com.actitime.Pages.Loginpage.verifyTitle(Loginpage.java:49)
at com.actitime.Pages.Loginpage.verifyTitle(Loginpage.java:49)
at com.actitime.Pages.Loginpage.verifyTitle(Loginpage.java:49)
at com.actitime.Pages.Loginpage.verifyTitle(Loginpage.java:49)
at com.actitime.Pages.Loginpage.verifyTitle(Loginpage.java:49)
at com.actitime.Pages.Loginpage.verifyTitle(Loginpage.java:49)
at com.actitime.Pages.Loginpage.verifyTitle(Loginpage.java:49)
at com.actitime.Pages.Loginpage.verifyTitle(Loginpage.java:49)
at com.actitime.Pages.Loginpage.verifyTitle(Loginpage.java:49)
at com.actitime.Pages.Loginpage.verifyTitle(Loginpage.java:49)
at com.actitime.Pages.Loginpage.verifyTitle(Loginpage.java:49)
at com.actitime.Pages.Loginpage.verifyTitle(Loginpage.java:49)
at com.actitime.Pages.Loginpage.verifyTitle(Loginpage.java:49)
at com.actitime.Pages.Loginpage.verifyTitle(Loginpage.java:49)
at com.actitime.Pages.Loginpage.verifyTitle(Loginpage.java:49)
at com.actitime.Pages.Loginpage.verifyTitle(Loginpage.java:49)
at com.actitime.Pages.Loginpage.verifyTitle(Loginpage.java:49)
at com.actitime.Pages.Loginpage.verifyTitle(Loginpage.java:49)
at com.actitime.Pages.Loginpage.verifyTitle(Loginpage.java:49)
at com.actitime.Pages.Loginpage.verifyTitle(Loginpage.java:49)
at com.actitime.Pages.Loginpage.verifyTitle(Loginpage.java:49)
at com.actitime.Pages.Loginpage.verifyTitle(Loginpage.java:49)
at com.actitime.Pages.Loginpage.verifyTitle(Loginpage.java:49)
at com.actitime.Pages.Loginpage.verifyTitle(Loginpage.java:49)
at com.actitime.Pages.Loginpage.verifyTitle(Loginpage.java:49)
at com.actitime.Pages.Loginpage.verifyTitle(Loginpage.java:49)
at com.actitime.Pages.Loginpage.verifyTitle(Loginpage.java:49)
at com.actitime.Pages.Loginpage.verifyTitle(Loginpage.java:49)
at com.actitime.Pages.Loginpage.verifyTitle(Loginpage.java:49)
at com.actitime.Pages.Loginpage.verifyTitle(Loginpage.java:49)
at com.actitime.Pages.Loginpage.verifyTitle(Loginpage.java:49)
at com.actitime.Pages.Loginpage.verifyTitle(Loginpage.java:49)
at com.actitime.Pages.Loginpage.verifyTitle(Loginpage.java:49)
at com.actitime.Pages.Loginpage.verifyTitle(Loginpage.java:49)
at com.actitime.Pages.Loginpage.verifyTitle(Loginpage.java:49)
at com.actitime.Pages.Loginpage.verifyTitle(Loginpage.java:49)
at com.actitime.Pages.Loginpage.verifyTitle(Loginpage.java:49)
at com.actitime.Pages.Loginpage.verifyTitle(Loginpage.java:49)
at com.actitime.Pages.Loginpage.verifyTitle(Loginpage.java:49)
at com.actitime.Pages.Loginpage.verifyTitle(Loginpage.java:49)
at com.actitime.Pages.Loginpage.verifyTitle(Loginpage.java:49)
at com.actitime.Pages.Loginpage.verifyTitle(Loginpage.java:49)
at com.actitime.Pages.Loginpage.verifyTitle(Loginpage.java:49)
at com.actitime.Pages.Loginpage.verifyTitle(Loginpage.java:49)
at com.actitime.Pages.Loginpage.verifyTitle(Loginpage.java:49)
at com.actitime.Pages.Loginpage.verifyTitle(Loginpage.java:49)
at com.actitime.Pages.Loginpage.verifyTitle(Loginpage.java:49)
at com.actitime.Pages.Loginpage.verifyTitle(Loginpage.java:49)
at com.actitime.Pages.Loginpage.verifyTitle(Loginpage.java:49)
at com.actitime.Pages.Loginpage.verifyTitle(Loginpage.java:49)
at com.actitime.Pages.Loginpage.verifyTitle(Loginpage.java:49)
at com.actitime.Pages.Loginpage.verifyTitle(Loginpage.java:49)
at com.actitime.Pages.Loginpage.verifyTitle(Loginpage.java:49)
at com.actitime.Pages.Loginpage.verifyTitle(Loginpage.java:49)
at com.actitime.Pages.Loginpage.verifyTitle(Loginpage.java:49)
at com.actitime.Pages.Loginpage.verifyTitle(Loginpage.java:49)
at com.actitime.Pages.Loginpage.verifyTitle(Loginpage.java:49)
at com.actitime.Pages.Loginpage.verifyTitle(Loginpage.java:49)
at com.actitime.Pages.Loginpage.verifyTitle(Loginpage.java:49)
at com.actitime.Pages.Loginpage.verifyTitle(Loginpage.java:49)
at com.actitime.Pages.Loginpage.verifyTitle(Loginpage.java:49)
at com.actitime.Pages.Loginpage.verifyTitle(Loginpage.java:49)
at com.actitime.Pages.Loginpage.verifyTitle(Loginpage.java:49)
at com.actitime.Pages.Loginpage.verifyTitle(Loginpage.java:49)
at com.actitime.Pages.Loginpage.verifyTitle(Loginpage.java:49)
at com.actitime.Pages.Loginpage.verifyTitle(Loginpage.java:49)
at com.actitime.Pages.Loginpage.verifyTitle(Loginpage.java:49)
at com.actitime.Pages.Loginpage.verifyTitle(Loginpage.java:49)
at com.actitime.Pages.Loginpage.verifyTitle(Loginpage.java:49)
at com.actitime.Pages.Loginpage.verifyTitle(Loginpage.java:49)
at com.actitime.Pages.Loginpage.verifyTitle(Loginpage.java:49)
at com.actitime.Pages.Loginpage.verifyTitle(Loginpage.java:49)
at com.actitime.Pages.Loginpage.verifyTitle(Loginpage.java:49)
at com.actitime.Pages.Loginpage.verifyTitle(Loginpage.java:49)
at com.actitime.Pages.Loginpage.verifyTitle(Loginpage.java:49)
at com.actitime.Pages.Loginpage.verifyTitle(Loginpage.java:49)
at com.actitime.Pages.Loginpage.verifyTitle(Loginpage.java:49)
at com.actitime.Pages.Loginpage.verifyTitle(Loginpage.java:49)
at com.actitime.Pages.Loginpage.verifyTitle(Loginpage.java:49)
at com.actitime.Pages.Loginpage.verifyTitle(Loginpage.java:49)
at com.actitime.Pages.Loginpage.verifyTitle(Loginpage.java:49)
at com.actitime.Pages.Loginpage.verifyTitle(Loginpage.java:49)
at com.actitime.Pages.Loginpage.verifyTitle(Loginpage.java:49)
at com.actitime.Pages.Loginpage.verifyTitle(Loginpage.java:49)
at com.actitime.Pages.Loginpage.verifyTitle(Loginpage.java:49)
at com.actitime.Pages.Loginpage.verifyTitle(Loginpage.java:49)
at com.actitime.Pages.Loginpage.verifyTitle(Loginpage.java:49)
at com.actitime.Pages.Loginpage.verifyTitle(Loginpage.java:49)
at com.actitime.Pages.Loginpage.verifyTitle(Loginpage.java:49)
at com.actitime.Pages.Loginpage.verifyTitle(Loginpage.java:49)
]]>
    </failure>
  </testcase> <!-- itestvalidloginlogout -->
</testsuite> <!-- Test -->
