<?xml version="1.0" encoding="UTF-8"?>
<testng-results skipped="0" failed="2" ignored="0" total="2" passed="0">
  <reporter-output>
  </reporter-output>
  <suite name="Suite" duration-ms="39031" started-at="2020-01-08T11:56:10 IST" finished-at="2020-01-08T11:56:49 IST">
    <groups>
    </groups>
    <test name="Test" duration-ms="39031" started-at="2020-01-08T11:56:10 IST" finished-at="2020-01-08T11:56:49 IST">
      <class name="com.actitime.tests.InvalidloginlogoutTest">
        <test-method status="PASS" signature="precondition()[pri:0, instance:com.actitime.tests.InvalidloginlogoutTest@50b494a6]" name="precondition" is-config="true" duration-ms="19312" started-at="2020-01-08T11:56:10 IST" finished-at="2020-01-08T11:56:29 IST">
          <reporter-output>
          </reporter-output>
        </test-method> <!-- precondition -->
        <test-method status="FAIL" signature="testinvalidloginlogout()[pri:0, instance:com.actitime.tests.InvalidloginlogoutTest@50b494a6]" name="testinvalidloginlogout" duration-ms="1054" started-at="2020-01-08T11:56:29 IST" finished-at="2020-01-08T11:56:30 IST">
          <exception class="java.lang.StackOverflowError">
            <full-stacktrace>
              <![CDATA[java.lang.StackOverflowError
at com.actitime.Pages.Loginpage.verifyTitle(Loginpage.java:49)
at com.actitime.Pages.Loginpage.verifyTitle(Loginpage.java:49)
at com.actitime.Pages.Loginpage.verifyTitle(Loginpage.java:49)
at com.actitime.Pages.Loginpage.verifyTitle(Loginpage.java:49)
at com.actitime.Pages.Loginpage.verifyTitle(Loginpage.java:49)
at com.actitime.Pages.Loginpage.verifyTitle(Loginpage.java:49)
at com.actitime.Pages.Loginpage.verifyTitle(Loginpage.java:49)
at com.actitime.Pages.Loginpage.verifyTitle(Loginpage.java:49)
at com.actitime.Pages.Loginpage.verifyTitle(Loginpage.java:49)
at com.actitime.Pages.Loginpage.verifyTitle(Loginpage.java:49)
at com.actitime.Pages.Loginpage.verifyTitle(Loginpage.java:49)
at com.actitime.Pages.Loginpage.verifyTitle(Loginpage.java:49)
at com.actitime.Pages.Loginpage.verifyTitle(Loginpage.java:49)
at com.actitime.Pages.Loginpage.verifyTitle(Loginpage.java:49)
at com.actitime.Pages.Loginpage.verifyTitle(Loginpage.java:49)
at com.actitime.Pages.Loginpage.verifyTitle(Loginpage.java:49)
at com.actitime.Pages.Loginpage.verifyTitle(Loginpage.java:49)
at com.actitime.Pages.Loginpage.verifyTitle(Loginpage.java:49)
at com.actitime.Pages.Loginpage.verifyTitle(Loginpage.java:49)
at com.actitime.Pages.Loginpage.verifyTitle(Loginpage.java:49)
at com.actitime.Pages.Loginpage.verifyTitle(Loginpage.java:49)
at com.actitime.Pages.Loginpage.verifyTitle(Loginpage.java:49)
at com.actitime.Pages.Loginpage.verifyTitle(Loginpage.java:49)
at com.actitime.Pages.Loginpage.verifyTitle(Loginpage.java:49)
at com.actitime.Pages.Loginpage.verifyTitle(Loginpage.java:49)
at com.actitime.Pages.Loginpage.verifyTitle(Loginpage.java:49)
at com.actitime.Pages.Loginpage.verifyTitle(Loginpage.java:49)
at com.actitime.Pages.Loginpage.verifyTitle(Loginpage.java:49)
at com.actitime.Pages.Loginpage.verifyTitle(Loginpage.java:49)
at com.actitime.Pages.Loginpage.verifyTitle(Loginpage.java:49)
at com.actitime.Pages.Loginpage.verifyTitle(Loginpage.java:49)
at com.actitime.Pages.Loginpage.verifyTitle(Loginpage.java:49)
at com.actitime.Pages.Loginpage.verifyTitle(Loginpage.java:49)
at com.actitime.Pages.Loginpage.verifyTitle(Loginpage.java:49)
at com.actitime.Pages.Loginpage.verifyTitle(Loginpage.java:49)
at com.actitime.Pages.Loginpage.verifyTitle(Loginpage.java:49)
at com.actitime.Pages.Loginpage.verifyTitle(Loginpage.java:49)
at com.actitime.Pages.Loginpage.verifyTitle(Loginpage.java:49)
at com.actitime.Pages.Loginpage.verifyTitle(Loginpage.java:49)
at com.actitime.Pages.Loginpage.verifyTitle(Loginpage.java:49)
at com.actitime.Pages.Loginpage.verifyTitle(Loginpage.java:49)
at com.actitime.Pages.Loginpage.verifyTitle(Loginpage.java:49)
at com.actitime.Pages.Loginpage.verifyTitle(Loginpage.java:49)
at com.actitime.Pages.Loginpage.verifyTitle(Loginpage.java:49)
at com.actitime.Pages.Loginpage.verifyTitle(Loginpage.java:49)
at com.actitime.Pages.Loginpage.verifyTitle(Loginpage.java:49)
at com.actitime.Pages.Loginpage.verifyTitle(Loginpage.java:49)
at com.actitime.Pages.Loginpage.verifyTitle(Loginpage.java:49)
at com.actitime.Pages.Loginpage.verifyTitle(Loginpage.java:49)
at com.actitime.Pages.Loginpage.verifyTitle(Loginpage.java:49)
at com.actitime.Pages.Loginpage.verifyTitle(Loginpage.java:49)
at com.actitime.Pages.Loginpage.verifyTitle(Loginpage.java:49)
at com.actitime.Pages.Loginpage.verifyTitle(Loginpage.java:49)
at com.actitime.Pages.Loginpage.verifyTitle(Loginpage.java:49)
at com.actitime.Pages.Loginpage.verifyTitle(Loginpage.java:49)
at com.actitime.Pages.Loginpage.verifyTitle(Loginpage.java:49)
at com.actitime.Pages.Loginpage.verifyTitle(Loginpage.java:49)
at com.actitime.Pages.Loginpage.verifyTitle(Loginpage.java:49)
at com.actitime.Pages.Loginpage.verifyTitle(Loginpage.java:49)
at com.actitime.Pages.Loginpage.verifyTitle(Loginpage.java:49)
at com.actitime.Pages.Loginpage.verifyTitle(Loginpage.java:49)
at com.actitime.Pages.Loginpage.verifyTitle(Loginpage.java:49)
at com.actitime.Pages.Loginpage.verifyTitle(Loginpage.java:49)
at com.actitime.Pages.Loginpage.verifyTitle(Loginpage.java:49)
at com.actitime.Pages.Loginpage.verifyTitle(Loginpage.java:49)
at com.actitime.Pages.Loginpage.verifyTitle(Loginpage.java:49)
at com.actitime.Pages.Loginpage.verifyTitle(Loginpage.java:49)
at com.actitime.Pages.Loginpage.verifyTitle(Loginpage.java:49)
at com.actitime.Pages.Loginpage.verifyTitle(Loginpage.java:49)
at com.actitime.Pages.Loginpage.verifyTitle(Loginpage.java:49)
at com.actitime.Pages.Loginpage.verifyTitle(Loginpage.java:49)
at com.actitime.Pages.Loginpage.verifyTitle(Loginpage.java:49)
at com.actitime.Pages.Loginpage.verifyTitle(Loginpage.java:49)
at com.actitime.Pages.Loginpage.verifyTitle(Loginpage.java:49)
at com.actitime.Pages.Loginpage.verifyTitle(Loginpage.java:49)
at com.actitime.Pages.Loginpage.verifyTitle(Loginpage.java:49)
at com.actitime.Pages.Loginpage.verifyTitle(Loginpage.java:49)
at com.actitime.Pages.Loginpage.verifyTitle(Loginpage.java:49)
at com.actitime.Pages.Loginpage.verifyTitle(Loginpage.java:49)
at com.actitime.Pages.Loginpage.verifyTitle(Loginpage.java:49)
at com.actitime.Pages.Loginpage.verifyTitle(Loginpage.java:49)
at com.actitime.Pages.Loginpage.verifyTitle(Loginpage.java:49)
at com.actitime.Pages.Loginpage.verifyTitle(Loginpage.java:49)
at com.actitime.Pages.Loginpage.verifyTitle(Loginpage.java:49)
at com.actitime.Pages.Loginpage.verifyTitle(Loginpage.java:49)
at com.actitime.Pages.Loginpage.verifyTitle(Loginpage.java:49)
at com.actitime.Pages.Loginpage.verifyTitle(Loginpage.java:49)
at com.actitime.Pages.Loginpage.verifyTitle(Loginpage.java:49)
at com.actitime.Pages.Loginpage.verifyTitle(Loginpage.java:49)
at com.actitime.Pages.Loginpage.verifyTitle(Loginpage.java:49)
at com.actitime.Pages.Loginpage.verifyTitle(Loginpage.java:49)
at com.actitime.Pages.Loginpage.verifyTitle(Loginpage.java:49)
at com.actitime.Pages.Loginpage.verifyTitle(Loginpage.java:49)
at com.actitime.Pages.Loginpage.verifyTitle(Loginpage.java:49)
at com.actitime.Pages.Loginpage.verifyTitle(Loginpage.java:49)
at com.actitime.Pages.Loginpage.verifyTitle(Loginpage.java:49)
at com.actitime.Pages.Loginpage.verifyTitle(Loginpage.java:49)
at com.actitime.Pages.Loginpage.verifyTitle(Loginpage.java:49)
at com.actitime.Pages.Loginpage.verifyTitle(Loginpage.java:49)
at com.actitime.Pages.Loginpage.verifyTitle(Loginpage.java:49)
at com.actitime.Pages.Loginpage.verifyTitle(Loginpage.java:49)
at com.actitime.Pages.Loginpage.verifyTitle(Loginpage.java:49)
at com.actitime.Pages.Loginpage.verifyTitle(Loginpage.java:49)
at com.actitime.Pages.Loginpage.verifyTitle(Loginpage.java:49)
at com.actitime.Pages.Loginpage.verifyTitle(Loginpage.java:49)
at com.actitime.Pages.Loginpage.verifyTitle(Loginpage.java:49)
at com.actitime.Pages.Loginpage.verifyTitle(Loginpage.java:49)
at com.actitime.Pages.Loginpage.verifyTitle(Loginpage.java:49)
at com.actitime.Pages.Loginpage.verifyTitle(Loginpage.java:49)
at com.actitime.Pages.Loginpage.verifyTitle(Loginpage.java:49)
at com.actitime.Pages.Loginpage.verifyTitle(Loginpage.java:49)
at com.actitime.Pages.Loginpage.verifyTitle(Loginpage.java:49)
at com.actitime.Pages.Loginpage.verifyTitle(Loginpage.java:49)
at com.actitime.Pages.Loginpage.verifyTitle(Loginpage.java:49)
at com.actitime.Pages.Loginpage.verifyTitle(Loginpage.java:49)
at com.actitime.Pages.Loginpage.verifyTitle(Loginpage.java:49)
at com.actitime.Pages.Loginpage.verifyTitle(Loginpage.java:49)
at com.actitime.Pages.Loginpage.verifyTitle(Loginpage.java:49)
at com.actitime.Pages.Loginpage.verifyTitle(Loginpage.java:49)
at com.actitime.Pages.Loginpage.verifyTitle(Loginpage.java:49)
at com.actitime.Pages.Loginpage.verifyTitle(Loginpage.java:49)
at com.actitime.Pages.Loginpage.verifyTitle(Loginpage.java:49)
at com.actitime.Pages.Loginpage.verifyTitle(Loginpage.java:49)
at com.actitime.Pages.Loginpage.verifyTitle(Loginpage.java:49)
at com.actitime.Pages.Loginpage.verifyTitle(Loginpage.java:49)
at com.actitime.Pages.Loginpage.verifyTitle(Loginpage.java:49)
at com.actitime.Pages.Loginpage.verifyTitle(Loginpage.java:49)
at com.actitime.Pages.Loginpage.verifyTitle(Loginpage.java:49)
at com.actitime.Pages.Loginpage.verifyTitle(Loginpage.java:49)
at com.actitime.Pages.Loginpage.verifyTitle(Loginpage.java:49)
at com.actitime.Pages.Loginpage.verifyTitle(Loginpage.java:49)
at com.actitime.Pages.Loginpage.verifyTitle(Loginpage.java:49)
at com.actitime.Pages.Loginpage.verifyTitle(Loginpage.java:49)
at com.actitime.Pages.Loginpage.verifyTitle(Loginpage.java:49)
at com.actitime.Pages.Loginpage.verifyTitle(Loginpage.java:49)
at com.actitime.Pages.Loginpage.verifyTitle(Loginpage.java:49)
at com.actitime.Pages.Loginpage.verifyTitle(Loginpage.java:49)
at com.actitime.Pages.Loginpage.verifyTitle(Loginpage.java:49)
at com.actitime.Pages.Loginpage.verifyTitle(Loginpage.java:49)
at com.actitime.Pages.Loginpage.verifyTitle(Loginpage.java:49)
at com.actitime.Pages.Loginpage.verifyTitle(Loginpage.java:49)
at com.actitime.Pages.Loginpage.verifyTitle(Loginpage.java:49)
at com.actitime.Pages.Loginpage.verifyTitle(Loginpage.java:49)
at com.actitime.Pages.Loginpage.verifyTitle(Loginpage.java:49)
at com.actitime.Pages.Loginpage.verifyTitle(Loginpage.java:49)
at com.actitime.Pages.Loginpage.verifyTitle(Loginpage.java:49)
at com.actitime.Pages.Loginpage.verifyTitle(Loginpage.java:49)
at com.actitime.Pages.Loginpage.verifyTitle(Loginpage.java:49)
at com.actitime.Pages.Loginpage.verifyTitle(Loginpage.java:49)
at com.actitime.Pages.Loginpage.verifyTitle(Loginpage.java:49)
at com.actitime.Pages.Loginpage.verifyTitle(Loginpage.java:49)
at com.actitime.Pages.Loginpage.verifyTitle(Loginpage.java:49)
at com.actitime.Pages.Loginpage.verifyTitle(Loginpage.java:49)
at com.actitime.Pages.Loginpage.verifyTitle(Loginpage.java:49)
at com.actitime.Pages.Loginpage.verifyTitle(Loginpage.java:49)
at com.actitime.Pages.Loginpage.verifyTitle(Loginpage.java:49)
at com.actitime.Pages.Loginpage.verifyTitle(Loginpage.java:49)
at com.actitime.Pages.Loginpage.verifyTitle(Loginpage.java:49)
at com.actitime.Pages.Loginpage.verifyTitle(Loginpage.java:49)
at com.actitime.Pages.Loginpage.verifyTitle(Loginpage.java:49)
at com.actitime.Pages.Loginpage.verifyTitle(Loginpage.java:49)
at com.actitime.Pages.Loginpage.verifyTitle(Loginpage.java:49)
at com.actitime.Pages.Loginpage.verifyTitle(Loginpage.java:49)
at com.actitime.Pages.Loginpage.verifyTitle(Loginpage.java:49)
at com.actitime.Pages.Loginpage.verifyTitle(Loginpage.java:49)
at com.actitime.Pages.Loginpage.verifyTitle(Loginpage.java:49)
at com.actitime.Pages.Loginpage.verifyTitle(Loginpage.java:49)
at com.actitime.Pages.Loginpage.verifyTitle(Loginpage.java:49)
at com.actitime.Pages.Loginpage.verifyTitle(Loginpage.java:49)
at com.actitime.Pages.Loginpage.verifyTitle(Loginpage.java:49)
at com.actitime.Pages.Loginpage.verifyTitle(Loginpage.java:49)
at com.actitime.Pages.Loginpage.verifyTitle(Loginpage.java:49)
at com.actitime.Pages.Loginpage.verifyTitle(Loginpage.java:49)
at com.actitime.Pages.Loginpage.verifyTitle(Loginpage.java:49)
at com.actitime.Pages.Loginpage.verifyTitle(Loginpage.java:49)
at com.actitime.Pages.Loginpage.verifyTitle(Loginpage.java:49)
at com.actitime.Pages.Loginpage.verifyTitle(Loginpage.java:49)
at com.actitime.Pages.Loginpage.verifyTitle(Loginpage.java:49)
at com.actitime.Pages.Loginpage.verifyTitle(Loginpage.java:49)
at com.actitime.Pages.Loginpage.verifyTitle(Loginpage.java:49)
at com.actitime.Pages.Loginpage.verifyTitle(Loginpage.java:49)
at com.actitime.Pages.Loginpage.verifyTitle(Loginpage.java:49)
at com.actitime.Pages.Loginpage.verifyTitle(Loginpage.java:49)
at com.actitime.Pages.Loginpage.verifyTitle(Loginpage.java:49)
at com.actitime.Pages.Loginpage.verifyTitle(Loginpage.java:49)
at com.actitime.Pages.Loginpage.verifyTitle(Loginpage.java:49)
at com.actitime.Pages.Loginpage.verifyTitle(Loginpage.java:49)
at com.actitime.Pages.Loginpage.verifyTitle(Loginpage.java:49)
at com.actitime.Pages.Loginpage.verifyTitle(Loginpage.java:49)
at com.actitime.Pages.Loginpage.verifyTitle(Loginpage.java:49)
at com.actitime.Pages.Loginpage.verifyTitle(Loginpage.java:49)
at com.actitime.Pages.Loginpage.verifyTitle(Loginpage.java:49)
at com.actitime.Pages.Loginpage.verifyTitle(Loginpage.java:49)
at com.actitime.Pages.Loginpage.verifyTitle(Loginpage.java:49)
at com.actitime.Pages.Loginpage.verifyTitle(Loginpage.java:49)
at com.actitime.Pages.Loginpage.verifyTitle(Loginpage.java:49)
at com.actitime.Pages.Loginpage.verifyTitle(Loginpage.java:49)
at com.actitime.Pages.Loginpage.verifyTitle(Loginpage.java:49)
at com.actitime.Pages.Loginpage.verifyTitle(Loginpage.java:49)
at com.actitime.Pages.Loginpage.verifyTitle(Loginpage.java:49)
at com.actitime.Pages.Loginpage.verifyTitle(Loginpage.java:49)
at com.actitime.Pages.Loginpage.verifyTitle(Loginpage.java:49)
at com.actitime.Pages.Loginpage.verifyTitle(Loginpage.java:49)
at com.actitime.Pages.Loginpage.verifyTitle(Loginpage.java:49)
at com.actitime.Pages.Loginpage.verifyTitle(Loginpage.java:49)
at com.actitime.Pages.Loginpage.verifyTitle(Loginpage.java:49)
at com.actitime.Pages.Loginpage.verifyTitle(Loginpage.java:49)
at com.actitime.Pages.Loginpage.verifyTitle(Loginpage.java:49)
at com.actitime.Pages.Loginpage.verifyTitle(Loginpage.java:49)
at com.actitime.Pages.Loginpage.verifyTitle(Loginpage.java:49)
at com.actitime.Pages.Loginpage.verifyTitle(Loginpage.java:49)
at com.actitime.Pages.Loginpage.verifyTitle(Loginpage.java:49)
at com.actitime.Pages.Loginpage.verifyTitle(Loginpage.java:49)
at com.actitime.Pages.Loginpage.verifyTitle(Loginpage.java:49)
at com.actitime.Pages.Loginpage.verifyTitle(Loginpage.java:49)
at com.actitime.Pages.Loginpage.verifyTitle(Loginpage.java:49)
at com.actitime.Pages.Loginpage.verifyTitle(Loginpage.java:49)
at com.actitime.Pages.Loginpage.verifyTitle(Loginpage.java:49)
at com.actitime.Pages.Loginpage.verifyTitle(Loginpage.java:49)
at com.actitime.Pages.Loginpage.verifyTitle(Loginpage.java:49)
at com.actitime.Pages.Loginpage.verifyTitle(Loginpage.java:49)
at com.actitime.Pages.Loginpage.verifyTitle(Loginpage.java:49)
at com.actitime.Pages.Loginpage.verifyTitle(Loginpage.java:49)
at com.actitime.Pages.Loginpage.verifyTitle(Loginpage.java:49)
at com.actitime.Pages.Loginpage.verifyTitle(Loginpage.java:49)
at com.actitime.Pages.Loginpage.verifyTitle(Loginpage.java:49)
at com.actitime.Pages.Loginpage.verifyTitle(Loginpage.java:49)
at com.actitime.Pages.Loginpage.verifyTitle(Loginpage.java:49)
at com.actitime.Pages.Loginpage.verifyTitle(Loginpage.java:49)
at com.actitime.Pages.Loginpage.verifyTitle(Loginpage.java:49)
at com.actitime.Pages.Loginpage.verifyTitle(Loginpage.java:49)
at com.actitime.Pages.Loginpage.verifyTitle(Loginpage.java:49)
at com.actitime.Pages.Loginpage.verifyTitle(Loginpage.java:49)
at com.actitime.Pages.Loginpage.verifyTitle(Loginpage.java:49)
at com.actitime.Pages.Loginpage.verifyTitle(Loginpage.java:49)
at com.actitime.Pages.Loginpage.verifyTitle(Loginpage.java:49)
at com.actitime.Pages.Loginpage.verifyTitle(Loginpage.java:49)
at com.actitime.Pages.Loginpage.verifyTitle(Loginpage.java:49)
at com.actitime.Pages.Loginpage.verifyTitle(Loginpage.java:49)
at com.actitime.Pages.Loginpage.verifyTitle(Loginpage.java:49)
at com.actitime.Pages.Loginpage.verifyTitle(Loginpage.java:49)
at com.actitime.Pages.Loginpage.verifyTitle(Loginpage.java:49)
at com.actitime.Pages.Loginpage.verifyTitle(Loginpage.java:49)
at com.actitime.Pages.Loginpage.verifyTitle(Loginpage.java:49)
at com.actitime.Pages.Loginpage.verifyTitle(Loginpage.java:49)
at com.actitime.Pages.Loginpage.verifyTitle(Loginpage.java:49)
at com.actitime.Pages.Loginpage.verifyTitle(Loginpage.java:49)
at com.actitime.Pages.Loginpage.verifyTitle(Loginpage.java:49)
at com.actitime.Pages.Loginpage.verifyTitle(Loginpage.java:49)
at com.actitime.Pages.Loginpage.verifyTitle(Loginpage.java:49)
at com.actitime.Pages.Loginpage.verifyTitle(Loginpage.java:49)
at com.actitime.Pages.Loginpage.verifyTitle(Loginpage.java:49)
at com.actitime.Pages.Loginpage.verifyTitle(Loginpage.java:49)
at com.actitime.Pages.Loginpage.verifyTitle(Loginpage.java:49)
at com.actitime.Pages.Loginpage.verifyTitle(Loginpage.java:49)
at com.actitime.Pages.Loginpage.verifyTitle(Loginpage.java:49)
at com.actitime.Pages.Loginpage.verifyTitle(Loginpage.java:49)
at com.actitime.Pages.Loginpage.verifyTitle(Loginpage.java:49)
at com.actitime.Pages.Loginpage.verifyTitle(Loginpage.java:49)
at com.actitime.Pages.Loginpage.verifyTitle(Loginpage.java:49)
at com.actitime.Pages.Loginpage.verifyTitle(Loginpage.java:49)
at com.actitime.Pages.Loginpage.verifyTitle(Loginpage.java:49)
at com.actitime.Pages.Loginpage.verifyTitle(Loginpage.java:49)
at com.actitime.Pages.Loginpage.verifyTitle(Loginpage.java:49)
at com.actitime.Pages.Loginpage.verifyTitle(Loginpage.java:49)
at com.actitime.Pages.Loginpage.verifyTitle(Loginpage.java:49)
at com.actitime.Pages.Loginpage.verifyTitle(Loginpage.java:49)
at com.actitime.Pages.Loginpage.verifyTitle(Loginpage.java:49)
at com.actitime.Pages.Loginpage.verifyTitle(Loginpage.java:49)
at com.actitime.Pages.Loginpage.verifyTitle(Loginpage.java:49)
at com.actitime.Pages.Loginpage.verifyTitle(Loginpage.java:49)
at com.actitime.Pages.Loginpage.verifyTitle(Loginpage.java:49)
at com.actitime.Pages.Loginpage.verifyTitle(Loginpage.java:49)
at com.actitime.Pages.Loginpage.verifyTitle(Loginpage.java:49)
at com.actitime.Pages.Loginpage.verifyTitle(Loginpage.java:49)
at com.actitime.Pages.Loginpage.verifyTitle(Loginpage.java:49)
at com.actitime.Pages.Loginpage.verifyTitle(Loginpage.java:49)
at com.actitime.Pages.Loginpage.verifyTitle(Loginpage.java:49)
at com.actitime.Pages.Loginpage.verifyTitle(Loginpage.java:49)
at com.actitime.Pages.Loginpage.verifyTitle(Loginpage.java:49)
at com.actitime.Pages.Loginpage.verifyTitle(Loginpage.java:49)
at com.actitime.Pages.Loginpage.verifyTitle(Loginpage.java:49)
at com.actitime.Pages.Loginpage.verifyTitle(Loginpage.java:49)
at com.actitime.Pages.Loginpage.verifyTitle(Loginpage.java:49)
at com.actitime.Pages.Loginpage.verifyTitle(Loginpage.java:49)
at com.actitime.Pages.Loginpage.verifyTitle(Loginpage.java:49)
at com.actitime.Pages.Loginpage.verifyTitle(Loginpage.java:49)
at com.actitime.Pages.Loginpage.verifyTitle(Loginpage.java:49)
at com.actitime.Pages.Loginpage.verifyTitle(Loginpage.java:49)
at com.actitime.Pages.Loginpage.verifyTitle(Loginpage.java:49)
at com.actitime.Pages.Loginpage.verifyTitle(Loginpage.java:49)
at com.actitime.Pages.Loginpage.verifyTitle(Loginpage.java:49)
at com.actitime.Pages.Loginpage.verifyTitle(Loginpage.java:49)
at com.actitime.Pages.Loginpage.verifyTitle(Loginpage.java:49)
at com.actitime.Pages.Loginpage.verifyTitle(Loginpage.java:49)
at com.actitime.Pages.Loginpage.verifyTitle(Loginpage.java:49)
at com.actitime.Pages.Loginpage.verifyTitle(Loginpage.java:49)
at com.actitime.Pages.Loginpage.verifyTitle(Loginpage.java:49)
at com.actitime.Pages.Loginpage.verifyTitle(Loginpage.java:49)
at com.actitime.Pages.Loginpage.verifyTitle(Loginpage.java:49)
at com.actitime.Pages.Loginpage.verifyTitle(Loginpage.java:49)
at com.actitime.Pages.Loginpage.verifyTitle(Loginpage.java:49)
at com.actitime.Pages.Loginpage.verifyTitle(Loginpage.java:49)
at com.actitime.Pages.Loginpage.verifyTitle(Loginpage.java:49)
at com.actitime.Pages.Loginpage.verifyTitle(Loginpage.java:49)
at com.actitime.Pages.Loginpage.verifyTitle(Loginpage.java:49)
at com.actitime.Pages.Loginpage.verifyTitle(Loginpage.java:49)
at com.actitime.Pages.Loginpage.verifyTitle(Loginpage.java:49)
at com.actitime.Pages.Loginpage.verifyTitle(Loginpage.java:49)
at com.actitime.Pages.Loginpage.verifyTitle(Loginpage.java:49)
at com.actitime.Pages.Loginpage.verifyTitle(Loginpage.java:49)
at com.actitime.Pages.Loginpage.verifyTitle(Loginpage.java:49)
at com.actitime.Pages.Loginpage.verifyTitle(Loginpage.java:49)
at com.actitime.Pages.Loginpage.verifyTitle(Loginpage.java:49)
at com.actitime.Pages.Loginpage.verifyTitle(Loginpage.java:49)
at com.actitime.Pages.Loginpage.verifyTitle(Loginpage.java:49)
at com.actitime.Pages.Loginpage.verifyTitle(Loginpage.java:49)
at com.actitime.Pages.Loginpage.verifyTitle(Loginpage.java:49)
at com.actitime.Pages.Loginpage.verifyTitle(Loginpage.java:49)
at com.actitime.Pages.Loginpage.verifyTitle(Loginpage.java:49)
at com.actitime.Pages.Loginpage.verifyTitle(Loginpage.java:49)
at com.actitime.Pages.Loginpage.verifyTitle(Loginpage.java:49)
at com.actitime.Pages.Loginpage.verifyTitle(Loginpage.java:49)
at com.actitime.Pages.Loginpage.verifyTitle(Loginpage.java:49)
at com.actitime.Pages.Loginpage.verifyTitle(Loginpage.java:49)
at com.actitime.Pages.Loginpage.verifyTitle(Loginpage.java:49)
at com.actitime.Pages.Loginpage.verifyTitle(Loginpage.java:49)
at com.actitime.Pages.Loginpage.verifyTitle(Loginpage.java:49)
at com.actitime.Pages.Loginpage.verifyTitle(Loginpage.java:49)
at com.actitime.Pages.Loginpage.verifyTitle(Loginpage.java:49)
at com.actitime.Pages.Loginpage.verifyTitle(Loginpage.java:49)
at com.actitime.Pages.Loginpage.verifyTitle(Loginpage.java:49)
at com.actitime.Pages.Loginpage.verifyTitle(Loginpage.java:49)
at com.actitime.Pages.Loginpage.verifyTitle(Loginpage.java:49)
at com.actitime.Pages.Loginpage.verifyTitle(Loginpage.java:49)
at com.actitime.Pages.Loginpage.verifyTitle(Loginpage.java:49)
at com.actitime.Pages.Loginpage.verifyTitle(Loginpage.java:49)
at com.actitime.Pages.Loginpage.verifyTitle(Loginpage.java:49)
at com.actitime.Pages.Loginpage.verifyTitle(Loginpage.java:49)
at com.actitime.Pages.Loginpage.verifyTitle(Loginpage.java:49)
at com.actitime.Pages.Loginpage.verifyTitle(Loginpage.java:49)
at com.actitime.Pages.Loginpage.verifyTitle(Loginpage.java:49)
at com.actitime.Pages.Loginpage.verifyTitle(Loginpage.java:49)
at com.actitime.Pages.Loginpage.verifyTitle(Loginpage.java:49)
at com.actitime.Pages.Loginpage.verifyTitle(Loginpage.java:49)
at com.actitime.Pages.Loginpage.verifyTitle(Loginpage.java:49)
at com.actitime.Pages.Loginpage.verifyTitle(Loginpage.java:49)
at com.actitime.Pages.Loginpage.verifyTitle(Loginpage.java:49)
at com.actitime.Pages.Loginpage.verifyTitle(Loginpage.java:49)
at com.actitime.Pages.Loginpage.verifyTitle(Loginpage.java:49)
at com.actitime.Pages.Loginpage.verifyTitle(Loginpage.java:49)
at com.actitime.Pages.Loginpage.verifyTitle(Loginpage.java:49)
at com.actitime.Pages.Loginpage.verifyTitle(Loginpage.java:49)
at com.actitime.Pages.Loginpage.verifyTitle(Loginpage.java:49)
at com.actitime.Pages.Loginpage.verifyTitle(Loginpage.java:49)
at com.actitime.Pages.Loginpage.verifyTitle(Loginpage.java:49)
at com.actitime.Pages.Loginpage.verifyTitle(Loginpage.java:49)
at com.actitime.Pages.Loginpage.verifyTitle(Loginpage.java:49)
at com.actitime.Pages.Loginpage.verifyTitle(Loginpage.java:49)
at com.actitime.Pages.Loginpage.verifyTitle(Loginpage.java:49)
at com.actitime.Pages.Loginpage.verifyTitle(Loginpage.java:49)
at com.actitime.Pages.Loginpage.verifyTitle(Loginpage.java:49)
at com.actitime.Pages.Loginpage.verifyTitle(Loginpage.java:49)
at com.actitime.Pages.Loginpage.verifyTitle(Loginpage.java:49)
at com.actitime.Pages.Loginpage.verifyTitle(Loginpage.java:49)
at com.actitime.Pages.Loginpage.verifyTitle(Loginpage.java:49)
at com.actitime.Pages.Loginpage.verifyTitle(Loginpage.java:49)
at com.actitime.Pages.Loginpage.verifyTitle(Loginpage.java:49)
at com.actitime.Pages.Loginpage.verifyTitle(Loginpage.java:49)
at com.actitime.Pages.Loginpage.verifyTitle(Loginpage.java:49)
at com.actitime.Pages.Loginpage.verifyTitle(Loginpage.java:49)
at com.actitime.Pages.Loginpage.verifyTitle(Loginpage.java:49)
at com.actitime.Pages.Loginpage.verifyTitle(Loginpage.java:49)
at com.actitime.Pages.Loginpage.verifyTitle(Loginpage.java:49)
at com.actitime.Pages.Loginpage.verifyTitle(Loginpage.java:49)
at com.actitime.Pages.Loginpage.verifyTitle(Loginpage.java:49)
at com.actitime.Pages.Loginpage.verifyTitle(Loginpage.java:49)
at com.actitime.Pages.Loginpage.verifyTitle(Loginpage.java:49)
at com.actitime.Pages.Loginpage.verifyTitle(Loginpage.java:49)
at com.actitime.Pages.Loginpage.verifyTitle(Loginpage.java:49)
at com.actitime.Pages.Loginpage.verifyTitle(Loginpage.java:49)
at com.actitime.Pages.Loginpage.verifyTitle(Loginpage.java:49)
at com.actitime.Pages.Loginpage.verifyTitle(Loginpage.java:49)
at com.actitime.Pages.Loginpage.verifyTitle(Loginpage.java:49)
at com.actitime.Pages.Loginpage.verifyTitle(Loginpage.java:49)
at com.actitime.Pages.Loginpage.verifyTitle(Loginpage.java:49)
at com.actitime.Pages.Loginpage.verifyTitle(Loginpage.java:49)
at com.actitime.Pages.Loginpage.verifyTitle(Loginpage.java:49)
at com.actitime.Pages.Loginpage.verifyTitle(Loginpage.java:49)
at com.actitime.Pages.Loginpage.verifyTitle(Loginpage.java:49)
at com.actitime.Pages.Loginpage.verifyTitle(Loginpage.java:49)
at com.actitime.Pages.Loginpage.verifyTitle(Loginpage.java:49)
at com.actitime.Pages.Loginpage.verifyTitle(Loginpage.java:49)
at com.actitime.Pages.Loginpage.verifyTitle(Loginpage.java:49)
at com.actitime.Pages.Loginpage.verifyTitle(Loginpage.java:49)
at com.actitime.Pages.Loginpage.verifyTitle(Loginpage.java:49)
at com.actitime.Pages.Loginpage.verifyTitle(Loginpage.java:49)
at com.actitime.Pages.Loginpage.verifyTitle(Loginpage.java:49)
at com.actitime.Pages.Loginpage.verifyTitle(Loginpage.java:49)
at com.actitime.Pages.Loginpage.verifyTitle(Loginpage.java:49)
at com.actitime.Pages.Loginpage.verifyTitle(Loginpage.java:49)
at com.actitime.Pages.Loginpage.verifyTitle(Loginpage.java:49)
at com.actitime.Pages.Loginpage.verifyTitle(Loginpage.java:49)
at com.actitime.Pages.Loginpage.verifyTitle(Loginpage.java:49)
at com.actitime.Pages.Loginpage.verifyTitle(Loginpage.java:49)
at com.actitime.Pages.Loginpage.verifyTitle(Loginpage.java:49)
at com.actitime.Pages.Loginpage.verifyTitle(Loginpage.java:49)
at com.actitime.Pages.Loginpage.verifyTitle(Loginpage.java:49)
at com.actitime.Pages.Loginpage.verifyTitle(Loginpage.java:49)
at com.actitime.Pages.Loginpage.verifyTitle(Loginpage.java:49)
at com.actitime.Pages.Loginpage.verifyTitle(Loginpage.java:49)
at com.actitime.Pages.Loginpage.verifyTitle(Loginpage.java:49)
at com.actitime.Pages.Loginpage.verifyTitle(Loginpage.java:49)
at com.actitime.Pages.Loginpage.verifyTitle(Loginpage.java:49)
at com.actitime.Pages.Loginpage.verifyTitle(Loginpage.java:49)
at com.actitime.Pages.Loginpage.verifyTitle(Loginpage.java:49)
at com.actitime.Pages.Loginpage.verifyTitle(Loginpage.java:49)
at com.actitime.Pages.Loginpage.verifyTitle(Loginpage.java:49)
at com.actitime.Pages.Loginpage.verifyTitle(Loginpage.java:49)
at com.actitime.Pages.Loginpage.verifyTitle(Loginpage.java:49)
at com.actitime.Pages.Loginpage.verifyTitle(Loginpage.java:49)
at com.actitime.Pages.Loginpage.verifyTitle(Loginpage.java:49)
at com.actitime.Pages.Loginpage.verifyTitle(Loginpage.java:49)
at com.actitime.Pages.Loginpage.verifyTitle(Loginpage.java:49)
at com.actitime.Pages.Loginpage.verifyTitle(Loginpage.java:49)
at com.actitime.Pages.Loginpage.verifyTitle(Loginpage.java:49)
at com.actitime.Pages.Loginpage.verifyTitle(Loginpage.java:49)
at com.actitime.Pages.Loginpage.verifyTitle(Loginpage.java:49)
at com.actitime.Pages.Loginpage.verifyTitle(Loginpage.java:49)
at com.actitime.Pages.Loginpage.verifyTitle(Loginpage.java:49)
at com.actitime.Pages.Loginpage.verifyTitle(Loginpage.java:49)
at com.actitime.Pages.Loginpage.verifyTitle(Loginpage.java:49)
at com.actitime.Pages.Loginpage.verifyTitle(Loginpage.java:49)
at com.actitime.Pages.Loginpage.verifyTitle(Loginpage.java:49)
at com.actitime.Pages.Loginpage.verifyTitle(Loginpage.java:49)
at com.actitime.Pages.Loginpage.verifyTitle(Loginpage.java:49)
at com.actitime.Pages.Loginpage.verifyTitle(Loginpage.java:49)
at com.actitime.Pages.Loginpage.verifyTitle(Loginpage.java:49)
at com.actitime.Pages.Loginpage.verifyTitle(Loginpage.java:49)
at com.actitime.Pages.Loginpage.verifyTitle(Loginpage.java:49)
at com.actitime.Pages.Loginpage.verifyTitle(Loginpage.java:49)
at com.actitime.Pages.Loginpage.verifyTitle(Loginpage.java:49)
at com.actitime.Pages.Loginpage.verifyTitle(Loginpage.java:49)
at com.actitime.Pages.Loginpage.verifyTitle(Loginpage.java:49)
at com.actitime.Pages.Loginpage.verifyTitle(Loginpage.java:49)
at com.actitime.Pages.Loginpage.verifyTitle(Loginpage.java:49)
at com.actitime.Pages.Loginpage.verifyTitle(Loginpage.java:49)
at com.actitime.Pages.Loginpage.verifyTitle(Loginpage.java:49)
at com.actitime.Pages.Loginpage.verifyTitle(Loginpage.java:49)
at com.actitime.Pages.Loginpage.verifyTitle(Loginpage.java:49)
at com.actitime.Pages.Loginpage.verifyTitle(Loginpage.java:49)
at com.actitime.Pages.Loginpage.verifyTitle(Loginpage.java:49)
at com.actitime.Pages.Loginpage.verifyTitle(Loginpage.java:49)
at com.actitime.Pages.Loginpage.verifyTitle(Loginpage.java:49)
at com.actitime.Pages.Loginpage.verifyTitle(Loginpage.java:49)
at com.actitime.Pages.Loginpage.verifyTitle(Loginpage.java:49)
at com.actitime.Pages.Loginpage.verifyTitle(Loginpage.java:49)
at com.actitime.Pages.Loginpage.verifyTitle(Loginpage.java:49)
at com.actitime.Pages.Loginpage.verifyTitle(Loginpage.java:49)
at com.actitime.Pages.Loginpage.verifyTitle(Loginpage.java:49)
at com.actitime.Pages.Loginpage.verifyTitle(Loginpage.java:49)
at com.actitime.Pages.Loginpage.verifyTitle(Loginpage.java:49)
at com.actitime.Pages.Loginpage.verifyTitle(Loginpage.java:49)
at com.actitime.Pages.Loginpage.verifyTitle(Loginpage.java:49)
at com.actitime.Pages.Loginpage.verifyTitle(Loginpage.java:49)
at com.actitime.Pages.Loginpage.verifyTitle(Loginpage.java:49)
at com.actitime.Pages.Loginpage.verifyTitle(Loginpage.java:49)
at com.actitime.Pages.Loginpage.verifyTitle(Loginpage.java:49)
at com.actitime.Pages.Loginpage.verifyTitle(Loginpage.java:49)
at com.actitime.Pages.Loginpage.verifyTitle(Loginpage.java:49)
at com.actitime.Pages.Loginpage.verifyTitle(Loginpage.java:49)
at com.actitime.Pages.Loginpage.verifyTitle(Loginpage.java:49)
at com.actitime.Pages.Loginpage.verifyTitle(Loginpage.java:49)
at com.actitime.Pages.Loginpage.verifyTitle(Loginpage.java:49)
at com.actitime.Pages.Loginpage.verifyTitle(Loginpage.java:49)
at com.actitime.Pages.Loginpage.verifyTitle(Loginpage.java:49)
at com.actitime.Pages.Loginpage.verifyTitle(Loginpage.java:49)
at com.actitime.Pages.Loginpage.verifyTitle(Loginpage.java:49)
at com.actitime.Pages.Loginpage.verifyTitle(Loginpage.java:49)
at com.actitime.Pages.Loginpage.verifyTitle(Loginpage.java:49)
at com.actitime.Pages.Loginpage.verifyTitle(Loginpage.java:49)
at com.actitime.Pages.Loginpage.verifyTitle(Loginpage.java:49)
at com.actitime.Pages.Loginpage.verifyTitle(Loginpage.java:49)
at com.actitime.Pages.Loginpage.verifyTitle(Loginpage.java:49)
at com.actitime.Pages.Loginpage.verifyTitle(Loginpage.java:49)
at com.actitime.Pages.Loginpage.verifyTitle(Loginpage.java:49)
at com.actitime.Pages.Loginpage.verifyTitle(Loginpage.java:49)
at com.actitime.Pages.Loginpage.verifyTitle(Loginpage.java:49)
at com.actitime.Pages.Loginpage.verifyTitle(Loginpage.java:49)
at com.actitime.Pages.Loginpage.verifyTitle(Loginpage.java:49)
at com.actitime.Pages.Loginpage.verifyTitle(Loginpage.java:49)
at com.actitime.Pages.Loginpage.verifyTitle(Loginpage.java:49)
at com.actitime.Pages.Loginpage.verifyTitle(Loginpage.java:49)
at com.actitime.Pages.Loginpage.verifyTitle(Loginpage.java:49)
at com.actitime.Pages.Loginpage.verifyTitle(Loginpage.java:49)
at com.actitime.Pages.Loginpage.verifyTitle(Loginpage.java:49)
at com.actitime.Pages.Loginpage.verifyTitle(Loginpage.java:49)
at com.actitime.Pages.Loginpage.verifyTitle(Loginpage.java:49)
at com.actitime.Pages.Loginpage.verifyTitle(Loginpage.java:49)
at com.actitime.Pages.Loginpage.verifyTitle(Loginpage.java:49)
at com.actitime.Pages.Loginpage.verifyTitle(Loginpage.java:49)
at com.actitime.Pages.Loginpage.verifyTitle(Loginpage.java:49)
at com.actitime.Pages.Loginpage.verifyTitle(Loginpage.java:49)
at com.actitime.Pages.Loginpage.verifyTitle(Loginpage.java:49)
at com.actitime.Pages.Loginpage.verifyTitle(Loginpage.java:49)
at com.actitime.Pages.Loginpage.verifyTitle(Loginpage.java:49)
at com.actitime.Pages.Loginpage.verifyTitle(Loginpage.java:49)
at com.actitime.Pages.Loginpage.verifyTitle(Loginpage.java:49)
at com.actitime.Pages.Loginpage.verifyTitle(Loginpage.java:49)
at com.actitime.Pages.Loginpage.verifyTitle(Loginpage.java:49)
at com.actitime.Pages.Loginpage.verifyTitle(Loginpage.java:49)
at com.actitime.Pages.Loginpage.verifyTitle(Loginpage.java:49)
at com.actitime.Pages.Loginpage.verifyTitle(Loginpage.java:49)
at com.actitime.Pages.Loginpage.verifyTitle(Loginpage.java:49)
at com.actitime.Pages.Loginpage.verifyTitle(Loginpage.java:49)
at com.actitime.Pages.Loginpage.verifyTitle(Loginpage.java:49)
at com.actitime.Pages.Loginpage.verifyTitle(Loginpage.java:49)
at com.actitime.Pages.Loginpage.verifyTitle(Loginpage.java:49)
at com.actitime.Pages.Loginpage.verifyTitle(Loginpage.java:49)
at com.actitime.Pages.Loginpage.verifyTitle(Loginpage.java:49)
at com.actitime.Pages.Loginpage.verifyTitle(Loginpage.java:49)
at com.actitime.Pages.Loginpage.verifyTitle(Loginpage.java:49)
at com.actitime.Pages.Loginpage.verifyTitle(Loginpage.java:49)
at com.actitime.Pages.Loginpage.verifyTitle(Loginpage.java:49)
at com.actitime.Pages.Loginpage.verifyTitle(Loginpage.java:49)
at com.actitime.Pages.Loginpage.verifyTitle(Loginpage.java:49)
at com.actitime.Pages.Loginpage.verifyTitle(Loginpage.java:49)
at com.actitime.Pages.Loginpage.verifyTitle(Loginpage.java:49)
at com.actitime.Pages.Loginpage.verifyTitle(Loginpage.java:49)
at com.actitime.Pages.Loginpage.verifyTitle(Loginpage.java:49)
at com.actitime.Pages.Loginpage.verifyTitle(Loginpage.java:49)
at com.actitime.Pages.Loginpage.verifyTitle(Loginpage.java:49)
at com.actitime.Pages.Loginpage.verifyTitle(Loginpage.java:49)
at com.actitime.Pages.Loginpage.verifyTitle(Loginpage.java:49)
at com.actitime.Pages.Loginpage.verifyTitle(Loginpage.java:49)
at com.actitime.Pages.Loginpage.verifyTitle(Loginpage.java:49)
at com.actitime.Pages.Loginpage.verifyTitle(Loginpage.java:49)
at com.actitime.Pages.Loginpage.verifyTitle(Loginpage.java:49)
at com.actitime.Pages.Loginpage.verifyTitle(Loginpage.java:49)
at com.actitime.Pages.Loginpage.verifyTitle(Loginpage.java:49)
at com.actitime.Pages.Loginpage.verifyTitle(Loginpage.java:49)
at com.actitime.Pages.Loginpage.verifyTitle(Loginpage.java:49)
at com.actitime.Pages.Loginpage.verifyTitle(Loginpage.java:49)
at com.actitime.Pages.Loginpage.verifyTitle(Loginpage.java:49)
at com.actitime.Pages.Loginpage.verifyTitle(Loginpage.java:49)
at com.actitime.Pages.Loginpage.verifyTitle(Loginpage.java:49)
at com.actitime.Pages.Loginpage.verifyTitle(Loginpage.java:49)
at com.actitime.Pages.Loginpage.verifyTitle(Loginpage.java:49)
at com.actitime.Pages.Loginpage.verifyTitle(Loginpage.java:49)
at com.actitime.Pages.Loginpage.verifyTitle(Loginpage.java:49)
at com.actitime.Pages.Loginpage.verifyTitle(Loginpage.java:49)
at com.actitime.Pages.Loginpage.verifyTitle(Loginpage.java:49)
at com.actitime.Pages.Loginpage.verifyTitle(Loginpage.java:49)
at com.actitime.Pages.Loginpage.verifyTitle(Loginpage.java:49)
at com.actitime.Pages.Loginpage.verifyTitle(Loginpage.java:49)
at com.actitime.Pages.Loginpage.verifyTitle(Loginpage.java:49)
at com.actitime.Pages.Loginpage.verifyTitle(Loginpage.java:49)
at com.actitime.Pages.Loginpage.verifyTitle(Loginpage.java:49)
at com.actitime.Pages.Loginpage.verifyTitle(Loginpage.java:49)
at com.actitime.Pages.Loginpage.verifyTitle(Loginpage.java:49)
at com.actitime.Pages.Loginpage.verifyTitle(Loginpage.java:49)
at com.actitime.Pages.Loginpage.verifyTitle(Loginpage.java:49)
at com.actitime.Pages.Loginpage.verifyTitle(Loginpage.java:49)
at com.actitime.Pages.Loginpage.verifyTitle(Loginpage.java:49)
at com.actitime.Pages.Loginpage.verifyTitle(Loginpage.java:49)
at com.actitime.Pages.Loginpage.verifyTitle(Loginpage.java:49)
at com.actitime.Pages.Loginpage.verifyTitle(Loginpage.java:49)
at com.actitime.Pages.Loginpage.verifyTitle(Loginpage.java:49)
at com.actitime.Pages.Loginpage.verifyTitle(Loginpage.java:49)
at com.actitime.Pages.Loginpage.verifyTitle(Loginpage.java:49)
at com.actitime.Pages.Loginpage.verifyTitle(Loginpage.java:49)
at com.actitime.Pages.Loginpage.verifyTitle(Loginpage.java:49)
at com.actitime.Pages.Loginpage.verifyTitle(Loginpage.java:49)
at com.actitime.Pages.Loginpage.verifyTitle(Loginpage.java:49)
at com.actitime.Pages.Loginpage.verifyTitle(Loginpage.java:49)
at com.actitime.Pages.Loginpage.verifyTitle(Loginpage.java:49)
at com.actitime.Pages.Loginpage.verifyTitle(Loginpage.java:49)
at com.actitime.Pages.Loginpage.verifyTitle(Loginpage.java:49)
at com.actitime.Pages.Loginpage.verifyTitle(Loginpage.java:49)
at com.actitime.Pages.Loginpage.verifyTitle(Loginpage.java:49)
at com.actitime.Pages.Loginpage.verifyTitle(Loginpage.java:49)
at com.actitime.Pages.Loginpage.verifyTitle(Loginpage.java:49)
at com.actitime.Pages.Loginpage.verifyTitle(Loginpage.java:49)
at com.actitime.Pages.Loginpage.verifyTitle(Loginpage.java:49)
at com.actitime.Pages.Loginpage.verifyTitle(Loginpage.java:49)
at com.actitime.Pages.Loginpage.verifyTitle(Loginpage.java:49)
at com.actitime.Pages.Loginpage.verifyTitle(Loginpage.java:49)
at com.actitime.Pages.Loginpage.verifyTitle(Loginpage.java:49)
at com.actitime.Pages.Loginpage.verifyTitle(Loginpage.java:49)
at com.actitime.Pages.Loginpage.verifyTitle(Loginpage.java:49)
at com.actitime.Pages.Loginpage.verifyTitle(Loginpage.java:49)
at com.actitime.Pages.Loginpage.verifyTitle(Loginpage.java:49)
at com.actitime.Pages.Loginpage.verifyTitle(Loginpage.java:49)
at com.actitime.Pages.Loginpage.verifyTitle(Loginpage.java:49)
at com.actitime.Pages.Loginpage.verifyTitle(Loginpage.java:49)
at com.actitime.Pages.Loginpage.verifyTitle(Loginpage.java:49)
at com.actitime.Pages.Loginpage.verifyTitle(Loginpage.java:49)
at com.actitime.Pages.Loginpage.verifyTitle(Loginpage.java:49)
at com.actitime.Pages.Loginpage.verifyTitle(Loginpage.java:49)
at com.actitime.Pages.Loginpage.verifyTitle(Loginpage.java:49)
at com.actitime.Pages.Loginpage.verifyTitle(Loginpage.java:49)
at com.actitime.Pages.Loginpage.verifyTitle(Loginpage.java:49)
at com.actitime.Pages.Loginpage.verifyTitle(Loginpage.java:49)
at com.actitime.Pages.Loginpage.verifyTitle(Loginpage.java:49)
at com.actitime.Pages.Loginpage.verifyTitle(Loginpage.java:49)
at com.actitime.Pages.Loginpage.verifyTitle(Loginpage.java:49)
at com.actitime.Pages.Loginpage.verifyTitle(Loginpage.java:49)
at com.actitime.Pages.Loginpage.verifyTitle(Loginpage.java:49)
at com.actitime.Pages.Loginpage.verifyTitle(Loginpage.java:49)
at com.actitime.Pages.Loginpage.verifyTitle(Loginpage.java:49)
at com.actitime.Pages.Loginpage.verifyTitle(Loginpage.java:49)
at com.actitime.Pages.Loginpage.verifyTitle(Loginpage.java:49)
at com.actitime.Pages.Loginpage.verifyTitle(Loginpage.java:49)
at com.actitime.Pages.Loginpage.verifyTitle(Loginpage.java:49)
at com.actitime.Pages.Loginpage.verifyTitle(Loginpage.java:49)
at com.actitime.Pages.Loginpage.verifyTitle(Loginpage.java:49)
at com.actitime.Pages.Loginpage.verifyTitle(Loginpage.java:49)
at com.actitime.Pages.Loginpage.verifyTitle(Loginpage.java:49)
at com.actitime.Pages.Loginpage.verifyTitle(Loginpage.java:49)
at com.actitime.Pages.Loginpage.verifyTitle(Loginpage.java:49)
at com.actitime.Pages.Loginpage.verifyTitle(Loginpage.java:49)
at com.actitime.Pages.Loginpage.verifyTitle(Loginpage.java:49)
at com.actitime.Pages.Loginpage.verifyTitle(Loginpage.java:49)
at com.actitime.Pages.Loginpage.verifyTitle(Loginpage.java:49)
at com.actitime.Pages.Loginpage.verifyTitle(Loginpage.java:49)
at com.actitime.Pages.Loginpage.verifyTitle(Loginpage.java:49)
at com.actitime.Pages.Loginpage.verifyTitle(Loginpage.java:49)
at com.actitime.Pages.Loginpage.verifyTitle(Loginpage.java:49)
at com.actitime.Pages.Loginpage.verifyTitle(Loginpage.java:49)
at com.actitime.Pages.Loginpage.verifyTitle(Loginpage.java:49)
at com.actitime.Pages.Loginpage.verifyTitle(Loginpage.java:49)
at com.actitime.Pages.Loginpage.verifyTitle(Loginpage.java:49)
at com.actitime.Pages.Loginpage.verifyTitle(Loginpage.java:49)
at com.actitime.Pages.Loginpage.verifyTitle(Loginpage.java:49)
at com.actitime.Pages.Loginpage.verifyTitle(Loginpage.java:49)
at com.actitime.Pages.Loginpage.verifyTitle(Loginpage.java:49)
at com.actitime.Pages.Loginpage.verifyTitle(Loginpage.java:49)
at com.actitime.Pages.Loginpage.verifyTitle(Loginpage.java:49)
at com.actitime.Pages.Loginpage.verifyTitle(Loginpage.java:49)
at com.actitime.Pages.Loginpage.verifyTitle(Loginpage.java:49)
at com.actitime.Pages.Loginpage.verifyTitle(Loginpage.java:49)
at com.actitime.Pages.Loginpage.verifyTitle(Loginpage.java:49)
at com.actitime.Pages.Loginpage.verifyTitle(Loginpage.java:49)
at com.actitime.Pages.Loginpage.verifyTitle(Loginpage.java:49)
at com.actitime.Pages.Loginpage.verifyTitle(Loginpage.java:49)
at com.actitime.Pages.Loginpage.verifyTitle(Loginpage.java:49)
at com.actitime.Pages.Loginpage.verifyTitle(Loginpage.java:49)
at com.actitime.Pages.Loginpage.verifyTitle(Loginpage.java:49)
at com.actitime.Pages.Loginpage.verifyTitle(Loginpage.java:49)
at com.actitime.Pages.Loginpage.verifyTitle(Loginpage.java:49)
at com.actitime.Pages.Loginpage.verifyTitle(Loginpage.java:49)
at com.actitime.Pages.Loginpage.verifyTitle(Loginpage.java:49)
at com.actitime.Pages.Loginpage.verifyTitle(Loginpage.java:49)
at com.actitime.Pages.Loginpage.verifyTitle(Loginpage.java:49)
at com.actitime.Pages.Loginpage.verifyTitle(Loginpage.java:49)
at com.actitime.Pages.Loginpage.verifyTitle(Loginpage.java:49)
at com.actitime.Pages.Loginpage.verifyTitle(Loginpage.java:49)
at com.actitime.Pages.Loginpage.verifyTitle(Loginpage.java:49)
at com.actitime.Pages.Loginpage.verifyTitle(Loginpage.java:49)
at com.actitime.Pages.Loginpage.verifyTitle(Loginpage.java:49)
at com.actitime.Pages.Loginpage.verifyTitle(Loginpage.java:49)
at com.actitime.Pages.Loginpage.verifyTitle(Loginpage.java:49)
at com.actitime.Pages.Loginpage.verifyTitle(Loginpage.java:49)
at com.actitime.Pages.Loginpage.verifyTitle(Loginpage.java:49)
at com.actitime.Pages.Loginpage.verifyTitle(Loginpage.java:49)
at com.actitime.Pages.Loginpage.verifyTitle(Loginpage.java:49)
at com.actitime.Pages.Loginpage.verifyTitle(Loginpage.java:49)
at com.actitime.Pages.Loginpage.verifyTitle(Loginpage.java:49)
at com.actitime.Pages.Loginpage.verifyTitle(Loginpage.java:49)
at com.actitime.Pages.Loginpage.verifyTitle(Loginpage.java:49)
at com.actitime.Pages.Loginpage.verifyTitle(Loginpage.java:49)
at com.actitime.Pages.Loginpage.verifyTitle(Loginpage.java:49)
at com.actitime.Pages.Loginpage.verifyTitle(Loginpage.java:49)
at com.actitime.Pages.Loginpage.verifyTitle(Loginpage.java:49)
at com.actitime.Pages.Loginpage.verifyTitle(Loginpage.java:49)
at com.actitime.Pages.Loginpage.verifyTitle(Loginpage.java:49)
at com.actitime.Pages.Loginpage.verifyTitle(Loginpage.java:49)
at com.actitime.Pages.Loginpage.verifyTitle(Loginpage.java:49)
at com.actitime.Pages.Loginpage.verifyTitle(Loginpage.java:49)
at com.actitime.Pages.Loginpage.verifyTitle(Loginpage.java:49)
at com.actitime.Pages.Loginpage.verifyTitle(Loginpage.java:49)
at com.actitime.Pages.Loginpage.verifyTitle(Loginpage.java:49)
at com.actitime.Pages.Loginpage.verifyTitle(Loginpage.java:49)
at com.actitime.Pages.Loginpage.verifyTitle(Loginpage.java:49)
at com.actitime.Pages.Loginpage.verifyTitle(Loginpage.java:49)
at com.actitime.Pages.Loginpage.verifyTitle(Loginpage.java:49)
at com.actitime.Pages.Loginpage.verifyTitle(Loginpage.java:49)
at com.actitime.Pages.Loginpage.verifyTitle(Loginpage.java:49)
at com.actitime.Pages.Loginpage.verifyTitle(Loginpage.java:49)
at com.actitime.Pages.Loginpage.verifyTitle(Loginpage.java:49)
at com.actitime.Pages.Loginpage.verifyTitle(Loginpage.java:49)
at com.actitime.Pages.Loginpage.verifyTitle(Loginpage.java:49)
at com.actitime.Pages.Loginpage.verifyTitle(Loginpage.java:49)
at com.actitime.Pages.Loginpage.verifyTitle(Loginpage.java:49)
at com.actitime.Pages.Loginpage.verifyTitle(Loginpage.java:49)
at com.actitime.Pages.Loginpage.verifyTitle(Loginpage.java:49)
at com.actitime.Pages.Loginpage.verifyTitle(Loginpage.java:49)
at com.actitime.Pages.Loginpage.verifyTitle(Loginpage.java:49)
at com.actitime.Pages.Loginpage.verifyTitle(Loginpage.java:49)
at com.actitime.Pages.Loginpage.verifyTitle(Loginpage.java:49)
at com.actitime.Pages.Loginpage.verifyTitle(Loginpage.java:49)
at com.actitime.Pages.Loginpage.verifyTitle(Loginpage.java:49)
at com.actitime.Pages.Loginpage.verifyTitle(Loginpage.java:49)
at com.actitime.Pages.Loginpage.verifyTitle(Loginpage.java:49)
at com.actitime.Pages.Loginpage.verifyTitle(Loginpage.java:49)
at com.actitime.Pages.Loginpage.verifyTitle(Loginpage.java:49)
at com.actitime.Pages.Loginpage.verifyTitle(Loginpage.java:49)
at com.actitime.Pages.Loginpage.verifyTitle(Loginpage.java:49)
at com.actitime.Pages.Loginpage.verifyTitle(Loginpage.java:49)
at com.actitime.Pages.Loginpage.verifyTitle(Loginpage.java:49)
at com.actitime.Pages.Loginpage.verifyTitle(Loginpage.java:49)
at com.actitime.Pages.Loginpage.verifyTitle(Loginpage.java:49)
at com.actitime.Pages.Loginpage.verifyTitle(Loginpage.java:49)
at com.actitime.Pages.Loginpage.verifyTitle(Loginpage.java:49)
at com.actitime.Pages.Loginpage.verifyTitle(Loginpage.java:49)
at com.actitime.Pages.Loginpage.verifyTitle(Loginpage.java:49)
at com.actitime.Pages.Loginpage.verifyTitle(Loginpage.java:49)
at com.actitime.Pages.Loginpage.verifyTitle(Loginpage.java:49)
at com.actitime.Pages.Loginpage.verifyTitle(Loginpage.java:49)
at com.actitime.Pages.Loginpage.verifyTitle(Loginpage.java:49)
at com.actitime.Pages.Loginpage.verifyTitle(Loginpage.java:49)
at com.actitime.Pages.Loginpage.verifyTitle(Loginpage.java:49)
at com.actitime.Pages.Loginpage.verifyTitle(Loginpage.java:49)
at com.actitime.Pages.Loginpage.verifyTitle(Loginpage.java:49)
at com.actitime.Pages.Loginpage.verifyTitle(Loginpage.java:49)
at com.actitime.Pages.Loginpage.verifyTitle(Loginpage.java:49)
at com.actitime.Pages.Loginpage.verifyTitle(Loginpage.java:49)
at com.actitime.Pages.Loginpage.verifyTitle(Loginpage.java:49)
at com.actitime.Pages.Loginpage.verifyTitle(Loginpage.java:49)
at com.actitime.Pages.Loginpage.verifyTitle(Loginpage.java:49)
at com.actitime.Pages.Loginpage.verifyTitle(Loginpage.java:49)
at com.actitime.Pages.Loginpage.verifyTitle(Loginpage.java:49)
at com.actitime.Pages.Loginpage.verifyTitle(Loginpage.java:49)
at com.actitime.Pages.Loginpage.verifyTitle(Loginpage.java:49)
at com.actitime.Pages.Loginpage.verifyTitle(Loginpage.java:49)
at com.actitime.Pages.Loginpage.verifyTitle(Loginpage.java:49)
at com.actitime.Pages.Loginpage.verifyTitle(Loginpage.java:49)
at com.actitime.Pages.Loginpage.verifyTitle(Loginpage.java:49)
at com.actitime.Pages.Loginpage.verifyTitle(Loginpage.java:49)
at com.actitime.Pages.Loginpage.verifyTitle(Loginpage.java:49)
at com.actitime.Pages.Loginpage.verifyTitle(Loginpage.java:49)
at com.actitime.Pages.Loginpage.verifyTitle(Loginpage.java:49)
at com.actitime.Pages.Loginpage.verifyTitle(Loginpage.java:49)
at com.actitime.Pages.Loginpage.verifyTitle(Loginpage.java:49)
at com.actitime.Pages.Loginpage.verifyTitle(Loginpage.java:49)
at com.actitime.Pages.Loginpage.verifyTitle(Loginpage.java:49)
at com.actitime.Pages.Loginpage.verifyTitle(Loginpage.java:49)
at com.actitime.Pages.Loginpage.verifyTitle(Loginpage.java:49)
at com.actitime.Pages.Loginpage.verifyTitle(Loginpage.java:49)
at com.actitime.Pages.Loginpage.verifyTitle(Loginpage.java:49)
at com.actitime.Pages.Loginpage.verifyTitle(Loginpage.java:49)
at com.actitime.Pages.Loginpage.verifyTitle(Loginpage.java:49)
at com.actitime.Pages.Loginpage.verifyTitle(Loginpage.java:49)
at com.actitime.Pages.Loginpage.verifyTitle(Loginpage.java:49)
at com.actitime.Pages.Loginpage.verifyTitle(Loginpage.java:49)
at com.actitime.Pages.Loginpage.verifyTitle(Loginpage.java:49)
at com.actitime.Pages.Loginpage.verifyTitle(Loginpage.java:49)
at com.actitime.Pages.Loginpage.verifyTitle(Loginpage.java:49)
at com.actitime.Pages.Loginpage.verifyTitle(Loginpage.java:49)
at com.actitime.Pages.Loginpage.verifyTitle(Loginpage.java:49)
at com.actitime.Pages.Loginpage.verifyTitle(Loginpage.java:49)
at com.actitime.Pages.Loginpage.verifyTitle(Loginpage.java:49)
at com.actitime.Pages.Loginpage.verifyTitle(Loginpage.java:49)
at com.actitime.Pages.Loginpage.verifyTitle(Loginpage.java:49)
at com.actitime.Pages.Loginpage.verifyTitle(Loginpage.java:49)
at com.actitime.Pages.Loginpage.verifyTitle(Loginpage.java:49)
at com.actitime.Pages.Loginpage.verifyTitle(Loginpage.java:49)
at com.actitime.Pages.Loginpage.verifyTitle(Loginpage.java:49)
at com.actitime.Pages.Loginpage.verifyTitle(Loginpage.java:49)
at com.actitime.Pages.Loginpage.verifyTitle(Loginpage.java:49)
at com.actitime.Pages.Loginpage.verifyTitle(Loginpage.java:49)
at com.actitime.Pages.Loginpage.verifyTitle(Loginpage.java:49)
at com.actitime.Pages.Loginpage.verifyTitle(Loginpage.java:49)
at com.actitime.Pages.Loginpage.verifyTitle(Loginpage.java:49)
at com.actitime.Pages.Loginpage.verifyTitle(Loginpage.java:49)
at com.actitime.Pages.Loginpage.verifyTitle(Loginpage.java:49)
at com.actitime.Pages.Loginpage.verifyTitle(Loginpage.java:49)
at com.actitime.Pages.Loginpage.verifyTitle(Loginpage.java:49)
at com.actitime.Pages.Loginpage.verifyTitle(Loginpage.java:49)
at com.actitime.Pages.Loginpage.verifyTitle(Loginpage.java:49)
at com.actitime.Pages.Loginpage.verifyTitle(Loginpage.java:49)
at com.actitime.Pages.Loginpage.verifyTitle(Loginpage.java:49)
at com.actitime.Pages.Loginpage.verifyTitle(Loginpage.java:49)
at com.actitime.Pages.Loginpage.verifyTitle(Loginpage.java:49)
at com.actitime.Pages.Loginpage.verifyTitle(Loginpage.java:49)
at com.actitime.Pages.Loginpage.verifyTitle(Loginpage.java:49)
at com.actitime.Pages.Loginpage.verifyTitle(Loginpage.java:49)
at com.actitime.Pages.Loginpage.verifyTitle(Loginpage.java:49)
at com.actitime.Pages.Loginpage.verifyTitle(Loginpage.java:49)
at com.actitime.Pages.Loginpage.verifyTitle(Loginpage.java:49)
at com.actitime.Pages.Loginpage.verifyTitle(Loginpage.java:49)
at com.actitime.Pages.Loginpage.verifyTitle(Loginpage.java:49)
at com.actitime.Pages.Loginpage.verifyTitle(Loginpage.java:49)
at com.actitime.Pages.Loginpage.verifyTitle(Loginpage.java:49)
at com.actitime.Pages.Loginpage.verifyTitle(Loginpage.java:49)
at com.actitime.Pages.Loginpage.verifyTitle(Loginpage.java:49)
at com.actitime.Pages.Loginpage.verifyTitle(Loginpage.java:49)
at com.actitime.Pages.Loginpage.verifyTitle(Loginpage.java:49)
at com.actitime.Pages.Loginpage.verifyTitle(Loginpage.java:49)
at com.actitime.Pages.Loginpage.verifyTitle(Loginpage.java:49)
at com.actitime.Pages.Loginpage.verifyTitle(Loginpage.java:49)
at com.actitime.Pages.Loginpage.verifyTitle(Loginpage.java:49)
at com.actitime.Pages.Loginpage.verifyTitle(Loginpage.java:49)
at com.actitime.Pages.Loginpage.verifyTitle(Loginpage.java:49)
at com.actitime.Pages.Loginpage.verifyTitle(Loginpage.java:49)
at com.actitime.Pages.Loginpage.verifyTitle(Loginpage.java:49)
at com.actitime.Pages.Loginpage.verifyTitle(Loginpage.java:49)
at com.actitime.Pages.Loginpage.verifyTitle(Loginpage.java:49)
at com.actitime.Pages.Loginpage.verifyTitle(Loginpage.java:49)
at com.actitime.Pages.Loginpage.verifyTitle(Loginpage.java:49)
at com.actitime.Pages.Loginpage.verifyTitle(Loginpage.java:49)
at com.actitime.Pages.Loginpage.verifyTitle(Loginpage.java:49)
at com.actitime.Pages.Loginpage.verifyTitle(Loginpage.java:49)
at com.actitime.Pages.Loginpage.verifyTitle(Loginpage.java:49)
at com.actitime.Pages.Loginpage.verifyTitle(Loginpage.java:49)
at com.actitime.Pages.Loginpage.verifyTitle(Loginpage.java:49)
at com.actitime.Pages.Loginpage.verifyTitle(Loginpage.java:49)
at com.actitime.Pages.Loginpage.verifyTitle(Loginpage.java:49)
at com.actitime.Pages.Loginpage.verifyTitle(Loginpage.java:49)
at com.actitime.Pages.Loginpage.verifyTitle(Loginpage.java:49)
at com.actitime.Pages.Loginpage.verifyTitle(Loginpage.java:49)
at com.actitime.Pages.Loginpage.verifyTitle(Loginpage.java:49)
at com.actitime.Pages.Loginpage.verifyTitle(Loginpage.java:49)
at com.actitime.Pages.Loginpage.verifyTitle(Loginpage.java:49)
at com.actitime.Pages.Loginpage.verifyTitle(Loginpage.java:49)
at com.actitime.Pages.Loginpage.verifyTitle(Loginpage.java:49)
at com.actitime.Pages.Loginpage.verifyTitle(Loginpage.java:49)
at com.actitime.Pages.Loginpage.verifyTitle(Loginpage.java:49)
at com.actitime.Pages.Loginpage.verifyTitle(Loginpage.java:49)
at com.actitime.Pages.Loginpage.verifyTitle(Loginpage.java:49)
at com.actitime.Pages.Loginpage.verifyTitle(Loginpage.java:49)
at com.actitime.Pages.Loginpage.verifyTitle(Loginpage.java:49)
at com.actitime.Pages.Loginpage.verifyTitle(Loginpage.java:49)
at com.actitime.Pages.Loginpage.verifyTitle(Loginpage.java:49)
at com.actitime.Pages.Loginpage.verifyTitle(Loginpage.java:49)
at com.actitime.Pages.Loginpage.verifyTitle(Loginpage.java:49)
at com.actitime.Pages.Loginpage.verifyTitle(Loginpage.java:49)
at com.actitime.Pages.Loginpage.verifyTitle(Loginpage.java:49)
at com.actitime.Pages.Loginpage.verifyTitle(Loginpage.java:49)
at com.actitime.Pages.Loginpage.verifyTitle(Loginpage.java:49)
at com.actitime.Pages.Loginpage.verifyTitle(Loginpage.java:49)
at com.actitime.Pages.Loginpage.verifyTitle(Loginpage.java:49)
at com.actitime.Pages.Loginpage.verifyTitle(Loginpage.java:49)
at com.actitime.Pages.Loginpage.verifyTitle(Loginpage.java:49)
at com.actitime.Pages.Loginpage.verifyTitle(Loginpage.java:49)
at com.actitime.Pages.Loginpage.verifyTitle(Loginpage.java:49)
at com.actitime.Pages.Loginpage.verifyTitle(Loginpage.java:49)
at com.actitime.Pages.Loginpage.verifyTitle(Loginpage.java:49)
at com.actitime.Pages.Loginpage.verifyTitle(Loginpage.java:49)
at com.actitime.Pages.Loginpage.verifyTitle(Loginpage.java:49)
at com.actitime.Pages.Loginpage.verifyTitle(Loginpage.java:49)
at com.actitime.Pages.Loginpage.verifyTitle(Loginpage.java:49)
at com.actitime.Pages.Loginpage.verifyTitle(Loginpage.java:49)
at com.actitime.Pages.Loginpage.verifyTitle(Loginpage.java:49)
at com.actitime.Pages.Loginpage.verifyTitle(Loginpage.java:49)
at com.actitime.Pages.Loginpage.verifyTitle(Loginpage.java:49)
at com.actitime.Pages.Loginpage.verifyTitle(Loginpage.java:49)
at com.actitime.Pages.Loginpage.verifyTitle(Loginpage.java:49)
at com.actitime.Pages.Loginpage.verifyTitle(Loginpage.java:49)
at com.actitime.Pages.Loginpage.verifyTitle(Loginpage.java:49)
at com.actitime.Pages.Loginpage.verifyTitle(Loginpage.java:49)
at com.actitime.Pages.Loginpage.verifyTitle(Loginpage.java:49)
at com.actitime.Pages.Loginpage.verifyTitle(Loginpage.java:49)
at com.actitime.Pages.Loginpage.verifyTitle(Loginpage.java:49)
at com.actitime.Pages.Loginpage.verifyTitle(Loginpage.java:49)
at com.actitime.Pages.Loginpage.verifyTitle(Loginpage.java:49)
at com.actitime.Pages.Loginpage.verifyTitle(Loginpage.java:49)
at com.actitime.Pages.Loginpage.verifyTitle(Loginpage.java:49)
at com.actitime.Pages.Loginpage.verifyTitle(Loginpage.java:49)
at com.actitime.Pages.Loginpage.verifyTitle(Loginpage.java:49)
at com.actitime.Pages.Loginpage.verifyTitle(Loginpage.java:49)
at com.actitime.Pages.Loginpage.verifyTitle(Loginpage.java:49)
at com.actitime.Pages.Loginpage.verifyTitle(Loginpage.java:49)
at com.actitime.Pages.Loginpage.verifyTitle(Loginpage.java:49)
at com.actitime.Pages.Loginpage.verifyTitle(Loginpage.java:49)
at com.actitime.Pages.Loginpage.verifyTitle(Loginpage.java:49)
at com.actitime.Pages.Loginpage.verifyTitle(Loginpage.java:49)
at com.actitime.Pages.Loginpage.verifyTitle(Loginpage.java:49)
at com.actitime.Pages.Loginpage.verifyTitle(Loginpage.java:49)
at com.actitime.Pages.Loginpage.verifyTitle(Loginpage.java:49)
at com.actitime.Pages.Loginpage.verifyTitle(Loginpage.java:49)
at com.actitime.Pages.Loginpage.verifyTitle(Loginpage.java:49)
at com.actitime.Pages.Loginpage.verifyTitle(Loginpage.java:49)
at com.actitime.Pages.Loginpage.verifyTitle(Loginpage.java:49)
at com.actitime.Pages.Loginpage.verifyTitle(Loginpage.java:49)
at com.actitime.Pages.Loginpage.verifyTitle(Loginpage.java:49)
at com.actitime.Pages.Loginpage.verifyTitle(Loginpage.java:49)
at com.actitime.Pages.Loginpage.verifyTitle(Loginpage.java:49)
at com.actitime.Pages.Loginpage.verifyTitle(Loginpage.java:49)
at com.actitime.Pages.Loginpage.verifyTitle(Loginpage.java:49)
at com.actitime.Pages.Loginpage.verifyTitle(Loginpage.java:49)
at com.actitime.Pages.Loginpage.verifyTitle(Loginpage.java:49)
at com.actitime.Pages.Loginpage.verifyTitle(Loginpage.java:49)
at com.actitime.Pages.Loginpage.verifyTitle(Loginpage.java:49)
at com.actitime.Pages.Loginpage.verifyTitle(Loginpage.java:49)
at com.actitime.Pages.Loginpage.verifyTitle(Loginpage.java:49)
at com.actitime.Pages.Loginpage.verifyTitle(Loginpage.java:49)
at com.actitime.Pages.Loginpage.verifyTitle(Loginpage.java:49)
at com.actitime.Pages.Loginpage.verifyTitle(Loginpage.java:49)
at com.actitime.Pages.Loginpage.verifyTitle(Loginpage.java:49)
at com.actitime.Pages.Loginpage.verifyTitle(Loginpage.java:49)
at com.actitime.Pages.Loginpage.verifyTitle(Loginpage.java:49)
at com.actitime.Pages.Loginpage.verifyTitle(Loginpage.java:49)
at com.actitime.Pages.Loginpage.verifyTitle(Loginpage.java:49)
at com.actitime.Pages.Loginpage.verifyTitle(Loginpage.java:49)
at com.actitime.Pages.Loginpage.verifyTitle(Loginpage.java:49)
at com.actitime.Pages.Loginpage.verifyTitle(Loginpage.java:49)
at com.actitime.Pages.Loginpage.verifyTitle(Loginpage.java:49)
at com.actitime.Pages.Loginpage.verifyTitle(Loginpage.java:49)
at com.actitime.Pages.Loginpage.verifyTitle(Loginpage.java:49)
at com.actitime.Pages.Loginpage.verifyTitle(Loginpage.java:49)
at com.actitime.Pages.Loginpage.verifyTitle(Loginpage.java:49)
at com.actitime.Pages.Loginpage.verifyTitle(Loginpage.java:49)
at com.actitime.Pages.Loginpage.verifyTitle(Loginpage.java:49)
at com.actitime.Pages.Loginpage.verifyTitle(Loginpage.java:49)
at com.actitime.Pages.Loginpage.verifyTitle(Loginpage.java:49)
at com.actitime.Pages.Loginpage.verifyTitle(Loginpage.java:49)
at com.actitime.Pages.Loginpage.verifyTitle(Loginpage.java:49)
at com.actitime.Pages.Loginpage.verifyTitle(Loginpage.java:49)
at com.actitime.Pages.Loginpage.verifyTitle(Loginpage.java:49)
at com.actitime.Pages.Loginpage.verifyTitle(Loginpage.java:49)
at com.actitime.Pages.Loginpage.verifyTitle(Loginpage.java:49)
at com.actitime.Pages.Loginpage.verifyTitle(Loginpage.java:49)
at com.actitime.Pages.Loginpage.verifyTitle(Loginpage.java:49)
at com.actitime.Pages.Loginpage.verifyTitle(Loginpage.java:49)
at com.actitime.Pages.Loginpage.verifyTitle(Loginpage.java:49)
at com.actitime.Pages.Loginpage.verifyTitle(Loginpage.java:49)
at com.actitime.Pages.Loginpage.verifyTitle(Loginpage.java:49)
at com.actitime.Pages.Loginpage.verifyTitle(Loginpage.java:49)
at com.actitime.Pages.Loginpage.verifyTitle(Loginpage.java:49)
at com.actitime.Pages.Loginpage.verifyTitle(Loginpage.java:49)
at com.actitime.Pages.Loginpage.verifyTitle(Loginpage.java:49)
at com.actitime.Pages.Loginpage.verifyTitle(Loginpage.java:49)
at com.actitime.Pages.Loginpage.verifyTitle(Loginpage.java:49)
at com.actitime.Pages.Loginpage.verifyTitle(Loginpage.java:49)
at com.actitime.Pages.Loginpage.verifyTitle(Loginpage.java:49)
at com.actitime.Pages.Loginpage.verifyTitle(Loginpage.java:49)
at com.actitime.Pages.Loginpage.verifyTitle(Loginpage.java:49)
at com.actitime.Pages.Loginpage.verifyTitle(Loginpage.java:49)
at com.actitime.Pages.Loginpage.verifyTitle(Loginpage.java:49)
at com.actitime.Pages.Loginpage.verifyTitle(Loginpage.java:49)
at com.actitime.Pages.Loginpage.verifyTitle(Loginpage.java:49)
at com.actitime.Pages.Loginpage.verifyTitle(Loginpage.java:49)
at com.actitime.Pages.Loginpage.verifyTitle(Loginpage.java:49)
at com.actitime.Pages.Loginpage.verifyTitle(Loginpage.java:49)
at com.actitime.Pages.Loginpage.verifyTitle(Loginpage.java:49)
at com.actitime.Pages.Loginpage.verifyTitle(Loginpage.java:49)
at com.actitime.Pages.Loginpage.verifyTitle(Loginpage.java:49)
at com.actitime.Pages.Loginpage.verifyTitle(Loginpage.java:49)
at com.actitime.Pages.Loginpage.verifyTitle(Loginpage.java:49)
at com.actitime.Pages.Loginpage.verifyTitle(Loginpage.java:49)
at com.actitime.Pages.Loginpage.verifyTitle(Loginpage.java:49)
at com.actitime.Pages.Loginpage.verifyTitle(Loginpage.java:49)
at com.actitime.Pages.Loginpage.verifyTitle(Loginpage.java:49)
at com.actitime.Pages.Loginpage.verifyTitle(Loginpage.java:49)
at com.actitime.Pages.Loginpage.verifyTitle(Loginpage.java:49)
at com.actitime.Pages.Loginpage.verifyTitle(Loginpage.java:49)
at com.actitime.Pages.Loginpage.verifyTitle(Loginpage.java:49)
at com.actitime.Pages.Loginpage.verifyTitle(Loginpage.java:49)
at com.actitime.Pages.Loginpage.verifyTitle(Loginpage.java:49)
at com.actitime.Pages.Loginpage.verifyTitle(Loginpage.java:49)
at com.actitime.Pages.Loginpage.verifyTitle(Loginpage.java:49)
at com.actitime.Pages.Loginpage.verifyTitle(Loginpage.java:49)
at com.actitime.Pages.Loginpage.verifyTitle(Loginpage.java:49)
at com.actitime.Pages.Loginpage.verifyTitle(Loginpage.java:49)
at com.actitime.Pages.Loginpage.verifyTitle(Loginpage.java:49)
at com.actitime.Pages.Loginpage.verifyTitle(Loginpage.java:49)
at com.actitime.Pages.Loginpage.verifyTitle(Loginpage.java:49)
at com.actitime.Pages.Loginpage.verifyTitle(Loginpage.java:49)
at com.actitime.Pages.Loginpage.verifyTitle(Loginpage.java:49)
at com.actitime.Pages.Loginpage.verifyTitle(Loginpage.java:49)
at com.actitime.Pages.Loginpage.verifyTitle(Loginpage.java:49)
at com.actitime.Pages.Loginpage.verifyTitle(Loginpage.java:49)
at com.actitime.Pages.Loginpage.verifyTitle(Loginpage.java:49)
at com.actitime.Pages.Loginpage.verifyTitle(Loginpage.java:49)
at com.actitime.Pages.Loginpage.verifyTitle(Loginpage.java:49)
at com.actitime.Pages.Loginpage.verifyTitle(Loginpage.java:49)
at com.actitime.Pages.Loginpage.verifyTitle(Loginpage.java:49)
at com.actitime.Pages.Loginpage.verifyTitle(Loginpage.java:49)
at com.actitime.Pages.Loginpage.verifyTitle(Loginpage.java:49)
at com.actitime.Pages.Loginpage.verifyTitle(Loginpage.java:49)
at com.actitime.Pages.Loginpage.verifyTitle(Loginpage.java:49)
at com.actitime.Pages.Loginpage.verifyTitle(Loginpage.java:49)
at com.actitime.Pages.Loginpage.verifyTitle(Loginpage.java:49)
at com.actitime.Pages.Loginpage.verifyTitle(Loginpage.java:49)
at com.actitime.Pages.Loginpage.verifyTitle(Loginpage.java:49)
at com.actitime.Pages.Loginpage.verifyTitle(Loginpage.java:49)
at com.actitime.Pages.Loginpage.verifyTitle(Loginpage.java:49)
at com.actitime.Pages.Loginpage.verifyTitle(Loginpage.java:49)
at com.actitime.Pages.Loginpage.verifyTitle(Loginpage.java:49)
at com.actitime.Pages.Loginpage.verifyTitle(Loginpage.java:49)
at com.actitime.Pages.Loginpage.verifyTitle(Loginpage.java:49)
at com.actitime.Pages.Loginpage.verifyTitle(Loginpage.java:49)
at com.actitime.Pages.Loginpage.verifyTitle(Loginpage.java:49)
at com.actitime.Pages.Loginpage.verifyTitle(Loginpage.java:49)
at com.actitime.Pages.Loginpage.verifyTitle(Loginpage.java:49)
at com.actitime.Pages.Loginpage.verifyTitle(Loginpage.java:49)
at com.actitime.Pages.Loginpage.verifyTitle(Loginpage.java:49)
at com.actitime.Pages.Loginpage.verifyTitle(Loginpage.java:49)
at com.actitime.Pages.Loginpage.verifyTitle(Loginpage.java:49)
at com.actitime.Pages.Loginpage.verifyTitle(Loginpage.java:49)
at com.actitime.Pages.Loginpage.verifyTitle(Loginpage.java:49)
at com.actitime.Pages.Loginpage.verifyTitle(Loginpage.java:49)
at com.actitime.Pages.Loginpage.verifyTitle(Loginpage.java:49)
at com.actitime.Pages.Loginpage.verifyTitle(Loginpage.java:49)
at com.actitime.Pages.Loginpage.verifyTitle(Loginpage.java:49)
at com.actitime.Pages.Loginpage.verifyTitle(Loginpage.java:49)
at com.actitime.Pages.Loginpage.verifyTitle(Loginpage.java:49)
at com.actitime.Pages.Loginpage.verifyTitle(Loginpage.java:49)
at com.actitime.Pages.Loginpage.verifyTitle(Loginpage.java:49)
at com.actitime.Pages.Loginpage.verifyTitle(Loginpage.java:49)
at com.actitime.Pages.Loginpage.verifyTitle(Loginpage.java:49)
at com.actitime.Pages.Loginpage.verifyTitle(Loginpage.java:49)
at com.actitime.Pages.Loginpage.verifyTitle(Loginpage.java:49)
at com.actitime.Pages.Loginpage.verifyTitle(Loginpage.java:49)
at com.actitime.Pages.Loginpage.verifyTitle(Loginpage.java:49)
at com.actitime.Pages.Loginpage.verifyTitle(Loginpage.java:49)
at com.actitime.Pages.Loginpage.verifyTitle(Loginpage.java:49)
at com.actitime.Pages.Loginpage.verifyTitle(Loginpage.java:49)
at com.actitime.Pages.Loginpage.verifyTitle(Loginpage.java:49)
at com.actitime.Pages.Loginpage.verifyTitle(Loginpage.java:49)
at com.actitime.Pages.Loginpage.verifyTitle(Loginpage.java:49)
at com.actitime.Pages.Loginpage.verifyTitle(Loginpage.java:49)
at com.actitime.Pages.Loginpage.verifyTitle(Loginpage.java:49)
]]>
            </full-stacktrace>
          </exception> <!-- java.lang.StackOverflowError -->
          <reporter-output>
          </reporter-output>
        </test-method> <!-- testinvalidloginlogout -->
        <test-method status="PASS" signature="postcondition(org.testng.ITestResult)[pri:0, instance:com.actitime.tests.InvalidloginlogoutTest@50b494a6]" name="postcondition" is-config="true" duration-ms="1068" started-at="2020-01-08T11:56:30 IST" finished-at="2020-01-08T11:56:31 IST">
          <params>
            <param index="0">
              <value>
                <![CDATA[[TestResult name=testinvalidloginlogout status=FAILURE method=InvalidloginlogoutTest.testinvalidloginlogout()[pri:0, instance:com.actitime.tests.InvalidloginlogoutTest@50b494a6] output={null}]]]>
              </value>
            </param>
          </params>
          <reporter-output>
          </reporter-output>
        </test-method> <!-- postcondition -->
      </class> <!-- com.actitime.tests.InvalidloginlogoutTest -->
      <class name="com.actitime.tests.validloginlogout">
        <test-method status="PASS" signature="precondition()[pri:0, instance:com.actitime.tests.validloginlogout@3cef309d]" name="precondition" is-config="true" duration-ms="16367" started-at="2020-01-08T11:56:31 IST" finished-at="2020-01-08T11:56:47 IST">
          <reporter-output>
          </reporter-output>
        </test-method> <!-- precondition -->
        <test-method status="FAIL" signature="itestvalidloginlogout()[pri:1, instance:com.actitime.tests.validloginlogout@3cef309d]" name="itestvalidloginlogout" duration-ms="330" started-at="2020-01-08T11:56:47 IST" finished-at="2020-01-08T11:56:48 IST">
          <exception class="java.lang.StackOverflowError">
            <full-stacktrace>
              <![CDATA[java.lang.StackOverflowError
at com.actitime.Pages.Loginpage.verifyTitle(Loginpage.java:49)
at com.actitime.Pages.Loginpage.verifyTitle(Loginpage.java:49)
at com.actitime.Pages.Loginpage.verifyTitle(Loginpage.java:49)
at com.actitime.Pages.Loginpage.verifyTitle(Loginpage.java:49)
at com.actitime.Pages.Loginpage.verifyTitle(Loginpage.java:49)
at com.actitime.Pages.Loginpage.verifyTitle(Loginpage.java:49)
at com.actitime.Pages.Loginpage.verifyTitle(Loginpage.java:49)
at com.actitime.Pages.Loginpage.verifyTitle(Loginpage.java:49)
at com.actitime.Pages.Loginpage.verifyTitle(Loginpage.java:49)
at com.actitime.Pages.Loginpage.verifyTitle(Loginpage.java:49)
at com.actitime.Pages.Loginpage.verifyTitle(Loginpage.java:49)
at com.actitime.Pages.Loginpage.verifyTitle(Loginpage.java:49)
at com.actitime.Pages.Loginpage.verifyTitle(Loginpage.java:49)
at com.actitime.Pages.Loginpage.verifyTitle(Loginpage.java:49)
at com.actitime.Pages.Loginpage.verifyTitle(Loginpage.java:49)
at com.actitime.Pages.Loginpage.verifyTitle(Loginpage.java:49)
at com.actitime.Pages.Loginpage.verifyTitle(Loginpage.java:49)
at com.actitime.Pages.Loginpage.verifyTitle(Loginpage.java:49)
at com.actitime.Pages.Loginpage.verifyTitle(Loginpage.java:49)
at com.actitime.Pages.Loginpage.verifyTitle(Loginpage.java:49)
at com.actitime.Pages.Loginpage.verifyTitle(Loginpage.java:49)
at com.actitime.Pages.Loginpage.verifyTitle(Loginpage.java:49)
at com.actitime.Pages.Loginpage.verifyTitle(Loginpage.java:49)
at com.actitime.Pages.Loginpage.verifyTitle(Loginpage.java:49)
at com.actitime.Pages.Loginpage.verifyTitle(Loginpage.java:49)
at com.actitime.Pages.Loginpage.verifyTitle(Loginpage.java:49)
at com.actitime.Pages.Loginpage.verifyTitle(Loginpage.java:49)
at com.actitime.Pages.Loginpage.verifyTitle(Loginpage.java:49)
at com.actitime.Pages.Loginpage.verifyTitle(Loginpage.java:49)
at com.actitime.Pages.Loginpage.verifyTitle(Loginpage.java:49)
at com.actitime.Pages.Loginpage.verifyTitle(Loginpage.java:49)
at com.actitime.Pages.Loginpage.verifyTitle(Loginpage.java:49)
at com.actitime.Pages.Loginpage.verifyTitle(Loginpage.java:49)
at com.actitime.Pages.Loginpage.verifyTitle(Loginpage.java:49)
at com.actitime.Pages.Loginpage.verifyTitle(Loginpage.java:49)
at com.actitime.Pages.Loginpage.verifyTitle(Loginpage.java:49)
at com.actitime.Pages.Loginpage.verifyTitle(Loginpage.java:49)
at com.actitime.Pages.Loginpage.verifyTitle(Loginpage.java:49)
at com.actitime.Pages.Loginpage.verifyTitle(Loginpage.java:49)
at com.actitime.Pages.Loginpage.verifyTitle(Loginpage.java:49)
at com.actitime.Pages.Loginpage.verifyTitle(Loginpage.java:49)
at com.actitime.Pages.Loginpage.verifyTitle(Loginpage.java:49)
at com.actitime.Pages.Loginpage.verifyTitle(Loginpage.java:49)
at com.actitime.Pages.Loginpage.verifyTitle(Loginpage.java:49)
at com.actitime.Pages.Loginpage.verifyTitle(Loginpage.java:49)
at com.actitime.Pages.Loginpage.verifyTitle(Loginpage.java:49)
at com.actitime.Pages.Loginpage.verifyTitle(Loginpage.java:49)
at com.actitime.Pages.Loginpage.verifyTitle(Loginpage.java:49)
at com.actitime.Pages.Loginpage.verifyTitle(Loginpage.java:49)
at com.actitime.Pages.Loginpage.verifyTitle(Loginpage.java:49)
at com.actitime.Pages.Loginpage.verifyTitle(Loginpage.java:49)
at com.actitime.Pages.Loginpage.verifyTitle(Loginpage.java:49)
at com.actitime.Pages.Loginpage.verifyTitle(Loginpage.java:49)
at com.actitime.Pages.Loginpage.verifyTitle(Loginpage.java:49)
at com.actitime.Pages.Loginpage.verifyTitle(Loginpage.java:49)
at com.actitime.Pages.Loginpage.verifyTitle(Loginpage.java:49)
at com.actitime.Pages.Loginpage.verifyTitle(Loginpage.java:49)
at com.actitime.Pages.Loginpage.verifyTitle(Loginpage.java:49)
at com.actitime.Pages.Loginpage.verifyTitle(Loginpage.java:49)
at com.actitime.Pages.Loginpage.verifyTitle(Loginpage.java:49)
at com.actitime.Pages.Loginpage.verifyTitle(Loginpage.java:49)
at com.actitime.Pages.Loginpage.verifyTitle(Loginpage.java:49)
at com.actitime.Pages.Loginpage.verifyTitle(Loginpage.java:49)
at com.actitime.Pages.Loginpage.verifyTitle(Loginpage.java:49)
at com.actitime.Pages.Loginpage.verifyTitle(Loginpage.java:49)
at com.actitime.Pages.Loginpage.verifyTitle(Loginpage.java:49)
at com.actitime.Pages.Loginpage.verifyTitle(Loginpage.java:49)
at com.actitime.Pages.Loginpage.verifyTitle(Loginpage.java:49)
at com.actitime.Pages.Loginpage.verifyTitle(Loginpage.java:49)
at com.actitime.Pages.Loginpage.verifyTitle(Loginpage.java:49)
at com.actitime.Pages.Loginpage.verifyTitle(Loginpage.java:49)
at com.actitime.Pages.Loginpage.verifyTitle(Loginpage.java:49)
at com.actitime.Pages.Loginpage.verifyTitle(Loginpage.java:49)
at com.actitime.Pages.Loginpage.verifyTitle(Loginpage.java:49)
at com.actitime.Pages.Loginpage.verifyTitle(Loginpage.java:49)
at com.actitime.Pages.Loginpage.verifyTitle(Loginpage.java:49)
at com.actitime.Pages.Loginpage.verifyTitle(Loginpage.java:49)
at com.actitime.Pages.Loginpage.verifyTitle(Loginpage.java:49)
at com.actitime.Pages.Loginpage.verifyTitle(Loginpage.java:49)
at com.actitime.Pages.Loginpage.verifyTitle(Loginpage.java:49)
at com.actitime.Pages.Loginpage.verifyTitle(Loginpage.java:49)
at com.actitime.Pages.Loginpage.verifyTitle(Loginpage.java:49)
at com.actitime.Pages.Loginpage.verifyTitle(Loginpage.java:49)
at com.actitime.Pages.Loginpage.verifyTitle(Loginpage.java:49)
at com.actitime.Pages.Loginpage.verifyTitle(Loginpage.java:49)
at com.actitime.Pages.Loginpage.verifyTitle(Loginpage.java:49)
at com.actitime.Pages.Loginpage.verifyTitle(Loginpage.java:49)
at com.actitime.Pages.Loginpage.verifyTitle(Loginpage.java:49)
at com.actitime.Pages.Loginpage.verifyTitle(Loginpage.java:49)
at com.actitime.Pages.Loginpage.verifyTitle(Loginpage.java:49)
at com.actitime.Pages.Loginpage.verifyTitle(Loginpage.java:49)
at com.actitime.Pages.Loginpage.verifyTitle(Loginpage.java:49)
at com.actitime.Pages.Loginpage.verifyTitle(Loginpage.java:49)
at com.actitime.Pages.Loginpage.verifyTitle(Loginpage.java:49)
at com.actitime.Pages.Loginpage.verifyTitle(Loginpage.java:49)
at com.actitime.Pages.Loginpage.verifyTitle(Loginpage.java:49)
at com.actitime.Pages.Loginpage.verifyTitle(Loginpage.java:49)
at com.actitime.Pages.Loginpage.verifyTitle(Loginpage.java:49)
at com.actitime.Pages.Loginpage.verifyTitle(Loginpage.java:49)
at com.actitime.Pages.Loginpage.verifyTitle(Loginpage.java:49)
at com.actitime.Pages.Loginpage.verifyTitle(Loginpage.java:49)
at com.actitime.Pages.Loginpage.verifyTitle(Loginpage.java:49)
at com.actitime.Pages.Loginpage.verifyTitle(Loginpage.java:49)
at com.actitime.Pages.Loginpage.verifyTitle(Loginpage.java:49)
at com.actitime.Pages.Loginpage.verifyTitle(Loginpage.java:49)
at com.actitime.Pages.Loginpage.verifyTitle(Loginpage.java:49)
at com.actitime.Pages.Loginpage.verifyTitle(Loginpage.java:49)
at com.actitime.Pages.Loginpage.verifyTitle(Loginpage.java:49)
at com.actitime.Pages.Loginpage.verifyTitle(Loginpage.java:49)
at com.actitime.Pages.Loginpage.verifyTitle(Loginpage.java:49)
at com.actitime.Pages.Loginpage.verifyTitle(Loginpage.java:49)
at com.actitime.Pages.Loginpage.verifyTitle(Loginpage.java:49)
at com.actitime.Pages.Loginpage.verifyTitle(Loginpage.java:49)
at com.actitime.Pages.Loginpage.verifyTitle(Loginpage.java:49)
at com.actitime.Pages.Loginpage.verifyTitle(Loginpage.java:49)
at com.actitime.Pages.Loginpage.verifyTitle(Loginpage.java:49)
at com.actitime.Pages.Loginpage.verifyTitle(Loginpage.java:49)
at com.actitime.Pages.Loginpage.verifyTitle(Loginpage.java:49)
at com.actitime.Pages.Loginpage.verifyTitle(Loginpage.java:49)
at com.actitime.Pages.Loginpage.verifyTitle(Loginpage.java:49)
at com.actitime.Pages.Loginpage.verifyTitle(Loginpage.java:49)
at com.actitime.Pages.Loginpage.verifyTitle(Loginpage.java:49)
at com.actitime.Pages.Loginpage.verifyTitle(Loginpage.java:49)
at com.actitime.Pages.Loginpage.verifyTitle(Loginpage.java:49)
at com.actitime.Pages.Loginpage.verifyTitle(Loginpage.java:49)
at com.actitime.Pages.Loginpage.verifyTitle(Loginpage.java:49)
at com.actitime.Pages.Loginpage.verifyTitle(Loginpage.java:49)
at com.actitime.Pages.Loginpage.verifyTitle(Loginpage.java:49)
at com.actitime.Pages.Loginpage.verifyTitle(Loginpage.java:49)
at com.actitime.Pages.Loginpage.verifyTitle(Loginpage.java:49)
at com.actitime.Pages.Loginpage.verifyTitle(Loginpage.java:49)
at com.actitime.Pages.Loginpage.verifyTitle(Loginpage.java:49)
at com.actitime.Pages.Loginpage.verifyTitle(Loginpage.java:49)
at com.actitime.Pages.Loginpage.verifyTitle(Loginpage.java:49)
at com.actitime.Pages.Loginpage.verifyTitle(Loginpage.java:49)
at com.actitime.Pages.Loginpage.verifyTitle(Loginpage.java:49)
at com.actitime.Pages.Loginpage.verifyTitle(Loginpage.java:49)
at com.actitime.Pages.Loginpage.verifyTitle(Loginpage.java:49)
at com.actitime.Pages.Loginpage.verifyTitle(Loginpage.java:49)
at com.actitime.Pages.Loginpage.verifyTitle(Loginpage.java:49)
at com.actitime.Pages.Loginpage.verifyTitle(Loginpage.java:49)
at com.actitime.Pages.Loginpage.verifyTitle(Loginpage.java:49)
at com.actitime.Pages.Loginpage.verifyTitle(Loginpage.java:49)
at com.actitime.Pages.Loginpage.verifyTitle(Loginpage.java:49)
at com.actitime.Pages.Loginpage.verifyTitle(Loginpage.java:49)
at com.actitime.Pages.Loginpage.verifyTitle(Loginpage.java:49)
at com.actitime.Pages.Loginpage.verifyTitle(Loginpage.java:49)
at com.actitime.Pages.Loginpage.verifyTitle(Loginpage.java:49)
at com.actitime.Pages.Loginpage.verifyTitle(Loginpage.java:49)
at com.actitime.Pages.Loginpage.verifyTitle(Loginpage.java:49)
at com.actitime.Pages.Loginpage.verifyTitle(Loginpage.java:49)
at com.actitime.Pages.Loginpage.verifyTitle(Loginpage.java:49)
at com.actitime.Pages.Loginpage.verifyTitle(Loginpage.java:49)
at com.actitime.Pages.Loginpage.verifyTitle(Loginpage.java:49)
at com.actitime.Pages.Loginpage.verifyTitle(Loginpage.java:49)
at com.actitime.Pages.Loginpage.verifyTitle(Loginpage.java:49)
at com.actitime.Pages.Loginpage.verifyTitle(Loginpage.java:49)
at com.actitime.Pages.Loginpage.verifyTitle(Loginpage.java:49)
at com.actitime.Pages.Loginpage.verifyTitle(Loginpage.java:49)
at com.actitime.Pages.Loginpage.verifyTitle(Loginpage.java:49)
at com.actitime.Pages.Loginpage.verifyTitle(Loginpage.java:49)
at com.actitime.Pages.Loginpage.verifyTitle(Loginpage.java:49)
at com.actitime.Pages.Loginpage.verifyTitle(Loginpage.java:49)
at com.actitime.Pages.Loginpage.verifyTitle(Loginpage.java:49)
at com.actitime.Pages.Loginpage.verifyTitle(Loginpage.java:49)
at com.actitime.Pages.Loginpage.verifyTitle(Loginpage.java:49)
at com.actitime.Pages.Loginpage.verifyTitle(Loginpage.java:49)
at com.actitime.Pages.Loginpage.verifyTitle(Loginpage.java:49)
at com.actitime.Pages.Loginpage.verifyTitle(Loginpage.java:49)
at com.actitime.Pages.Loginpage.verifyTitle(Loginpage.java:49)
at com.actitime.Pages.Loginpage.verifyTitle(Loginpage.java:49)
at com.actitime.Pages.Loginpage.verifyTitle(Loginpage.java:49)
at com.actitime.Pages.Loginpage.verifyTitle(Loginpage.java:49)
at com.actitime.Pages.Loginpage.verifyTitle(Loginpage.java:49)
at com.actitime.Pages.Loginpage.verifyTitle(Loginpage.java:49)
at com.actitime.Pages.Loginpage.verifyTitle(Loginpage.java:49)
at com.actitime.Pages.Loginpage.verifyTitle(Loginpage.java:49)
[...]
at com.actitime.Pages.Loginpage.verifyTitle(Loginpage.java:49)
at com.actitime.Pages.Loginpage.verifyTitle(Loginpage.java:49)
at com.actitime.Pages.Loginpage.verifyTitle(Loginpage.java:49)
at com.actitime.Pages.Loginpage.verifyTitle(Loginpage.java:49)
at com.actitime.Pages.Loginpage.verifyTitle(Loginpage.java:49)
at com.actitime.Pages.Loginpage.verifyTitle(Loginpage.java:49)
at com.actitime.Pages.Loginpage.verifyTitle(Loginpage.java:49)
at com.actitime.Pages.Loginpage.verifyTitle(Loginpage.java:49)
at com.actitime.Pages.Loginpage.verifyTitle(Loginpage.java:49)
at com.actitime.Pages.Loginpage.verifyTitle(Loginpage.java:49)
at com.actitime.Pages.Loginpage.verifyTitle(Loginpage.java:49)
at com.actitime.Pages.Loginpage.verifyTitle(Loginpage.java:49)
at com.actitime.Pages.Loginpage.verifyTitle(Loginpage.java:49)
at com.actitime.Pages.Loginpage.verifyTitle(Loginpage.java:49)
at com.actitime.Pages.Loginpage.verifyTitle(Loginpage.java:49)
at com.actitime.Pages.Loginpage.verifyTitle(Loginpage.java:49)
at com.actitime.Pages.Loginpage.verifyTitle(Loginpage.java:49)
at com.actitime.Pages.Loginpage.verifyTitle(Loginpage.java:49)
at com.actitime.Pages.Loginpage.verifyTitle(Loginpage.java:49)
at com.actitime.Pages.Loginpage.verifyTitle(Loginpage.java:49)
at com.actitime.Pages.Loginpage.verifyTitle(Loginpage.java:49)
at com.actitime.Pages.Loginpage.verifyTitle(Loginpage.java:49)
at com.actitime.Pages.Loginpage.verifyTitle(Loginpage.java:49)
at com.actitime.Pages.Loginpage.verifyTitle(Loginpage.java:49)
at com.actitime.Pages.Loginpage.verifyTitle(Loginpage.java:49)
at com.actitime.Pages.Loginpage.verifyTitle(Loginpage.java:49)
at com.actitime.Pages.Loginpage.verifyTitle(Loginpage.java:49)
at com.actitime.Pages.Loginpage.verifyTitle(Loginpage.java:49)
at com.actitime.Pages.Loginpage.verifyTitle(Loginpage.java:49)
at com.actitime.Pages.Loginpage.verifyTitle(Loginpage.java:49)
at com.actitime.Pages.Loginpage.verifyTitle(Loginpage.java:49)
at com.actitime.Pages.Loginpage.verifyTitle(Loginpage.java:49)
at com.actitime.Pages.Loginpage.verifyTitle(Loginpage.java:49)
at com.actitime.Pages.Loginpage.verifyTitle(Loginpage.java:49)
at com.actitime.Pages.Loginpage.verifyTitle(Loginpage.java:49)
at com.actitime.Pages.Loginpage.verifyTitle(Loginpage.java:49)
at com.actitime.Pages.Loginpage.verifyTitle(Loginpage.java:49)
at com.actitime.Pages.Loginpage.verifyTitle(Loginpage.java:49)
at com.actitime.Pages.Loginpage.verifyTitle(Loginpage.java:49)
at com.actitime.Pages.Loginpage.verifyTitle(Loginpage.java:49)
at com.actitime.Pages.Loginpage.verifyTitle(Loginpage.java:49)
at com.actitime.Pages.Loginpage.verifyTitle(Loginpage.java:49)
at com.actitime.Pages.Loginpage.verifyTitle(Loginpage.java:49)
at com.actitime.Pages.Loginpage.verifyTitle(Loginpage.java:49)
at com.actitime.Pages.Loginpage.verifyTitle(Loginpage.java:49)
at com.actitime.Pages.Loginpage.verifyTitle(Loginpage.java:49)
at com.actitime.Pages.Loginpage.verifyTitle(Loginpage.java:49)
at com.actitime.Pages.Loginpage.verifyTitle(Loginpage.java:49)
at com.actitime.Pages.Loginpage.verifyTitle(Loginpage.java:49)
at com.actitime.Pages.Loginpage.verifyTitle(Loginpage.java:49)
at com.actitime.Pages.Loginpage.verifyTitle(Loginpage.java:49)
at com.actitime.Pages.Loginpage.verifyTitle(Loginpage.java:49)
at com.actitime.Pages.Loginpage.verifyTitle(Loginpage.java:49)
at com.actitime.Pages.Loginpage.verifyTitle(Loginpage.java:49)
at com.actitime.Pages.Loginpage.verifyTitle(Loginpage.java:49)
at com.actitime.Pages.Loginpage.verifyTitle(Loginpage.java:49)
at com.actitime.Pages.Loginpage.verifyTitle(Loginpage.java:49)
at com.actitime.Pages.Loginpage.verifyTitle(Loginpage.java:49)
at com.actitime.Pages.Loginpage.verifyTitle(Loginpage.java:49)
at com.actitime.Pages.Loginpage.verifyTitle(Loginpage.java:49)
at com.actitime.Pages.Loginpage.verifyTitle(Loginpage.java:49)
at com.actitime.Pages.Loginpage.verifyTitle(Loginpage.java:49)
at com.actitime.Pages.Loginpage.verifyTitle(Loginpage.java:49)
at com.actitime.Pages.Loginpage.verifyTitle(Loginpage.java:49)
at com.actitime.Pages.Loginpage.verifyTitle(Loginpage.java:49)
at com.actitime.Pages.Loginpage.verifyTitle(Loginpage.java:49)
at com.actitime.Pages.Loginpage.verifyTitle(Loginpage.java:49)
at com.actitime.Pages.Loginpage.verifyTitle(Loginpage.java:49)
at com.actitime.Pages.Loginpage.verifyTitle(Loginpage.java:49)
at com.actitime.Pages.Loginpage.verifyTitle(Loginpage.java:49)
at com.actitime.Pages.Loginpage.verifyTitle(Loginpage.java:49)
at com.actitime.Pages.Loginpage.verifyTitle(Loginpage.java:49)
at com.actitime.Pages.Loginpage.verifyTitle(Loginpage.java:49)
at com.actitime.Pages.Loginpage.verifyTitle(Loginpage.java:49)
at com.actitime.Pages.Loginpage.verifyTitle(Loginpage.java:49)
at com.actitime.Pages.Loginpage.verifyTitle(Loginpage.java:49)
at com.actitime.Pages.Loginpage.verifyTitle(Loginpage.java:49)
at com.actitime.Pages.Loginpage.verifyTitle(Loginpage.java:49)
at com.actitime.Pages.Loginpage.verifyTitle(Loginpage.java:49)
at com.actitime.Pages.Loginpage.verifyTitle(Loginpage.java:49)
at com.actitime.Pages.Loginpage.verifyTitle(Loginpage.java:49)
at com.actitime.Pages.Loginpage.verifyTitle(Loginpage.java:49)
at com.actitime.Pages.Loginpage.verifyTitle(Loginpage.java:49)
at com.actitime.Pages.Loginpage.verifyTitle(Loginpage.java:49)
at com.actitime.Pages.Loginpage.verifyTitle(Loginpage.java:49)
at com.actitime.Pages.Loginpage.verifyTitle(Loginpage.java:49)
at com.actitime.Pages.Loginpage.verifyTitle(Loginpage.java:49)
at com.actitime.Pages.Loginpage.verifyTitle(Loginpage.java:49)
at com.actitime.Pages.Loginpage.verifyTitle(Loginpage.java:49)
at com.actitime.Pages.Loginpage.verifyTitle(Loginpage.java:49)
at com.actitime.Pages.Loginpage.verifyTitle(Loginpage.java:49)
at com.actitime.Pages.Loginpage.verifyTitle(Loginpage.java:49)
at com.actitime.Pages.Loginpage.verifyTitle(Loginpage.java:49)
at com.actitime.Pages.Loginpage.verifyTitle(Loginpage.java:49)
at com.actitime.Pages.Loginpage.verifyTitle(Loginpage.java:49)
at com.actitime.Pages.Loginpage.verifyTitle(Loginpage.java:49)
at com.actitime.Pages.Loginpage.verifyTitle(Loginpage.java:49)
at com.actitime.Pages.Loginpage.verifyTitle(Loginpage.java:49)
at com.actitime.Pages.Loginpage.verifyTitle(Loginpage.java:49)
at com.actitime.Pages.Loginpage.verifyTitle(Loginpage.java:49)
at com.actitime.Pages.Loginpage.verifyTitle(Loginpage.java:49)
at com.actitime.Pages.Loginpage.verifyTitle(Loginpage.java:49)
at com.actitime.Pages.Loginpage.verifyTitle(Loginpage.java:49)
at com.actitime.Pages.Loginpage.verifyTitle(Loginpage.java:49)
at com.actitime.Pages.Loginpage.verifyTitle(Loginpage.java:49)
at com.actitime.Pages.Loginpage.verifyTitle(Loginpage.java:49)
at com.actitime.Pages.Loginpage.verifyTitle(Loginpage.java:49)
at com.actitime.Pages.Loginpage.verifyTitle(Loginpage.java:49)
at com.actitime.Pages.Loginpage.verifyTitle(Loginpage.java:49)
at com.actitime.Pages.Loginpage.verifyTitle(Loginpage.java:49)
at com.actitime.Pages.Loginpage.verifyTitle(Loginpage.java:49)
at com.actitime.Pages.Loginpage.verifyTitle(Loginpage.java:49)
at com.actitime.Pages.Loginpage.verifyTitle(Loginpage.java:49)
at com.actitime.Pages.Loginpage.verifyTitle(Loginpage.java:49)
at com.actitime.Pages.Loginpage.verifyTitle(Loginpage.java:49)
at com.actitime.Pages.Loginpage.verifyTitle(Loginpage.java:49)
at com.actitime.Pages.Loginpage.verifyTitle(Loginpage.java:49)
at com.actitime.Pages.Loginpage.verifyTitle(Loginpage.java:49)
at com.actitime.Pages.Loginpage.verifyTitle(Loginpage.java:49)
at com.actitime.Pages.Loginpage.verifyTitle(Loginpage.java:49)
at com.actitime.Pages.Loginpage.verifyTitle(Loginpage.java:49)
at com.actitime.Pages.Loginpage.verifyTitle(Loginpage.java:49)
at com.actitime.Pages.Loginpage.verifyTitle(Loginpage.java:49)
at com.actitime.Pages.Loginpage.verifyTitle(Loginpage.java:49)
at com.actitime.Pages.Loginpage.verifyTitle(Loginpage.java:49)
at com.actitime.Pages.Loginpage.verifyTitle(Loginpage.java:49)
at com.actitime.Pages.Loginpage.verifyTitle(Loginpage.java:49)
at com.actitime.Pages.Loginpage.verifyTitle(Loginpage.java:49)
at com.actitime.Pages.Loginpage.verifyTitle(Loginpage.java:49)
at com.actitime.Pages.Loginpage.verifyTitle(Loginpage.java:49)
at com.actitime.Pages.Loginpage.verifyTitle(Loginpage.java:49)
at com.actitime.Pages.Loginpage.verifyTitle(Loginpage.java:49)
at com.actitime.Pages.Loginpage.verifyTitle(Loginpage.java:49)
at com.actitime.Pages.Loginpage.verifyTitle(Loginpage.java:49)
at com.actitime.Pages.Loginpage.verifyTitle(Loginpage.java:49)
at com.actitime.Pages.Loginpage.verifyTitle(Loginpage.java:49)
at com.actitime.Pages.Loginpage.verifyTitle(Loginpage.java:49)
at com.actitime.Pages.Loginpage.verifyTitle(Loginpage.java:49)
at com.actitime.Pages.Loginpage.verifyTitle(Loginpage.java:49)
at com.actitime.Pages.Loginpage.verifyTitle(Loginpage.java:49)
at com.actitime.Pages.Loginpage.verifyTitle(Loginpage.java:49)
at com.actitime.Pages.Loginpage.verifyTitle(Loginpage.java:49)
at com.actitime.Pages.Loginpage.verifyTitle(Loginpage.java:49)
at com.actitime.Pages.Loginpage.verifyTitle(Loginpage.java:49)
at com.actitime.Pages.Loginpage.verifyTitle(Loginpage.java:49)
at com.actitime.Pages.Loginpage.verifyTitle(Loginpage.java:49)
at com.actitime.Pages.Loginpage.verifyTitle(Loginpage.java:49)
at com.actitime.Pages.Loginpage.verifyTitle(Loginpage.java:49)
at com.actitime.Pages.Loginpage.verifyTitle(Loginpage.java:49)
at com.actitime.Pages.Loginpage.verifyTitle(Loginpage.java:49)
at com.actitime.Pages.Loginpage.verifyTitle(Loginpage.java:49)
at com.actitime.Pages.Loginpage.verifyTitle(Loginpage.java:49)
at com.actitime.Pages.Loginpage.verifyTitle(Loginpage.java:49)
at com.actitime.Pages.Loginpage.verifyTitle(Loginpage.java:49)
at com.actitime.Pages.Loginpage.verifyTitle(Loginpage.java:49)
at com.actitime.Pages.Loginpage.verifyTitle(Loginpage.java:49)
at com.actitime.Pages.Loginpage.verifyTitle(Loginpage.java:49)
at com.actitime.Pages.Loginpage.verifyTitle(Loginpage.java:49)
at com.actitime.Pages.Loginpage.verifyTitle(Loginpage.java:49)
at com.actitime.Pages.Loginpage.verifyTitle(Loginpage.java:49)
at com.actitime.Pages.Loginpage.verifyTitle(Loginpage.java:49)
at com.actitime.Pages.Loginpage.verifyTitle(Loginpage.java:49)
at com.actitime.Pages.Loginpage.verifyTitle(Loginpage.java:49)
at com.actitime.Pages.Loginpage.verifyTitle(Loginpage.java:49)
at com.actitime.Pages.Loginpage.verifyTitle(Loginpage.java:49)
at com.actitime.Pages.Loginpage.verifyTitle(Loginpage.java:49)
at com.actitime.Pages.Loginpage.verifyTitle(Loginpage.java:49)
at com.actitime.Pages.Loginpage.verifyTitle(Loginpage.java:49)
at com.actitime.Pages.Loginpage.verifyTitle(Loginpage.java:49)
at com.actitime.Pages.Loginpage.verifyTitle(Loginpage.java:49)
at com.actitime.Pages.Loginpage.verifyTitle(Loginpage.java:49)
at com.actitime.Pages.Loginpage.verifyTitle(Loginpage.java:49)
at com.actitime.Pages.Loginpage.verifyTitle(Loginpage.java:49)
at com.actitime.Pages.Loginpage.verifyTitle(Loginpage.java:49)
at com.actitime.Pages.Loginpage.verifyTitle(Loginpage.java:49)
at com.actitime.Pages.Loginpage.verifyTitle(Loginpage.java:49)
at com.actitime.Pages.Loginpage.verifyTitle(Loginpage.java:49)
at com.actitime.Pages.Loginpage.verifyTitle(Loginpage.java:49)
at com.actitime.Pages.Loginpage.verifyTitle(Loginpage.java:49)
at com.actitime.Pages.Loginpage.verifyTitle(Loginpage.java:49)
at com.actitime.Pages.Loginpage.verifyTitle(Loginpage.java:49)
at com.actitime.Pages.Loginpage.verifyTitle(Loginpage.java:49)
at com.actitime.Pages.Loginpage.verifyTitle(Loginpage.java:49)
at com.actitime.Pages.Loginpage.verifyTitle(Loginpage.java:49)
at com.actitime.Pages.Loginpage.verifyTitle(Loginpage.java:49)
at com.actitime.Pages.Loginpage.verifyTitle(Loginpage.java:49)
at com.actitime.Pages.Loginpage.verifyTitle(Loginpage.java:49)
at com.actitime.Pages.Loginpage.verifyTitle(Loginpage.java:49)
at com.actitime.Pages.Loginpage.verifyTitle(Loginpage.java:49)
at com.actitime.Pages.Loginpage.verifyTitle(Loginpage.java:49)
at com.actitime.Pages.Loginpage.verifyTitle(Loginpage.java:49)
at com.actitime.Pages.Loginpage.verifyTitle(Loginpage.java:49)
at com.actitime.Pages.Loginpage.verifyTitle(Loginpage.java:49)
at com.actitime.Pages.Loginpage.verifyTitle(Loginpage.java:49)
at com.actitime.Pages.Loginpage.verifyTitle(Loginpage.java:49)
at com.actitime.Pages.Loginpage.verifyTitle(Loginpage.java:49)
at com.actitime.Pages.Loginpage.verifyTitle(Loginpage.java:49)
at com.actitime.Pages.Loginpage.verifyTitle(Loginpage.java:49)
at com.actitime.Pages.Loginpage.verifyTitle(Loginpage.java:49)
at com.actitime.Pages.Loginpage.verifyTitle(Loginpage.java:49)
at com.actitime.Pages.Loginpage.verifyTitle(Loginpage.java:49)
at com.actitime.Pages.Loginpage.verifyTitle(Loginpage.java:49)
at com.actitime.Pages.Loginpage.verifyTitle(Loginpage.java:49)
at com.actitime.Pages.Loginpage.verifyTitle(Loginpage.java:49)
at com.actitime.Pages.Loginpage.verifyTitle(Loginpage.java:49)
at com.actitime.Pages.Loginpage.verifyTitle(Loginpage.java:49)
at com.actitime.Pages.Loginpage.verifyTitle(Loginpage.java:49)
at com.actitime.Pages.Loginpage.verifyTitle(Loginpage.java:49)
at com.actitime.Pages.Loginpage.verifyTitle(Loginpage.java:49)
at com.actitime.Pages.Loginpage.verifyTitle(Loginpage.java:49)
at com.actitime.Pages.Loginpage.verifyTitle(Loginpage.java:49)
at com.actitime.Pages.Loginpage.verifyTitle(Loginpage.java:49)
at com.actitime.Pages.Loginpage.verifyTitle(Loginpage.java:49)
at com.actitime.Pages.Loginpage.verifyTitle(Loginpage.java:49)
at com.actitime.Pages.Loginpage.verifyTitle(Loginpage.java:49)
at com.actitime.Pages.Loginpage.verifyTitle(Loginpage.java:49)
at com.actitime.Pages.Loginpage.verifyTitle(Loginpage.java:49)
at com.actitime.Pages.Loginpage.verifyTitle(Loginpage.java:49)
at com.actitime.Pages.Loginpage.verifyTitle(Loginpage.java:49)
at com.actitime.Pages.Loginpage.verifyTitle(Loginpage.java:49)
at com.actitime.Pages.Loginpage.verifyTitle(Loginpage.java:49)
at com.actitime.Pages.Loginpage.verifyTitle(Loginpage.java:49)
at com.actitime.Pages.Loginpage.verifyTitle(Loginpage.java:49)
at com.actitime.Pages.Loginpage.verifyTitle(Loginpage.java:49)
at com.actitime.Pages.Loginpage.verifyTitle(Loginpage.java:49)
at com.actitime.Pages.Loginpage.verifyTitle(Loginpage.java:49)
at com.actitime.Pages.Loginpage.verifyTitle(Loginpage.java:49)
at com.actitime.Pages.Loginpage.verifyTitle(Loginpage.java:49)
at com.actitime.Pages.Loginpage.verifyTitle(Loginpage.java:49)
at com.actitime.Pages.Loginpage.verifyTitle(Loginpage.java:49)
at com.actitime.Pages.Loginpage.verifyTitle(Loginpage.java:49)
at com.actitime.Pages.Loginpage.verifyTitle(Loginpage.java:49)
at com.actitime.Pages.Loginpage.verifyTitle(Loginpage.java:49)
at com.actitime.Pages.Loginpage.verifyTitle(Loginpage.java:49)
at com.actitime.Pages.Loginpage.verifyTitle(Loginpage.java:49)
at com.actitime.Pages.Loginpage.verifyTitle(Loginpage.java:49)
at com.actitime.Pages.Loginpage.verifyTitle(Loginpage.java:49)
at com.actitime.Pages.Loginpage.verifyTitle(Loginpage.java:49)
at com.actitime.Pages.Loginpage.verifyTitle(Loginpage.java:49)
at com.actitime.Pages.Loginpage.verifyTitle(Loginpage.java:49)
at com.actitime.Pages.Loginpage.verifyTitle(Loginpage.java:49)
at com.actitime.Pages.Loginpage.verifyTitle(Loginpage.java:49)
at com.actitime.Pages.Loginpage.verifyTitle(Loginpage.java:49)
at com.actitime.Pages.Loginpage.verifyTitle(Loginpage.java:49)
at com.actitime.Pages.Loginpage.verifyTitle(Loginpage.java:49)
at com.actitime.Pages.Loginpage.verifyTitle(Loginpage.java:49)
at com.actitime.Pages.Loginpage.verifyTitle(Loginpage.java:49)
at com.actitime.Pages.Loginpage.verifyTitle(Loginpage.java:49)
at com.actitime.Pages.Loginpage.verifyTitle(Loginpage.java:49)
at com.actitime.Pages.Loginpage.verifyTitle(Loginpage.java:49)
at com.actitime.Pages.Loginpage.verifyTitle(Loginpage.java:49)
at com.actitime.Pages.Loginpage.verifyTitle(Loginpage.java:49)
at com.actitime.Pages.Loginpage.verifyTitle(Loginpage.java:49)
at com.actitime.Pages.Loginpage.verifyTitle(Loginpage.java:49)
at com.actitime.Pages.Loginpage.verifyTitle(Loginpage.java:49)
at com.actitime.Pages.Loginpage.verifyTitle(Loginpage.java:49)
at com.actitime.Pages.Loginpage.verifyTitle(Loginpage.java:49)
at com.actitime.Pages.Loginpage.verifyTitle(Loginpage.java:49)
at com.actitime.Pages.Loginpage.verifyTitle(Loginpage.java:49)
at com.actitime.Pages.Loginpage.verifyTitle(Loginpage.java:49)
at com.actitime.Pages.Loginpage.verifyTitle(Loginpage.java:49)
at com.actitime.Pages.Loginpage.verifyTitle(Loginpage.java:49)
at com.actitime.Pages.Loginpage.verifyTitle(Loginpage.java:49)
at com.actitime.Pages.Loginpage.verifyTitle(Loginpage.java:49)
at com.actitime.Pages.Loginpage.verifyTitle(Loginpage.java:49)
at com.actitime.Pages.Loginpage.verifyTitle(Loginpage.java:49)
at com.actitime.Pages.Loginpage.verifyTitle(Loginpage.java:49)
at com.actitime.Pages.Loginpage.verifyTitle(Loginpage.java:49)
at com.actitime.Pages.Loginpage.verifyTitle(Loginpage.java:49)
at com.actitime.Pages.Loginpage.verifyTitle(Loginpage.java:49)
at com.actitime.Pages.Loginpage.verifyTitle(Loginpage.java:49)
at com.actitime.Pages.Loginpage.verifyTitle(Loginpage.java:49)
at com.actitime.Pages.Loginpage.verifyTitle(Loginpage.java:49)
at com.actitime.Pages.Loginpage.verifyTitle(Loginpage.java:49)
at com.actitime.Pages.Loginpage.verifyTitle(Loginpage.java:49)
at com.actitime.Pages.Loginpage.verifyTitle(Loginpage.java:49)
at com.actitime.Pages.Loginpage.verifyTitle(Loginpage.java:49)
at com.actitime.Pages.Loginpage.verifyTitle(Loginpage.java:49)
at com.actitime.Pages.Loginpage.verifyTitle(Loginpage.java:49)
at com.actitime.Pages.Loginpage.verifyTitle(Loginpage.java:49)
at com.actitime.Pages.Loginpage.verifyTitle(Loginpage.java:49)
at com.actitime.Pages.Loginpage.verifyTitle(Loginpage.java:49)
at com.actitime.Pages.Loginpage.verifyTitle(Loginpage.java:49)
at com.actitime.Pages.Loginpage.verifyTitle(Loginpage.java:49)
at com.actitime.Pages.Loginpage.verifyTitle(Loginpage.java:49)
at com.actitime.Pages.Loginpage.verifyTitle(Loginpage.java:49)
at com.actitime.Pages.Loginpage.verifyTitle(Loginpage.java:49)
at com.actitime.Pages.Loginpage.verifyTitle(Loginpage.java:49)
at com.actitime.Pages.Loginpage.verifyTitle(Loginpage.java:49)
at com.actitime.Pages.Loginpage.verifyTitle(Loginpage.java:49)
at com.actitime.Pages.Loginpage.verifyTitle(Loginpage.java:49)
at com.actitime.Pages.Loginpage.verifyTitle(Loginpage.java:49)
at com.actitime.Pages.Loginpage.verifyTitle(Loginpage.java:49)
at com.actitime.Pages.Loginpage.verifyTitle(Loginpage.java:49)
at com.actitime.Pages.Loginpage.verifyTitle(Loginpage.java:49)
]]>
            </full-stacktrace>
          </exception> <!-- java.lang.StackOverflowError -->
          <reporter-output>
          </reporter-output>
        </test-method> <!-- itestvalidloginlogout -->
        <test-method status="PASS" signature="postcondition(org.testng.ITestResult)[pri:0, instance:com.actitime.tests.validloginlogout@3cef309d]" name="postcondition" is-config="true" duration-ms="775" started-at="2020-01-08T11:56:48 IST" finished-at="2020-01-08T11:56:49 IST">
          <params>
            <param index="0">
              <value>
                <![CDATA[[TestResult name=itestvalidloginlogout status=FAILURE method=validloginlogout.itestvalidloginlogout()[pri:1, instance:com.actitime.tests.validloginlogout@3cef309d] output={null}]]]>
              </value>
            </param>
          </params>
          <reporter-output>
          </reporter-output>
        </test-method> <!-- postcondition -->
      </class> <!-- com.actitime.tests.validloginlogout -->
    </test> <!-- Test -->
  </suite> <!-- Suite -->
</testng-results>
